inference /nancy/projects/reward_competition_ephys_analysis_with_omission_and_divider_controls/results/2023_05_17_sleap_analysis/data/reencoded_videos
/nancy/projects/reward_competition_ephys_analysis_with_omission_and_divider_controls/results/2023_05_17_sleap_analysis/data/reencoded_videos/20221202_134600_omission_and_competition_subject_6_1_and_6_2.1.fixed.mp4
Started inference at: 2023-05-18 11:14:14.356505
Args:
{
│   'data_path': '/nancy/projects/reward_competition_ephys_analysis_with_omission_and_divider_controls/results/2023_05_17_sleap_analysis/data/reencoded_videos/20221202_134600_omission_and_competition_subject_6_1_and_6_2.1.fixed.mp4',
│   'models': [
│   │   '/nancy/projects/reward_competition_ephys_analysis_with_omission_and_divider_controls/results/2023_05_17_sleap_analysis/models/baseline_medium_rf.bottomup'
│   ],
│   'frames': '',
│   'only_labeled_frames': False,
│   'only_suggested_frames': False,
│   'output': '/nancy/projects/reward_competition_ephys_analysis_with_omission_and_divider_controls/results/2023_05_17_sleap_analysis/proc/predicted_frames/2_subj/20221202_134600_omission_and_competition_subject_6_1_and_6_2.1.fixed.2_subj.predictions.slp',
│   'no_empty_frames': False,
│   'verbosity': 'rich',
│   'video.dataset': None,
│   'video.input_format': 'channels_last',
│   'video.index': '',
│   'cpu': False,
│   'first_gpu': False,
│   'last_gpu': False,
│   'gpu': 'auto',
│   'max_edge_length_ratio': 0.25,
│   'dist_penalty_weight': 1.0,
│   'batch_size': 4,
│   'open_in_gui': False,
│   'peak_threshold': 0.2,
│   'tracking.tracker': 'flow',
│   'tracking.target_instance_count': 2,
│   'tracking.pre_cull_to_target': None,
│   'tracking.pre_cull_iou_threshold': None,
│   'tracking.post_connect_single_breaks': None,
│   'tracking.clean_instance_count': 2,
│   'tracking.clean_iou_threshold': None,
│   'tracking.similarity': 'iou',
│   'tracking.match': 'greedy',
│   'tracking.track_window': None,
│   'tracking.min_new_track_points': None,
│   'tracking.min_match_points': None,
│   'tracking.img_scale': None,
│   'tracking.of_window_size': None,
│   'tracking.of_max_levels': None,
│   'tracking.save_shifted_instances': None,
│   'tracking.kf_node_indices': None,
│   'tracking.kf_init_frame_count': None
}

INFO:sleap.nn.inference:Auto-selected GPU 0 with 11006 MiB of free memory.
Versions:
SLEAP: 1.2.9
TensorFlow: 2.6.3
Numpy: 1.19.5
Python: 3.7.12
OS: Linux-5.15.0-71-generic-x86_64-with-debian-bullseye-sid

System:
GPUs: 1/1 available
  Device: /physical_device:GPU:0
         Available: True
        Initalized: False
     Memory growth: True

Video: /nancy/projects/reward_competition_ephys_analysis_with_omission_and_divider_controls/results/2023_05_17_sleap_analysis/data/reencoded_videos/20221202_134600_omission_and_competition_subject_6_1_and_6_2.1.fixed.mp4
Predicting... ━━━━━━━━━━━━━━━━━━━━━━━━━━━━━━━━━━━━━━━━ 100% ETA: 0:00:00 2.2 FPS
Finished inference at: 2023-05-18 12:24:27.882621
Total runtime: 4213.526131629944 secs
Predicted frames: 83387/83387
Provenance:
{
│   'model_paths': [
│   │   '/nancy/projects/reward_competition_ephys_analysis_with_omission_and_divider_controls/results/2023_05_17_sleap_analysis/models/baseline_medium_rf.bottomup/training_config.json'
│   ],
│   'predictor': 'BottomUpPredictor',
│   'sleap_version': '1.2.9',
│   'platform': 'Linux-5.15.0-71-generic-x86_64-with-debian-bullseye-sid',
│   'command': '/nancy/projects/reward_competition_ephys_analysis_with_omission_and_divider_controls/bin/conda_environment/sleap_1_2_9_env/bin/sleap-track /nancy/projects/reward_competition_ephys_analysis_with_omission_and_divider_controls/results/2023_05_17_sleap_analysis/data/reencoded_videos/20221202_134600_omission_and_competition_subject_6_1_and_6_2.1.fixed.mp4 --tracking.tracker flow --tracking.similarity iou --tracking.match greedy --tracking.clean_instance_count 2 --tracking.target_instance_count 2 -m /nancy/projects/reward_competition_ephys_analysis_with_omission_and_divider_controls/results/2023_05_17_sleap_analysis/models/baseline_medium_rf.bottomup -o /nancy/projects/reward_competition_ephys_analysis_with_omission_and_divider_controls/results/2023_05_17_sleap_analysis/proc/predicted_frames/2_subj/20221202_134600_omission_and_competition_subject_6_1_and_6_2.1.fixed.2_subj.predictions.slp',
│   'data_path': '/nancy/projects/reward_competition_ephys_analysis_with_omission_and_divider_controls/results/2023_05_17_sleap_analysis/data/reencoded_videos/20221202_134600_omission_and_competition_subject_6_1_and_6_2.1.fixed.mp4',
│   'output_path': '/nancy/projects/reward_competition_ephys_analysis_with_omission_and_divider_controls/results/2023_05_17_sleap_analysis/proc/predicted_frames/2_subj/20221202_134600_omission_and_competition_subject_6_1_and_6_2.1.fixed.2_subj.predictions.slp',
│   'total_elapsed': 4213.526131629944,
│   'start_timestamp': '2023-05-18 11:14:14.356505',
│   'finish_timestamp': '2023-05-18 12:24:27.882621'
}

Saved output: /nancy/projects/reward_competition_ephys_analysis_with_omission_and_divider_controls/results/2023_05_17_sleap_analysis/proc/predicted_frames/2_subj/20221202_134600_omission_and_competition_subject_6_1_and_6_2.1.fixed.2_subj.predictions.slp
rendering /nancy/projects/reward_competition_ephys_analysis_with_omission_and_divider_controls/results/2023_05_17_sleap_analysis/data/reencoded_videos
/nancy/projects/reward_competition_ephys_analysis_with_omission_and_divider_controls/results/2023_05_17_sleap_analysis/proc/predicted_frames/2_subj/20221202_134600_omission_and_competition_subject_6_1_and_6_2.1.fixed.2_subj.predictions.slp
Saving config: /home/riwata/.sleap/1.2.9/preferences.yaml
Writing video with 80406 frame images...
INFO:sleap.io.visuals:Chunks: 1257, chunk size: 64
Finished 64 frames in 2.1 s, fps = 30, approx 2671.9 s remaining
Finished 128 frames in 3.0 s, fps = 43, approx 1863.6 s remaining
Finished 192 frames in 4.0 s, fps = 48, approx 1672.3 s remaining
Finished 256 frames in 5.0 s, fps = 51, approx 1576.9 s remaining
Finished 320 frames in 6.1 s, fps = 53, approx 1523.4 s remaining
Finished 384 frames in 7.2 s, fps = 53, approx 1497.2 s remaining
Finished 448 frames in 8.3 s, fps = 54, approx 1483.7 s remaining
Finished 512 frames in 9.5 s, fps = 54, approx 1484.9 s remaining
Finished 576 frames in 10.7 s, fps = 54, approx 1480.5 s remaining
Finished 640 frames in 11.7 s, fps = 55, approx 1462.2 s remaining
Finished 704 frames in 12.7 s, fps = 55, approx 1441.5 s remaining
Finished 768 frames in 13.8 s, fps = 56, approx 1430.3 s remaining
Finished 832 frames in 14.9 s, fps = 56, approx 1424.6 s remaining
Finished 896 frames in 16.0 s, fps = 56, approx 1417.7 s remaining
Finished 960 frames in 17.1 s, fps = 56, approx 1411.4 s remaining
Finished 1024 frames in 18.1 s, fps = 57, approx 1399.5 s remaining
Finished 1088 frames in 19.1 s, fps = 57, approx 1391.6 s remaining
Finished 1152 frames in 20.2 s, fps = 57, approx 1386.5 s remaining
Finished 1216 frames in 21.3 s, fps = 57, approx 1384.5 s remaining
Finished 1280 frames in 22.2 s, fps = 58, approx 1374.4 s remaining
Finished 1344 frames in 23.3 s, fps = 58, approx 1370.6 s remaining
Finished 1408 frames in 24.4 s, fps = 58, approx 1367.7 s remaining
Finished 1472 frames in 25.4 s, fps = 58, approx 1363.7 s remaining
Finished 1536 frames in 26.4 s, fps = 58, approx 1356.8 s remaining
Finished 1600 frames in 27.5 s, fps = 58, approx 1353.8 s remaining
Finished 1664 frames in 28.5 s, fps = 58, approx 1349.9 s remaining
Finished 1728 frames in 29.6 s, fps = 58, approx 1346.1 s remaining
Finished 1792 frames in 30.6 s, fps = 59, approx 1343.7 s remaining
Finished 1856 frames in 31.7 s, fps = 59, approx 1342.2 s remaining
Finished 1920 frames in 32.8 s, fps = 58, approx 1342.3 s remaining
Finished 1984 frames in 33.8 s, fps = 59, approx 1336.1 s remaining
Finished 2048 frames in 34.9 s, fps = 59, approx 1335.8 s remaining
Finished 2112 frames in 36.0 s, fps = 59, approx 1335.3 s remaining
Finished 2176 frames in 37.1 s, fps = 59, approx 1332.9 s remaining
Finished 2240 frames in 38.1 s, fps = 59, approx 1330.3 s remaining
Finished 2304 frames in 39.2 s, fps = 59, approx 1327.5 s remaining
Finished 2368 frames in 40.3 s, fps = 59, approx 1327.9 s remaining
Finished 2432 frames in 41.4 s, fps = 59, approx 1328.6 s remaining
Finished 2496 frames in 42.5 s, fps = 59, approx 1326.0 s remaining
Finished 2560 frames in 43.6 s, fps = 59, approx 1325.3 s remaining
Finished 2624 frames in 44.6 s, fps = 59, approx 1321.6 s remaining
Finished 2688 frames in 45.6 s, fps = 59, approx 1319.3 s remaining
Finished 2752 frames in 46.7 s, fps = 59, approx 1317.6 s remaining
Finished 2816 frames in 47.7 s, fps = 59, approx 1314.5 s remaining
Finished 2880 frames in 48.8 s, fps = 59, approx 1313.5 s remaining
Finished 2944 frames in 50.0 s, fps = 59, approx 1315.0 s remaining
Finished 3008 frames in 51.0 s, fps = 59, approx 1312.8 s remaining
Finished 3072 frames in 52.0 s, fps = 59, approx 1309.1 s remaining
Finished 3136 frames in 53.1 s, fps = 59, approx 1308.8 s remaining
Finished 3200 frames in 54.2 s, fps = 59, approx 1306.7 s remaining
Finished 3264 frames in 55.1 s, fps = 59, approx 1303.4 s remaining
Finished 3328 frames in 56.2 s, fps = 59, approx 1301.8 s remaining
Finished 3392 frames in 57.2 s, fps = 59, approx 1298.8 s remaining
Finished 3456 frames in 58.3 s, fps = 59, approx 1298.9 s remaining
Finished 3520 frames in 59.3 s, fps = 59, approx 1294.5 s remaining
Finished 3584 frames in 60.4 s, fps = 59, approx 1294.6 s remaining
Finished 3648 frames in 61.4 s, fps = 59, approx 1291.4 s remaining
Finished 3712 frames in 62.4 s, fps = 59, approx 1290.2 s remaining
Finished 3776 frames in 63.6 s, fps = 59, approx 1290.2 s remaining
Finished 3840 frames in 64.6 s, fps = 59, approx 1287.9 s remaining
Finished 3904 frames in 65.7 s, fps = 59, approx 1287.0 s remaining
Finished 3968 frames in 66.8 s, fps = 59, approx 1286.1 s remaining
Finished 4032 frames in 67.9 s, fps = 59, approx 1285.4 s remaining
Finished 4096 frames in 68.9 s, fps = 59, approx 1283.6 s remaining
Finished 4160 frames in 70.0 s, fps = 59, approx 1282.5 s remaining
Finished 4224 frames in 71.0 s, fps = 60, approx 1280.1 s remaining
Finished 4288 frames in 72.0 s, fps = 60, approx 1278.4 s remaining
Finished 4352 frames in 73.2 s, fps = 59, approx 1278.8 s remaining
Finished 4416 frames in 74.2 s, fps = 59, approx 1277.4 s remaining
Finished 4480 frames in 75.4 s, fps = 59, approx 1277.6 s remaining
Finished 4544 frames in 76.4 s, fps = 59, approx 1276.3 s remaining
Finished 4608 frames in 77.5 s, fps = 59, approx 1275.1 s remaining
Finished 4672 frames in 78.6 s, fps = 59, approx 1273.5 s remaining
Finished 4736 frames in 79.6 s, fps = 59, approx 1272.4 s remaining
Finished 4800 frames in 80.6 s, fps = 60, approx 1269.8 s remaining
Finished 4864 frames in 81.7 s, fps = 60, approx 1268.4 s remaining
Finished 4928 frames in 82.8 s, fps = 60, approx 1267.7 s remaining
Finished 4992 frames in 83.7 s, fps = 60, approx 1264.8 s remaining
Finished 5056 frames in 84.8 s, fps = 60, approx 1264.5 s remaining
Finished 5120 frames in 85.8 s, fps = 60, approx 1261.9 s remaining
Finished 5184 frames in 87.0 s, fps = 60, approx 1261.7 s remaining
Finished 5248 frames in 88.1 s, fps = 60, approx 1262.2 s remaining
Finished 5312 frames in 89.2 s, fps = 60, approx 1260.5 s remaining
Finished 5376 frames in 90.2 s, fps = 60, approx 1259.0 s remaining
Finished 5440 frames in 91.3 s, fps = 60, approx 1257.8 s remaining
Finished 5504 frames in 92.3 s, fps = 60, approx 1255.8 s remaining
Finished 5568 frames in 93.3 s, fps = 60, approx 1254.6 s remaining
Finished 5632 frames in 94.4 s, fps = 60, approx 1253.3 s remaining
Finished 5696 frames in 95.4 s, fps = 60, approx 1251.6 s remaining
Finished 5760 frames in 96.6 s, fps = 60, approx 1251.7 s remaining
Finished 5824 frames in 97.5 s, fps = 60, approx 1248.9 s remaining
Finished 5888 frames in 98.6 s, fps = 60, approx 1247.9 s remaining
Finished 5952 frames in 99.6 s, fps = 60, approx 1246.4 s remaining
Finished 6016 frames in 100.7 s, fps = 60, approx 1245.4 s remaining
Finished 6080 frames in 101.7 s, fps = 60, approx 1243.7 s remaining
Finished 6144 frames in 102.7 s, fps = 60, approx 1241.8 s remaining
Finished 6208 frames in 103.9 s, fps = 60, approx 1241.4 s remaining
Finished 6272 frames in 104.9 s, fps = 60, approx 1239.5 s remaining
Finished 6336 frames in 105.9 s, fps = 60, approx 1237.9 s remaining
Finished 6400 frames in 106.9 s, fps = 60, approx 1236.3 s remaining
Finished 6464 frames in 108.0 s, fps = 60, approx 1235.0 s remaining
Finished 6528 frames in 109.0 s, fps = 60, approx 1233.2 s remaining
Finished 6592 frames in 110.0 s, fps = 60, approx 1231.8 s remaining
Finished 6656 frames in 111.1 s, fps = 60, approx 1230.6 s remaining
Finished 6720 frames in 112.1 s, fps = 60, approx 1229.4 s remaining
Finished 6784 frames in 113.2 s, fps = 60, approx 1228.5 s remaining
Finished 6848 frames in 114.2 s, fps = 60, approx 1226.5 s remaining
Finished 6912 frames in 115.2 s, fps = 60, approx 1225.2 s remaining
Finished 6976 frames in 116.3 s, fps = 60, approx 1224.4 s remaining
Finished 7040 frames in 117.3 s, fps = 60, approx 1222.8 s remaining
Finished 7104 frames in 118.4 s, fps = 60, approx 1221.5 s remaining
Finished 7168 frames in 119.4 s, fps = 60, approx 1220.3 s remaining
Finished 7232 frames in 120.5 s, fps = 60, approx 1219.4 s remaining
Finished 7296 frames in 121.7 s, fps = 60, approx 1219.6 s remaining
Finished 7360 frames in 122.7 s, fps = 60, approx 1218.0 s remaining
Finished 7424 frames in 123.7 s, fps = 60, approx 1216.5 s remaining
Finished 7488 frames in 124.8 s, fps = 60, approx 1215.1 s remaining
Finished 7552 frames in 125.8 s, fps = 60, approx 1213.6 s remaining
Finished 7616 frames in 126.9 s, fps = 60, approx 1212.8 s remaining
Finished 7680 frames in 128.0 s, fps = 60, approx 1211.9 s remaining
Finished 7744 frames in 129.1 s, fps = 60, approx 1211.0 s remaining
Finished 7808 frames in 130.1 s, fps = 60, approx 1209.7 s remaining
Finished 7872 frames in 131.1 s, fps = 60, approx 1208.0 s remaining
Finished 7936 frames in 132.1 s, fps = 60, approx 1206.6 s remaining
Finished 8000 frames in 133.2 s, fps = 60, approx 1205.8 s remaining
Finished 8064 frames in 134.3 s, fps = 60, approx 1204.5 s remaining
Finished 8128 frames in 135.3 s, fps = 60, approx 1203.5 s remaining
Finished 8192 frames in 136.4 s, fps = 60, approx 1202.6 s remaining
Finished 8256 frames in 137.4 s, fps = 60, approx 1200.7 s remaining
Finished 8320 frames in 138.4 s, fps = 60, approx 1199.3 s remaining
Finished 8384 frames in 139.5 s, fps = 60, approx 1198.0 s remaining
Finished 8448 frames in 140.5 s, fps = 60, approx 1197.0 s remaining
Finished 8512 frames in 141.6 s, fps = 60, approx 1195.6 s remaining
Finished 8576 frames in 142.6 s, fps = 60, approx 1194.3 s remaining
Finished 8640 frames in 143.6 s, fps = 60, approx 1193.0 s remaining
Finished 8704 frames in 144.7 s, fps = 60, approx 1191.6 s remaining
Finished 8768 frames in 145.7 s, fps = 60, approx 1190.7 s remaining
Finished 8832 frames in 146.8 s, fps = 60, approx 1189.7 s remaining
Finished 8896 frames in 147.9 s, fps = 60, approx 1188.7 s remaining
Finished 8960 frames in 148.9 s, fps = 60, approx 1187.5 s remaining
Finished 9024 frames in 150.1 s, fps = 60, approx 1187.3 s remaining
Finished 9088 frames in 151.1 s, fps = 60, approx 1185.9 s remaining
Finished 9152 frames in 152.2 s, fps = 60, approx 1184.7 s remaining
Finished 9216 frames in 153.2 s, fps = 60, approx 1183.3 s remaining
Finished 9280 frames in 154.2 s, fps = 60, approx 1182.1 s remaining
Finished 9344 frames in 155.4 s, fps = 60, approx 1181.6 s remaining
Finished 9408 frames in 156.4 s, fps = 60, approx 1180.4 s remaining
Finished 9472 frames in 157.5 s, fps = 60, approx 1179.4 s remaining
Finished 9536 frames in 158.6 s, fps = 60, approx 1178.6 s remaining
Finished 9600 frames in 159.6 s, fps = 60, approx 1177.0 s remaining
Finished 9664 frames in 160.7 s, fps = 60, approx 1176.4 s remaining
Finished 9728 frames in 161.7 s, fps = 60, approx 1175.2 s remaining
Finished 9792 frames in 162.8 s, fps = 60, approx 1174.0 s remaining
Finished 9856 frames in 163.9 s, fps = 60, approx 1173.1 s remaining
Finished 9920 frames in 164.9 s, fps = 60, approx 1171.4 s remaining
Finished 9984 frames in 166.1 s, fps = 60, approx 1171.5 s remaining
Finished 10048 frames in 167.2 s, fps = 60, approx 1170.9 s remaining
Finished 10112 frames in 168.4 s, fps = 60, approx 1170.5 s remaining
Finished 10176 frames in 169.4 s, fps = 60, approx 1169.3 s remaining
Finished 10240 frames in 170.4 s, fps = 60, approx 1167.5 s remaining
Finished 10304 frames in 171.4 s, fps = 60, approx 1166.1 s remaining
Finished 10368 frames in 172.5 s, fps = 60, approx 1165.0 s remaining
Finished 10432 frames in 173.5 s, fps = 60, approx 1163.8 s remaining
Finished 10496 frames in 174.6 s, fps = 60, approx 1162.7 s remaining
Finished 10560 frames in 175.6 s, fps = 60, approx 1161.4 s remaining
Finished 10624 frames in 176.7 s, fps = 60, approx 1160.8 s remaining
Finished 10688 frames in 177.8 s, fps = 60, approx 1159.5 s remaining
Finished 10752 frames in 178.7 s, fps = 60, approx 1157.9 s remaining
Finished 10816 frames in 179.8 s, fps = 60, approx 1156.8 s remaining
Finished 10880 frames in 180.9 s, fps = 60, approx 1155.9 s remaining
Finished 10944 frames in 181.9 s, fps = 60, approx 1154.3 s remaining
Finished 11008 frames in 182.9 s, fps = 60, approx 1152.9 s remaining
Finished 11072 frames in 183.9 s, fps = 60, approx 1151.5 s remaining
Finished 11136 frames in 184.9 s, fps = 60, approx 1150.2 s remaining
Finished 11200 frames in 186.0 s, fps = 60, approx 1149.2 s remaining
Finished 11264 frames in 187.0 s, fps = 60, approx 1148.0 s remaining
Finished 11328 frames in 188.0 s, fps = 60, approx 1146.5 s remaining
Finished 11392 frames in 189.1 s, fps = 60, approx 1145.5 s remaining
Finished 11456 frames in 190.1 s, fps = 60, approx 1144.0 s remaining
Finished 11520 frames in 191.1 s, fps = 60, approx 1142.9 s remaining
Finished 11584 frames in 192.1 s, fps = 60, approx 1141.3 s remaining
Finished 11648 frames in 193.2 s, fps = 60, approx 1140.3 s remaining
Finished 11712 frames in 194.2 s, fps = 60, approx 1139.2 s remaining
Finished 11776 frames in 195.3 s, fps = 60, approx 1137.9 s remaining
Finished 11840 frames in 196.2 s, fps = 60, approx 1136.4 s remaining
Finished 11904 frames in 197.3 s, fps = 60, approx 1135.3 s remaining
Finished 11968 frames in 198.4 s, fps = 60, approx 1134.3 s remaining
Finished 12032 frames in 199.4 s, fps = 60, approx 1133.0 s remaining
Finished 12096 frames in 200.4 s, fps = 60, approx 1131.9 s remaining
Finished 12160 frames in 201.5 s, fps = 60, approx 1130.9 s remaining
Finished 12224 frames in 202.5 s, fps = 60, approx 1129.7 s remaining
Finished 12288 frames in 203.7 s, fps = 60, approx 1129.0 s remaining
Finished 12352 frames in 204.7 s, fps = 60, approx 1128.0 s remaining
Finished 12416 frames in 205.8 s, fps = 60, approx 1126.9 s remaining
Finished 12480 frames in 206.8 s, fps = 60, approx 1125.7 s remaining
Finished 12544 frames in 207.8 s, fps = 60, approx 1124.1 s remaining
Finished 12608 frames in 208.9 s, fps = 60, approx 1123.2 s remaining
Finished 12672 frames in 209.9 s, fps = 60, approx 1121.7 s remaining
Finished 12736 frames in 210.9 s, fps = 60, approx 1120.8 s remaining
Finished 12800 frames in 212.0 s, fps = 60, approx 1119.8 s remaining
Finished 12864 frames in 213.1 s, fps = 60, approx 1118.6 s remaining
Finished 12928 frames in 214.0 s, fps = 60, approx 1117.1 s remaining
Finished 12992 frames in 215.1 s, fps = 60, approx 1115.9 s remaining
Finished 13056 frames in 216.1 s, fps = 60, approx 1114.8 s remaining
Finished 13120 frames in 217.1 s, fps = 60, approx 1113.4 s remaining
Finished 13184 frames in 218.2 s, fps = 60, approx 1112.4 s remaining
Finished 13248 frames in 219.2 s, fps = 60, approx 1111.2 s remaining
Finished 13312 frames in 220.3 s, fps = 60, approx 1110.4 s remaining
Finished 13376 frames in 221.4 s, fps = 60, approx 1109.4 s remaining
Finished 13440 frames in 222.4 s, fps = 60, approx 1108.3 s remaining
Finished 13504 frames in 223.5 s, fps = 60, approx 1107.3 s remaining
Finished 13568 frames in 224.7 s, fps = 60, approx 1106.8 s remaining
Finished 13632 frames in 225.7 s, fps = 60, approx 1105.4 s remaining
Finished 13696 frames in 226.7 s, fps = 60, approx 1104.4 s remaining
Finished 13760 frames in 227.9 s, fps = 60, approx 1103.6 s remaining
Finished 13824 frames in 228.8 s, fps = 60, approx 1102.2 s remaining
Finished 13888 frames in 229.9 s, fps = 60, approx 1101.1 s remaining
Finished 13952 frames in 230.9 s, fps = 60, approx 1099.7 s remaining
Finished 14016 frames in 231.9 s, fps = 60, approx 1098.5 s remaining
Finished 14080 frames in 233.1 s, fps = 60, approx 1098.0 s remaining
Finished 14144 frames in 234.1 s, fps = 60, approx 1096.6 s remaining
Finished 14208 frames in 235.1 s, fps = 60, approx 1095.4 s remaining
Finished 14272 frames in 236.1 s, fps = 60, approx 1094.2 s remaining
Finished 14336 frames in 237.1 s, fps = 60, approx 1092.9 s remaining
Finished 14400 frames in 238.2 s, fps = 60, approx 1091.7 s remaining
Finished 14464 frames in 239.3 s, fps = 60, approx 1090.8 s remaining
Finished 14528 frames in 240.4 s, fps = 60, approx 1089.9 s remaining
Finished 14592 frames in 241.4 s, fps = 60, approx 1088.6 s remaining
Finished 14656 frames in 242.4 s, fps = 60, approx 1087.3 s remaining
Finished 14720 frames in 243.4 s, fps = 60, approx 1086.3 s remaining
Finished 14784 frames in 244.5 s, fps = 60, approx 1085.1 s remaining
Finished 14848 frames in 245.5 s, fps = 60, approx 1084.0 s remaining
Finished 14912 frames in 246.5 s, fps = 60, approx 1082.8 s remaining
Finished 14976 frames in 247.6 s, fps = 60, approx 1081.8 s remaining
Finished 15040 frames in 248.6 s, fps = 60, approx 1080.5 s remaining
Finished 15104 frames in 249.6 s, fps = 61, approx 1079.2 s remaining
Finished 15168 frames in 250.7 s, fps = 61, approx 1078.3 s remaining
Finished 15232 frames in 251.7 s, fps = 61, approx 1076.8 s remaining
Finished 15296 frames in 252.8 s, fps = 61, approx 1076.0 s remaining
Finished 15360 frames in 253.9 s, fps = 60, approx 1075.2 s remaining
Finished 15424 frames in 255.0 s, fps = 60, approx 1074.3 s remaining
Finished 15488 frames in 256.0 s, fps = 60, approx 1073.1 s remaining
Finished 15552 frames in 257.1 s, fps = 60, approx 1072.2 s remaining
Finished 15616 frames in 258.2 s, fps = 60, approx 1071.3 s remaining
Finished 15680 frames in 259.2 s, fps = 60, approx 1070.0 s remaining
Finished 15744 frames in 260.2 s, fps = 61, approx 1068.8 s remaining
Finished 15808 frames in 261.3 s, fps = 61, approx 1067.7 s remaining
Finished 15872 frames in 262.3 s, fps = 61, approx 1066.5 s remaining
Finished 15936 frames in 263.3 s, fps = 61, approx 1065.2 s remaining
Finished 16000 frames in 264.3 s, fps = 61, approx 1064.1 s remaining
Finished 16064 frames in 265.3 s, fps = 61, approx 1062.8 s remaining
Finished 16128 frames in 266.4 s, fps = 61, approx 1061.7 s remaining
Finished 16192 frames in 267.5 s, fps = 61, approx 1060.7 s remaining
Finished 16256 frames in 268.5 s, fps = 61, approx 1059.5 s remaining
Finished 16320 frames in 269.5 s, fps = 61, approx 1058.4 s remaining
Finished 16384 frames in 270.5 s, fps = 61, approx 1056.9 s remaining
Finished 16448 frames in 271.6 s, fps = 61, approx 1056.0 s remaining
Finished 16512 frames in 272.6 s, fps = 61, approx 1054.8 s remaining
Finished 16576 frames in 273.6 s, fps = 61, approx 1053.7 s remaining
Finished 16640 frames in 274.7 s, fps = 61, approx 1052.6 s remaining
Finished 16704 frames in 275.8 s, fps = 61, approx 1051.6 s remaining
Finished 16768 frames in 276.8 s, fps = 61, approx 1050.6 s remaining
Finished 16832 frames in 277.8 s, fps = 61, approx 1049.4 s remaining
Finished 16896 frames in 278.9 s, fps = 61, approx 1048.4 s remaining
Finished 16960 frames in 279.9 s, fps = 61, approx 1047.1 s remaining
Finished 17024 frames in 281.0 s, fps = 61, approx 1046.1 s remaining
Finished 17088 frames in 282.0 s, fps = 61, approx 1044.9 s remaining
Finished 17152 frames in 283.1 s, fps = 61, approx 1043.9 s remaining
Finished 17216 frames in 284.1 s, fps = 61, approx 1042.7 s remaining
Finished 17280 frames in 285.2 s, fps = 61, approx 1041.7 s remaining
Finished 17344 frames in 286.2 s, fps = 61, approx 1040.5 s remaining
Finished 17408 frames in 287.4 s, fps = 61, approx 1040.0 s remaining
Finished 17472 frames in 288.4 s, fps = 61, approx 1038.8 s remaining
Finished 17536 frames in 289.5 s, fps = 61, approx 1037.8 s remaining
Finished 17600 frames in 290.5 s, fps = 61, approx 1036.7 s remaining
Finished 17664 frames in 291.6 s, fps = 61, approx 1035.6 s remaining
Finished 17728 frames in 292.7 s, fps = 61, approx 1034.8 s remaining
Finished 17792 frames in 293.7 s, fps = 61, approx 1033.7 s remaining
Finished 17856 frames in 294.7 s, fps = 61, approx 1032.5 s remaining
Finished 17920 frames in 295.8 s, fps = 61, approx 1031.3 s remaining
Finished 17984 frames in 296.9 s, fps = 61, approx 1030.4 s remaining
Finished 18048 frames in 297.9 s, fps = 61, approx 1029.2 s remaining
Finished 18112 frames in 298.9 s, fps = 61, approx 1027.9 s remaining
Finished 18176 frames in 300.0 s, fps = 61, approx 1027.0 s remaining
Finished 18240 frames in 301.0 s, fps = 61, approx 1025.7 s remaining
Finished 18304 frames in 302.0 s, fps = 61, approx 1024.5 s remaining
Finished 18368 frames in 302.9 s, fps = 61, approx 1023.1 s remaining
Finished 18432 frames in 304.0 s, fps = 61, approx 1022.0 s remaining
Finished 18496 frames in 305.0 s, fps = 61, approx 1020.8 s remaining
Finished 18560 frames in 306.1 s, fps = 61, approx 1019.9 s remaining
Finished 18624 frames in 307.0 s, fps = 61, approx 1018.5 s remaining
Finished 18688 frames in 308.0 s, fps = 61, approx 1017.2 s remaining
Finished 18752 frames in 309.2 s, fps = 61, approx 1016.5 s remaining
Finished 18816 frames in 310.4 s, fps = 61, approx 1016.1 s remaining
Finished 18880 frames in 311.5 s, fps = 61, approx 1015.2 s remaining
Finished 18944 frames in 312.6 s, fps = 61, approx 1014.1 s remaining
Finished 19008 frames in 313.6 s, fps = 61, approx 1013.0 s remaining
Finished 19072 frames in 314.7 s, fps = 61, approx 1012.1 s remaining
Finished 19136 frames in 315.8 s, fps = 61, approx 1011.0 s remaining
Finished 19200 frames in 316.8 s, fps = 61, approx 1009.8 s remaining
Finished 19264 frames in 317.9 s, fps = 61, approx 1009.0 s remaining
Finished 19328 frames in 319.1 s, fps = 61, approx 1008.5 s remaining
Finished 19392 frames in 320.2 s, fps = 61, approx 1007.5 s remaining
Finished 19456 frames in 321.2 s, fps = 61, approx 1006.1 s remaining
Finished 19520 frames in 322.2 s, fps = 61, approx 1005.1 s remaining
Finished 19584 frames in 323.2 s, fps = 61, approx 1003.9 s remaining
Finished 19648 frames in 324.3 s, fps = 61, approx 1002.9 s remaining
Finished 19712 frames in 325.2 s, fps = 61, approx 1001.4 s remaining
Finished 19776 frames in 326.3 s, fps = 61, approx 1000.5 s remaining
Finished 19840 frames in 327.4 s, fps = 61, approx 999.6 s remaining
Finished 19904 frames in 328.6 s, fps = 61, approx 998.9 s remaining
Finished 19968 frames in 329.6 s, fps = 61, approx 997.6 s remaining
Finished 20032 frames in 330.6 s, fps = 61, approx 996.4 s remaining
Finished 20096 frames in 331.7 s, fps = 61, approx 995.4 s remaining
Finished 20160 frames in 332.7 s, fps = 61, approx 994.3 s remaining
Finished 20224 frames in 333.7 s, fps = 61, approx 992.9 s remaining
Finished 20288 frames in 334.8 s, fps = 61, approx 992.0 s remaining
Finished 20352 frames in 335.8 s, fps = 61, approx 990.8 s remaining
Finished 20416 frames in 336.8 s, fps = 61, approx 989.6 s remaining
Finished 20480 frames in 337.9 s, fps = 61, approx 988.6 s remaining
Finished 20544 frames in 338.9 s, fps = 61, approx 987.5 s remaining
Finished 20608 frames in 339.9 s, fps = 61, approx 986.2 s remaining
Finished 20672 frames in 340.9 s, fps = 61, approx 985.1 s remaining
Finished 20736 frames in 342.0 s, fps = 61, approx 984.1 s remaining
Finished 20800 frames in 343.0 s, fps = 61, approx 982.9 s remaining
Finished 20864 frames in 344.0 s, fps = 61, approx 981.8 s remaining
Finished 20928 frames in 345.1 s, fps = 61, approx 980.8 s remaining
Finished 20992 frames in 346.1 s, fps = 61, approx 979.6 s remaining
Finished 21056 frames in 347.1 s, fps = 61, approx 978.5 s remaining
Finished 21120 frames in 348.2 s, fps = 61, approx 977.3 s remaining
Finished 21184 frames in 349.2 s, fps = 61, approx 976.3 s remaining
Finished 21248 frames in 350.3 s, fps = 61, approx 975.2 s remaining
Finished 21312 frames in 351.4 s, fps = 61, approx 974.3 s remaining
Finished 21376 frames in 352.3 s, fps = 61, approx 972.9 s remaining
Finished 21440 frames in 353.3 s, fps = 61, approx 971.8 s remaining
Finished 21504 frames in 354.4 s, fps = 61, approx 970.7 s remaining
Finished 21568 frames in 355.4 s, fps = 61, approx 969.6 s remaining
Finished 21632 frames in 356.5 s, fps = 61, approx 968.5 s remaining
Finished 21696 frames in 357.5 s, fps = 61, approx 967.3 s remaining
Finished 21760 frames in 358.6 s, fps = 61, approx 966.4 s remaining
Finished 21824 frames in 359.7 s, fps = 61, approx 965.5 s remaining
Finished 21888 frames in 360.7 s, fps = 61, approx 964.4 s remaining
Finished 21952 frames in 361.8 s, fps = 61, approx 963.5 s remaining
Finished 22016 frames in 362.9 s, fps = 61, approx 962.4 s remaining
Finished 22080 frames in 363.9 s, fps = 61, approx 961.4 s remaining
Finished 22144 frames in 365.0 s, fps = 61, approx 960.5 s remaining
Finished 22208 frames in 366.0 s, fps = 61, approx 959.2 s remaining
Finished 22272 frames in 367.1 s, fps = 61, approx 958.2 s remaining
Finished 22336 frames in 368.1 s, fps = 61, approx 957.0 s remaining
Finished 22400 frames in 369.1 s, fps = 61, approx 955.9 s remaining
Finished 22464 frames in 370.2 s, fps = 61, approx 954.8 s remaining
Finished 22528 frames in 371.3 s, fps = 61, approx 954.0 s remaining
Finished 22592 frames in 372.4 s, fps = 61, approx 953.0 s remaining
Finished 22656 frames in 373.5 s, fps = 61, approx 951.9 s remaining
Finished 22720 frames in 374.4 s, fps = 61, approx 950.7 s remaining
Finished 22784 frames in 375.5 s, fps = 61, approx 949.6 s remaining
Finished 22848 frames in 376.5 s, fps = 61, approx 948.5 s remaining
Finished 22912 frames in 377.6 s, fps = 61, approx 947.5 s remaining
Finished 22976 frames in 378.7 s, fps = 61, approx 946.6 s remaining
Finished 23040 frames in 379.7 s, fps = 61, approx 945.5 s remaining
Finished 23104 frames in 380.8 s, fps = 61, approx 944.4 s remaining
Finished 23168 frames in 381.7 s, fps = 61, approx 943.1 s remaining
Finished 23232 frames in 382.8 s, fps = 61, approx 942.1 s remaining
Finished 23296 frames in 383.8 s, fps = 61, approx 940.9 s remaining
Finished 23360 frames in 384.8 s, fps = 61, approx 939.7 s remaining
Finished 23424 frames in 385.8 s, fps = 61, approx 938.6 s remaining
Finished 23488 frames in 386.9 s, fps = 61, approx 937.7 s remaining
Finished 23552 frames in 388.2 s, fps = 61, approx 937.1 s remaining
Finished 23616 frames in 389.1 s, fps = 61, approx 935.8 s remaining
Finished 23680 frames in 390.2 s, fps = 61, approx 934.6 s remaining
Finished 23744 frames in 391.3 s, fps = 61, approx 933.7 s remaining
Finished 23808 frames in 392.2 s, fps = 61, approx 932.5 s remaining
Finished 23872 frames in 393.2 s, fps = 61, approx 931.2 s remaining
Finished 23936 frames in 394.2 s, fps = 61, approx 930.1 s remaining
Finished 24000 frames in 395.3 s, fps = 61, approx 929.1 s remaining
Finished 24064 frames in 396.3 s, fps = 61, approx 927.9 s remaining
Finished 24128 frames in 397.3 s, fps = 61, approx 926.7 s remaining
Finished 24192 frames in 398.4 s, fps = 61, approx 925.8 s remaining
Finished 24256 frames in 399.4 s, fps = 61, approx 924.5 s remaining
Finished 24320 frames in 400.5 s, fps = 61, approx 923.5 s remaining
Finished 24384 frames in 401.6 s, fps = 61, approx 922.6 s remaining
Finished 24448 frames in 402.6 s, fps = 61, approx 921.6 s remaining
Finished 24512 frames in 403.8 s, fps = 61, approx 920.7 s remaining
Finished 24576 frames in 404.8 s, fps = 61, approx 919.7 s remaining
Finished 24640 frames in 405.9 s, fps = 61, approx 918.5 s remaining
Finished 24704 frames in 407.0 s, fps = 61, approx 917.6 s remaining
Finished 24768 frames in 408.0 s, fps = 61, approx 916.6 s remaining
Finished 24832 frames in 409.1 s, fps = 61, approx 915.5 s remaining
Finished 24896 frames in 410.1 s, fps = 61, approx 914.3 s remaining
Finished 24960 frames in 411.1 s, fps = 61, approx 913.2 s remaining
Finished 25024 frames in 412.1 s, fps = 61, approx 912.1 s remaining
Finished 25088 frames in 413.2 s, fps = 61, approx 911.0 s remaining
Finished 25152 frames in 414.3 s, fps = 61, approx 910.1 s remaining
Finished 25216 frames in 415.2 s, fps = 61, approx 908.8 s remaining
Finished 25280 frames in 416.6 s, fps = 61, approx 908.4 s remaining
Finished 25344 frames in 417.9 s, fps = 61, approx 908.0 s remaining
Finished 25408 frames in 419.0 s, fps = 61, approx 906.9 s remaining
Finished 25472 frames in 420.0 s, fps = 61, approx 905.9 s remaining
Finished 25536 frames in 421.1 s, fps = 61, approx 904.8 s remaining
Finished 25600 frames in 422.1 s, fps = 61, approx 903.7 s remaining
Finished 25664 frames in 423.2 s, fps = 61, approx 902.6 s remaining
Finished 25728 frames in 424.2 s, fps = 61, approx 901.6 s remaining
Finished 25792 frames in 425.2 s, fps = 61, approx 900.5 s remaining
Finished 25856 frames in 426.3 s, fps = 61, approx 899.4 s remaining
Finished 25920 frames in 427.3 s, fps = 61, approx 898.1 s remaining
Finished 25984 frames in 428.3 s, fps = 61, approx 897.0 s remaining
Finished 26048 frames in 429.3 s, fps = 61, approx 896.0 s remaining
Finished 26112 frames in 430.4 s, fps = 61, approx 895.0 s remaining
Finished 26176 frames in 431.4 s, fps = 61, approx 893.6 s remaining
Finished 26240 frames in 432.4 s, fps = 61, approx 892.5 s remaining
Finished 26304 frames in 433.5 s, fps = 61, approx 891.6 s remaining
Finished 26368 frames in 434.5 s, fps = 61, approx 890.4 s remaining
Finished 26432 frames in 435.6 s, fps = 61, approx 889.4 s remaining
Finished 26496 frames in 436.6 s, fps = 61, approx 888.2 s remaining
Finished 26560 frames in 437.7 s, fps = 61, approx 887.3 s remaining
Finished 26624 frames in 438.7 s, fps = 61, approx 886.2 s remaining
Finished 26688 frames in 439.7 s, fps = 61, approx 885.0 s remaining
Finished 26752 frames in 440.7 s, fps = 61, approx 883.9 s remaining
Finished 26816 frames in 441.7 s, fps = 61, approx 882.8 s remaining
Finished 26880 frames in 442.8 s, fps = 61, approx 881.8 s remaining
Finished 26944 frames in 444.0 s, fps = 61, approx 881.0 s remaining
Finished 27008 frames in 445.2 s, fps = 61, approx 880.3 s remaining
Finished 27072 frames in 446.3 s, fps = 61, approx 879.3 s remaining
Finished 27136 frames in 447.3 s, fps = 61, approx 878.1 s remaining
Finished 27200 frames in 448.3 s, fps = 61, approx 877.0 s remaining
Finished 27264 frames in 449.3 s, fps = 61, approx 875.8 s remaining
Finished 27328 frames in 450.4 s, fps = 61, approx 874.8 s remaining
Finished 27392 frames in 451.5 s, fps = 61, approx 873.8 s remaining
Finished 27456 frames in 452.5 s, fps = 61, approx 872.7 s remaining
Finished 27520 frames in 453.6 s, fps = 61, approx 871.6 s remaining
Finished 27584 frames in 454.8 s, fps = 61, approx 871.0 s remaining
Finished 27648 frames in 455.9 s, fps = 61, approx 870.0 s remaining
Finished 27712 frames in 456.9 s, fps = 61, approx 868.9 s remaining
Finished 27776 frames in 458.0 s, fps = 61, approx 867.8 s remaining
Finished 27840 frames in 458.9 s, fps = 61, approx 866.5 s remaining
Finished 27904 frames in 460.0 s, fps = 61, approx 865.5 s remaining
Finished 27968 frames in 461.1 s, fps = 61, approx 864.5 s remaining
Finished 28032 frames in 462.2 s, fps = 61, approx 863.5 s remaining
Finished 28096 frames in 463.1 s, fps = 61, approx 862.3 s remaining
Finished 28160 frames in 464.2 s, fps = 61, approx 861.3 s remaining
Finished 28224 frames in 465.2 s, fps = 61, approx 860.2 s remaining
Finished 28288 frames in 466.3 s, fps = 61, approx 859.2 s remaining
Finished 28352 frames in 467.4 s, fps = 61, approx 858.2 s remaining
Finished 28416 frames in 468.5 s, fps = 61, approx 857.1 s remaining
Finished 28480 frames in 469.5 s, fps = 61, approx 856.0 s remaining
Finished 28544 frames in 470.6 s, fps = 61, approx 855.0 s remaining
Finished 28608 frames in 471.6 s, fps = 61, approx 853.9 s remaining
Finished 28672 frames in 472.7 s, fps = 61, approx 852.9 s remaining
Finished 28736 frames in 473.7 s, fps = 61, approx 851.8 s remaining
Finished 28800 frames in 474.7 s, fps = 61, approx 850.7 s remaining
Finished 28864 frames in 475.8 s, fps = 61, approx 849.6 s remaining
Finished 28928 frames in 476.9 s, fps = 61, approx 848.6 s remaining
Finished 28992 frames in 477.9 s, fps = 61, approx 847.4 s remaining
Finished 29056 frames in 478.9 s, fps = 61, approx 846.4 s remaining
Finished 29120 frames in 480.0 s, fps = 61, approx 845.3 s remaining
Finished 29184 frames in 481.1 s, fps = 61, approx 844.3 s remaining
Finished 29248 frames in 482.2 s, fps = 61, approx 843.5 s remaining
Finished 29312 frames in 483.2 s, fps = 61, approx 842.3 s remaining
Finished 29376 frames in 484.3 s, fps = 61, approx 841.2 s remaining
Finished 29440 frames in 485.3 s, fps = 61, approx 840.1 s remaining
Finished 29504 frames in 486.3 s, fps = 61, approx 839.0 s remaining
Finished 29568 frames in 487.4 s, fps = 61, approx 838.0 s remaining
Finished 29632 frames in 488.4 s, fps = 61, approx 836.9 s remaining
Finished 29696 frames in 489.4 s, fps = 61, approx 835.8 s remaining
Finished 29760 frames in 490.4 s, fps = 61, approx 834.6 s remaining
Finished 29824 frames in 491.5 s, fps = 61, approx 833.6 s remaining
Finished 29888 frames in 492.5 s, fps = 61, approx 832.4 s remaining
Finished 29952 frames in 493.6 s, fps = 61, approx 831.4 s remaining
Finished 30016 frames in 494.6 s, fps = 61, approx 830.3 s remaining
Finished 30080 frames in 495.7 s, fps = 61, approx 829.3 s remaining
Finished 30144 frames in 496.8 s, fps = 61, approx 828.4 s remaining
Finished 30208 frames in 497.9 s, fps = 61, approx 827.3 s remaining
Finished 30272 frames in 498.9 s, fps = 61, approx 826.3 s remaining
Finished 30336 frames in 499.9 s, fps = 61, approx 825.1 s remaining
Finished 30400 frames in 501.0 s, fps = 61, approx 824.1 s remaining
Finished 30464 frames in 502.0 s, fps = 61, approx 823.0 s remaining
Finished 30528 frames in 503.1 s, fps = 61, approx 821.9 s remaining
Finished 30592 frames in 504.1 s, fps = 61, approx 820.9 s remaining
Finished 30656 frames in 505.1 s, fps = 61, approx 819.7 s remaining
Finished 30720 frames in 506.2 s, fps = 61, approx 818.7 s remaining
Finished 30784 frames in 507.3 s, fps = 61, approx 817.7 s remaining
Finished 30848 frames in 508.3 s, fps = 61, approx 816.6 s remaining
Finished 30912 frames in 509.4 s, fps = 61, approx 815.6 s remaining
Finished 30976 frames in 510.5 s, fps = 61, approx 814.7 s remaining
Finished 31040 frames in 511.6 s, fps = 61, approx 813.6 s remaining
Finished 31104 frames in 512.6 s, fps = 61, approx 812.5 s remaining
Finished 31168 frames in 513.7 s, fps = 61, approx 811.5 s remaining
Finished 31232 frames in 514.7 s, fps = 61, approx 810.4 s remaining
Finished 31296 frames in 515.8 s, fps = 61, approx 809.4 s remaining
Finished 31360 frames in 516.8 s, fps = 61, approx 808.3 s remaining
Finished 31424 frames in 517.8 s, fps = 61, approx 807.1 s remaining
Finished 31488 frames in 518.8 s, fps = 61, approx 806.0 s remaining
Finished 31552 frames in 519.9 s, fps = 61, approx 804.9 s remaining
Finished 31616 frames in 521.0 s, fps = 61, approx 804.0 s remaining
Finished 31680 frames in 522.0 s, fps = 61, approx 802.9 s remaining
Finished 31744 frames in 523.0 s, fps = 61, approx 801.8 s remaining
Finished 31808 frames in 524.0 s, fps = 61, approx 800.6 s remaining
Finished 31872 frames in 525.0 s, fps = 61, approx 799.5 s remaining
Finished 31936 frames in 526.2 s, fps = 61, approx 798.6 s remaining
Finished 32000 frames in 527.3 s, fps = 61, approx 797.7 s remaining
Finished 32064 frames in 528.4 s, fps = 61, approx 796.7 s remaining
Finished 32128 frames in 529.7 s, fps = 61, approx 796.0 s remaining
Finished 32192 frames in 531.5 s, fps = 61, approx 796.0 s remaining
Finished 32256 frames in 534.2 s, fps = 60, approx 797.4 s remaining
Finished 32320 frames in 535.6 s, fps = 60, approx 796.9 s remaining
Finished 32384 frames in 536.8 s, fps = 60, approx 796.0 s remaining
Finished 32448 frames in 538.1 s, fps = 60, approx 795.3 s remaining
Finished 32512 frames in 539.8 s, fps = 60, approx 795.2 s remaining
Finished 32576 frames in 542.3 s, fps = 60, approx 796.2 s remaining
Finished 32640 frames in 544.4 s, fps = 60, approx 796.6 s remaining
Finished 32704 frames in 546.4 s, fps = 60, approx 797.0 s remaining
Finished 32768 frames in 548.6 s, fps = 60, approx 797.5 s remaining
Finished 32832 frames in 550.7 s, fps = 60, approx 798.0 s remaining
Finished 32896 frames in 552.6 s, fps = 60, approx 798.1 s remaining
Finished 32960 frames in 554.6 s, fps = 59, approx 798.3 s remaining
Finished 33024 frames in 557.0 s, fps = 59, approx 799.1 s remaining
Finished 33088 frames in 558.5 s, fps = 59, approx 798.7 s remaining
Finished 33152 frames in 559.9 s, fps = 59, approx 798.0 s remaining
Finished 33216 frames in 561.2 s, fps = 59, approx 797.2 s remaining
Finished 33280 frames in 562.3 s, fps = 59, approx 796.2 s remaining
Finished 33344 frames in 563.3 s, fps = 59, approx 795.1 s remaining
Finished 33408 frames in 564.4 s, fps = 59, approx 794.0 s remaining
Finished 33472 frames in 565.6 s, fps = 59, approx 793.1 s remaining
Finished 33536 frames in 566.7 s, fps = 59, approx 792.0 s remaining
Finished 33600 frames in 567.8 s, fps = 59, approx 790.9 s remaining
Finished 33664 frames in 569.0 s, fps = 59, approx 790.0 s remaining
Finished 33728 frames in 570.0 s, fps = 59, approx 788.9 s remaining
Finished 33792 frames in 571.1 s, fps = 59, approx 787.8 s remaining
Finished 33856 frames in 572.2 s, fps = 59, approx 786.7 s remaining
Finished 33920 frames in 573.3 s, fps = 59, approx 785.7 s remaining
Finished 33984 frames in 574.4 s, fps = 59, approx 784.7 s remaining
Finished 34048 frames in 575.5 s, fps = 59, approx 783.5 s remaining
Finished 34112 frames in 576.7 s, fps = 59, approx 782.6 s remaining
Finished 34176 frames in 577.7 s, fps = 59, approx 781.5 s remaining
Finished 34240 frames in 578.8 s, fps = 59, approx 780.4 s remaining
Finished 34304 frames in 579.9 s, fps = 59, approx 779.4 s remaining
Finished 34368 frames in 581.0 s, fps = 59, approx 778.3 s remaining
Finished 34432 frames in 582.1 s, fps = 59, approx 777.2 s remaining
Finished 34496 frames in 583.2 s, fps = 59, approx 776.2 s remaining
Finished 34560 frames in 584.3 s, fps = 59, approx 775.1 s remaining
Finished 34624 frames in 585.3 s, fps = 59, approx 774.0 s remaining
Finished 34688 frames in 586.5 s, fps = 59, approx 773.0 s remaining
Finished 34752 frames in 587.5 s, fps = 59, approx 771.8 s remaining
Finished 34816 frames in 588.5 s, fps = 59, approx 770.6 s remaining
Finished 34880 frames in 589.7 s, fps = 59, approx 769.7 s remaining
Finished 34944 frames in 590.7 s, fps = 59, approx 768.5 s remaining
Finished 35008 frames in 591.7 s, fps = 59, approx 767.4 s remaining
Finished 35072 frames in 592.8 s, fps = 59, approx 766.3 s remaining
Finished 35136 frames in 593.9 s, fps = 59, approx 765.2 s remaining
Finished 35200 frames in 595.1 s, fps = 59, approx 764.3 s remaining
Finished 35264 frames in 596.2 s, fps = 59, approx 763.2 s remaining
Finished 35328 frames in 597.3 s, fps = 59, approx 762.1 s remaining
Finished 35392 frames in 598.4 s, fps = 59, approx 761.1 s remaining
Finished 35456 frames in 599.4 s, fps = 59, approx 759.9 s remaining
Finished 35520 frames in 600.5 s, fps = 59, approx 758.9 s remaining
Finished 35584 frames in 601.6 s, fps = 59, approx 757.8 s remaining
Finished 35648 frames in 602.7 s, fps = 59, approx 756.7 s remaining
Finished 35712 frames in 603.8 s, fps = 59, approx 755.6 s remaining
Finished 35776 frames in 604.9 s, fps = 59, approx 754.6 s remaining
Finished 35840 frames in 606.1 s, fps = 59, approx 753.6 s remaining
Finished 35904 frames in 607.0 s, fps = 59, approx 752.4 s remaining
Finished 35968 frames in 608.2 s, fps = 59, approx 751.4 s remaining
Finished 36032 frames in 609.4 s, fps = 59, approx 750.4 s remaining
Finished 36096 frames in 610.5 s, fps = 59, approx 749.4 s remaining
Finished 36160 frames in 611.5 s, fps = 59, approx 748.3 s remaining
Finished 36224 frames in 612.7 s, fps = 59, approx 747.3 s remaining
Finished 36288 frames in 613.7 s, fps = 59, approx 746.1 s remaining
Finished 36352 frames in 614.7 s, fps = 59, approx 745.0 s remaining
Finished 36416 frames in 615.8 s, fps = 59, approx 743.9 s remaining
Finished 36480 frames in 616.8 s, fps = 59, approx 742.7 s remaining
Finished 36544 frames in 618.0 s, fps = 59, approx 741.8 s remaining
Finished 36608 frames in 619.0 s, fps = 59, approx 740.6 s remaining
Finished 36672 frames in 620.1 s, fps = 59, approx 739.5 s remaining
Finished 36736 frames in 621.2 s, fps = 59, approx 738.4 s remaining
Finished 36800 frames in 622.2 s, fps = 59, approx 737.3 s remaining
Finished 36864 frames in 623.4 s, fps = 59, approx 736.3 s remaining
Finished 36928 frames in 624.5 s, fps = 59, approx 735.3 s remaining
Finished 36992 frames in 625.6 s, fps = 59, approx 734.2 s remaining
Finished 37056 frames in 626.7 s, fps = 59, approx 733.2 s remaining
Finished 37120 frames in 627.7 s, fps = 59, approx 732.0 s remaining
Finished 37184 frames in 628.9 s, fps = 59, approx 731.0 s remaining
Finished 37248 frames in 629.9 s, fps = 59, approx 729.9 s remaining
Finished 37312 frames in 631.1 s, fps = 59, approx 728.9 s remaining
Finished 37376 frames in 632.1 s, fps = 59, approx 727.7 s remaining
Finished 37440 frames in 633.3 s, fps = 59, approx 726.7 s remaining
Finished 37504 frames in 634.3 s, fps = 59, approx 725.6 s remaining
Finished 37568 frames in 635.3 s, fps = 59, approx 724.4 s remaining
Finished 37632 frames in 636.5 s, fps = 59, approx 723.4 s remaining
Finished 37696 frames in 637.5 s, fps = 59, approx 722.3 s remaining
Finished 37760 frames in 638.6 s, fps = 59, approx 721.3 s remaining
Finished 37824 frames in 639.6 s, fps = 59, approx 720.1 s remaining
Finished 37888 frames in 640.8 s, fps = 59, approx 719.2 s remaining
Finished 37952 frames in 642.0 s, fps = 59, approx 718.1 s remaining
Finished 38016 frames in 643.0 s, fps = 59, approx 717.0 s remaining
Finished 38080 frames in 644.2 s, fps = 59, approx 716.0 s remaining
Finished 38144 frames in 645.2 s, fps = 59, approx 714.8 s remaining
Finished 38208 frames in 646.3 s, fps = 59, approx 713.8 s remaining
Finished 38272 frames in 647.4 s, fps = 59, approx 712.7 s remaining
Finished 38336 frames in 648.4 s, fps = 59, approx 711.5 s remaining
Finished 38400 frames in 649.5 s, fps = 59, approx 710.5 s remaining
Finished 38464 frames in 650.6 s, fps = 59, approx 709.4 s remaining
Finished 38528 frames in 651.6 s, fps = 59, approx 708.3 s remaining
Finished 38592 frames in 652.8 s, fps = 59, approx 707.4 s remaining
Finished 38656 frames in 653.9 s, fps = 59, approx 706.2 s remaining
Finished 38720 frames in 654.9 s, fps = 59, approx 705.1 s remaining
Finished 38784 frames in 656.0 s, fps = 59, approx 704.0 s remaining
Finished 38848 frames in 657.0 s, fps = 59, approx 702.9 s remaining
Finished 38912 frames in 658.2 s, fps = 59, approx 701.9 s remaining
Finished 38976 frames in 659.2 s, fps = 59, approx 700.7 s remaining
Finished 39040 frames in 660.4 s, fps = 59, approx 699.8 s remaining
Finished 39104 frames in 661.5 s, fps = 59, approx 698.7 s remaining
Finished 39168 frames in 662.6 s, fps = 59, approx 697.6 s remaining
Finished 39232 frames in 663.6 s, fps = 59, approx 696.5 s remaining
Finished 39296 frames in 664.7 s, fps = 59, approx 695.4 s remaining
Finished 39360 frames in 666.1 s, fps = 59, approx 694.6 s remaining
Finished 39424 frames in 667.0 s, fps = 59, approx 693.4 s remaining
Finished 39488 frames in 668.2 s, fps = 59, approx 692.4 s remaining
Finished 39552 frames in 669.2 s, fps = 59, approx 691.2 s remaining
Finished 39616 frames in 670.3 s, fps = 59, approx 690.2 s remaining
Finished 39680 frames in 671.4 s, fps = 59, approx 689.1 s remaining
Finished 39744 frames in 672.4 s, fps = 59, approx 687.9 s remaining
Finished 39808 frames in 673.6 s, fps = 59, approx 686.9 s remaining
Finished 39872 frames in 674.6 s, fps = 59, approx 685.8 s remaining
Finished 39936 frames in 675.6 s, fps = 59, approx 684.6 s remaining
Finished 40000 frames in 676.7 s, fps = 59, approx 683.6 s remaining
Finished 40064 frames in 677.9 s, fps = 59, approx 682.6 s remaining
Finished 40128 frames in 678.9 s, fps = 59, approx 681.5 s remaining
Finished 40192 frames in 680.1 s, fps = 59, approx 680.4 s remaining
Finished 40256 frames in 681.1 s, fps = 59, approx 679.3 s remaining
Finished 40320 frames in 682.2 s, fps = 59, approx 678.2 s remaining
Finished 40384 frames in 683.3 s, fps = 59, approx 677.2 s remaining
Finished 40448 frames in 684.4 s, fps = 59, approx 676.2 s remaining
Finished 40512 frames in 685.4 s, fps = 59, approx 675.0 s remaining
Finished 40576 frames in 686.4 s, fps = 59, approx 673.8 s remaining
Finished 40640 frames in 687.6 s, fps = 59, approx 672.8 s remaining
Finished 40704 frames in 688.7 s, fps = 59, approx 671.7 s remaining
Finished 40768 frames in 689.7 s, fps = 59, approx 670.5 s remaining
Finished 40832 frames in 690.8 s, fps = 59, approx 669.5 s remaining
Finished 40896 frames in 691.9 s, fps = 59, approx 668.5 s remaining
Finished 40960 frames in 693.0 s, fps = 59, approx 667.4 s remaining
Finished 41024 frames in 694.1 s, fps = 59, approx 666.3 s remaining
Finished 41088 frames in 695.1 s, fps = 59, approx 665.2 s remaining
Finished 41152 frames in 696.2 s, fps = 59, approx 664.1 s remaining
Finished 41216 frames in 697.2 s, fps = 59, approx 663.0 s remaining
Finished 41280 frames in 698.4 s, fps = 59, approx 661.9 s remaining
Finished 41344 frames in 699.5 s, fps = 59, approx 660.9 s remaining
Finished 41408 frames in 700.5 s, fps = 59, approx 659.7 s remaining
Finished 41472 frames in 701.6 s, fps = 59, approx 658.7 s remaining
Finished 41536 frames in 702.7 s, fps = 59, approx 657.6 s remaining
Finished 41600 frames in 703.7 s, fps = 59, approx 656.4 s remaining
Finished 41664 frames in 704.7 s, fps = 59, approx 655.3 s remaining
Finished 41728 frames in 705.9 s, fps = 59, approx 654.3 s remaining
Finished 41792 frames in 706.9 s, fps = 59, approx 653.2 s remaining
Finished 41856 frames in 708.0 s, fps = 59, approx 652.1 s remaining
Finished 41920 frames in 709.1 s, fps = 59, approx 651.0 s remaining
Finished 41984 frames in 710.1 s, fps = 59, approx 649.9 s remaining
Finished 42048 frames in 711.2 s, fps = 59, approx 648.8 s remaining
Finished 42112 frames in 712.3 s, fps = 59, approx 647.7 s remaining
Finished 42176 frames in 713.4 s, fps = 59, approx 646.7 s remaining
Finished 42240 frames in 714.5 s, fps = 59, approx 645.6 s remaining
Finished 42304 frames in 715.5 s, fps = 59, approx 644.5 s remaining
Finished 42368 frames in 716.6 s, fps = 59, approx 643.4 s remaining
Finished 42432 frames in 717.8 s, fps = 59, approx 642.4 s remaining
Finished 42496 frames in 719.0 s, fps = 59, approx 641.4 s remaining
Finished 42560 frames in 720.0 s, fps = 59, approx 640.3 s remaining
Finished 42624 frames in 721.2 s, fps = 59, approx 639.3 s remaining
Finished 42688 frames in 722.3 s, fps = 59, approx 638.2 s remaining
Finished 42752 frames in 723.3 s, fps = 59, approx 637.1 s remaining
Finished 42816 frames in 724.4 s, fps = 59, approx 636.0 s remaining
Finished 42880 frames in 725.5 s, fps = 59, approx 634.9 s remaining
Finished 42944 frames in 726.7 s, fps = 59, approx 633.9 s remaining
Finished 43008 frames in 727.7 s, fps = 59, approx 632.8 s remaining
Finished 43072 frames in 728.7 s, fps = 59, approx 631.7 s remaining
Finished 43136 frames in 729.9 s, fps = 59, approx 630.7 s remaining
Finished 43200 frames in 731.0 s, fps = 59, approx 629.6 s remaining
Finished 43264 frames in 732.1 s, fps = 59, approx 628.5 s remaining
Finished 43328 frames in 733.3 s, fps = 59, approx 627.5 s remaining
Finished 43392 frames in 734.4 s, fps = 59, approx 626.4 s remaining
Finished 43456 frames in 735.4 s, fps = 59, approx 625.3 s remaining
Finished 43520 frames in 736.5 s, fps = 59, approx 624.3 s remaining
Finished 43584 frames in 737.7 s, fps = 59, approx 623.2 s remaining
Finished 43648 frames in 738.6 s, fps = 59, approx 622.0 s remaining
Finished 43712 frames in 739.7 s, fps = 59, approx 620.9 s remaining
Finished 43776 frames in 740.8 s, fps = 59, approx 619.9 s remaining
Finished 43840 frames in 742.0 s, fps = 59, approx 618.9 s remaining
Finished 43904 frames in 742.9 s, fps = 59, approx 617.7 s remaining
Finished 43968 frames in 744.1 s, fps = 59, approx 616.6 s remaining
Finished 44032 frames in 745.1 s, fps = 59, approx 615.5 s remaining
Finished 44096 frames in 746.2 s, fps = 59, approx 614.5 s remaining
Finished 44160 frames in 747.3 s, fps = 59, approx 613.4 s remaining
Finished 44224 frames in 748.4 s, fps = 59, approx 612.3 s remaining
Finished 44288 frames in 749.5 s, fps = 59, approx 611.2 s remaining
Finished 44352 frames in 750.6 s, fps = 59, approx 610.1 s remaining
Finished 44416 frames in 751.5 s, fps = 59, approx 609.0 s remaining
Finished 44480 frames in 752.7 s, fps = 59, approx 608.0 s remaining
Finished 44544 frames in 753.8 s, fps = 59, approx 606.9 s remaining
Finished 44608 frames in 754.9 s, fps = 59, approx 605.8 s remaining
Finished 44672 frames in 756.0 s, fps = 59, approx 604.7 s remaining
Finished 44736 frames in 757.0 s, fps = 59, approx 603.6 s remaining
Finished 44800 frames in 758.0 s, fps = 59, approx 602.5 s remaining
Finished 44864 frames in 759.2 s, fps = 59, approx 601.4 s remaining
Finished 44928 frames in 760.3 s, fps = 59, approx 600.3 s remaining
Finished 44992 frames in 761.4 s, fps = 59, approx 599.3 s remaining
Finished 45056 frames in 762.5 s, fps = 59, approx 598.2 s remaining
Finished 45120 frames in 763.6 s, fps = 59, approx 597.2 s remaining
Finished 45184 frames in 764.5 s, fps = 59, approx 596.0 s remaining
Finished 45248 frames in 765.7 s, fps = 59, approx 594.9 s remaining
Finished 45312 frames in 766.7 s, fps = 59, approx 593.8 s remaining
Finished 45376 frames in 767.9 s, fps = 59, approx 592.8 s remaining
Finished 45440 frames in 769.0 s, fps = 59, approx 591.7 s remaining
Finished 45504 frames in 770.1 s, fps = 59, approx 590.7 s remaining
Finished 45568 frames in 771.2 s, fps = 59, approx 589.6 s remaining
Finished 45632 frames in 772.2 s, fps = 59, approx 588.5 s remaining
Finished 45696 frames in 773.3 s, fps = 59, approx 587.4 s remaining
Finished 45760 frames in 774.4 s, fps = 59, approx 586.3 s remaining
Finished 45824 frames in 775.5 s, fps = 59, approx 585.2 s remaining
Finished 45888 frames in 776.5 s, fps = 59, approx 584.1 s remaining
Finished 45952 frames in 777.6 s, fps = 59, approx 583.0 s remaining
Finished 46016 frames in 778.8 s, fps = 59, approx 582.0 s remaining
Finished 46080 frames in 779.8 s, fps = 59, approx 580.9 s remaining
Finished 46144 frames in 780.9 s, fps = 59, approx 579.8 s remaining
Finished 46208 frames in 782.0 s, fps = 59, approx 578.8 s remaining
Finished 46272 frames in 783.1 s, fps = 59, approx 577.6 s remaining
Finished 46336 frames in 784.1 s, fps = 59, approx 576.6 s remaining
Finished 46400 frames in 785.2 s, fps = 59, approx 575.5 s remaining
Finished 46464 frames in 786.3 s, fps = 59, approx 574.4 s remaining
Finished 46528 frames in 787.3 s, fps = 59, approx 573.2 s remaining
Finished 46592 frames in 788.4 s, fps = 59, approx 572.2 s remaining
Finished 46656 frames in 789.5 s, fps = 59, approx 571.1 s remaining
Finished 46720 frames in 790.5 s, fps = 59, approx 570.0 s remaining
Finished 46784 frames in 791.5 s, fps = 59, approx 568.8 s remaining
Finished 46848 frames in 792.6 s, fps = 59, approx 567.7 s remaining
Finished 46912 frames in 793.7 s, fps = 59, approx 566.7 s remaining
Finished 46976 frames in 794.9 s, fps = 59, approx 565.7 s remaining
Finished 47040 frames in 796.0 s, fps = 59, approx 564.6 s remaining
Finished 47104 frames in 797.1 s, fps = 59, approx 563.5 s remaining
Finished 47168 frames in 798.2 s, fps = 59, approx 562.5 s remaining
Finished 47232 frames in 799.3 s, fps = 59, approx 561.4 s remaining
Finished 47296 frames in 800.4 s, fps = 59, approx 560.3 s remaining
Finished 47360 frames in 801.4 s, fps = 59, approx 559.2 s remaining
Finished 47424 frames in 802.5 s, fps = 59, approx 558.1 s remaining
Finished 47488 frames in 803.6 s, fps = 59, approx 557.0 s remaining
Finished 47552 frames in 804.6 s, fps = 59, approx 555.9 s remaining
Finished 47616 frames in 805.8 s, fps = 59, approx 554.9 s remaining
Finished 47680 frames in 807.0 s, fps = 59, approx 553.9 s remaining
Finished 47744 frames in 808.1 s, fps = 59, approx 552.9 s remaining
Finished 47808 frames in 809.2 s, fps = 59, approx 551.8 s remaining
Finished 47872 frames in 810.3 s, fps = 59, approx 550.7 s remaining
Finished 47936 frames in 811.3 s, fps = 59, approx 549.6 s remaining
Finished 48000 frames in 812.4 s, fps = 59, approx 548.5 s remaining
Finished 48064 frames in 813.6 s, fps = 59, approx 547.5 s remaining
Finished 48128 frames in 814.7 s, fps = 59, approx 546.4 s remaining
Finished 48192 frames in 815.8 s, fps = 59, approx 545.3 s remaining
Finished 48256 frames in 816.9 s, fps = 59, approx 544.2 s remaining
Finished 48320 frames in 818.0 s, fps = 59, approx 543.2 s remaining
Finished 48384 frames in 819.0 s, fps = 59, approx 542.0 s remaining
Finished 48448 frames in 820.1 s, fps = 59, approx 540.9 s remaining
Finished 48512 frames in 821.2 s, fps = 59, approx 539.9 s remaining
Finished 48576 frames in 822.3 s, fps = 59, approx 538.8 s remaining
Finished 48640 frames in 823.3 s, fps = 59, approx 537.7 s remaining
Finished 48704 frames in 824.4 s, fps = 59, approx 536.6 s remaining
Finished 48768 frames in 825.5 s, fps = 59, approx 535.5 s remaining
Finished 48832 frames in 826.6 s, fps = 59, approx 534.4 s remaining
Finished 48896 frames in 827.7 s, fps = 59, approx 533.4 s remaining
Finished 48960 frames in 828.7 s, fps = 59, approx 532.2 s remaining
Finished 49024 frames in 829.9 s, fps = 59, approx 531.2 s remaining
Finished 49088 frames in 830.9 s, fps = 59, approx 530.1 s remaining
Finished 49152 frames in 832.0 s, fps = 59, approx 529.0 s remaining
Finished 49216 frames in 833.0 s, fps = 59, approx 527.9 s remaining
Finished 49280 frames in 834.2 s, fps = 59, approx 526.9 s remaining
Finished 49344 frames in 835.2 s, fps = 59, approx 525.8 s remaining
Finished 49408 frames in 836.4 s, fps = 59, approx 524.7 s remaining
Finished 49472 frames in 837.4 s, fps = 59, approx 523.6 s remaining
Finished 49536 frames in 838.4 s, fps = 59, approx 522.5 s remaining
Finished 49600 frames in 839.6 s, fps = 59, approx 521.5 s remaining
Finished 49664 frames in 840.6 s, fps = 59, approx 520.3 s remaining
Finished 49728 frames in 841.8 s, fps = 59, approx 519.3 s remaining
Finished 49792 frames in 842.9 s, fps = 59, approx 518.3 s remaining
Finished 49856 frames in 844.0 s, fps = 59, approx 517.2 s remaining
Finished 49920 frames in 845.0 s, fps = 59, approx 516.1 s remaining
Finished 49984 frames in 846.1 s, fps = 59, approx 515.0 s remaining
Finished 50048 frames in 847.3 s, fps = 59, approx 513.9 s remaining
Finished 50112 frames in 848.4 s, fps = 59, approx 512.9 s remaining
Finished 50176 frames in 849.5 s, fps = 59, approx 511.8 s remaining
Finished 50240 frames in 850.5 s, fps = 59, approx 510.7 s remaining
Finished 50304 frames in 851.6 s, fps = 59, approx 509.6 s remaining
Finished 50368 frames in 852.6 s, fps = 59, approx 508.5 s remaining
Finished 50432 frames in 853.8 s, fps = 59, approx 507.4 s remaining
Finished 50496 frames in 854.9 s, fps = 59, approx 506.4 s remaining
Finished 50560 frames in 856.0 s, fps = 59, approx 505.3 s remaining
Finished 50624 frames in 857.0 s, fps = 59, approx 504.2 s remaining
Finished 50688 frames in 858.1 s, fps = 59, approx 503.1 s remaining
Finished 50752 frames in 859.2 s, fps = 59, approx 502.0 s remaining
Finished 50816 frames in 860.3 s, fps = 59, approx 500.9 s remaining
Finished 50880 frames in 861.4 s, fps = 59, approx 499.9 s remaining
Finished 50944 frames in 862.5 s, fps = 59, approx 498.8 s remaining
Finished 51008 frames in 863.5 s, fps = 59, approx 497.7 s remaining
Finished 51072 frames in 864.6 s, fps = 59, approx 496.6 s remaining
Finished 51136 frames in 865.7 s, fps = 59, approx 495.5 s remaining
Finished 51200 frames in 866.8 s, fps = 59, approx 494.4 s remaining
Finished 51264 frames in 867.9 s, fps = 59, approx 493.4 s remaining
Finished 51328 frames in 869.0 s, fps = 59, approx 492.3 s remaining
Finished 51392 frames in 870.1 s, fps = 59, approx 491.2 s remaining
Finished 51456 frames in 871.1 s, fps = 59, approx 490.1 s remaining
Finished 51520 frames in 872.2 s, fps = 59, approx 489.0 s remaining
Finished 51584 frames in 873.4 s, fps = 59, approx 488.0 s remaining
Finished 51648 frames in 874.4 s, fps = 59, approx 486.9 s remaining
Finished 51712 frames in 875.5 s, fps = 59, approx 485.8 s remaining
Finished 51776 frames in 876.6 s, fps = 59, approx 484.7 s remaining
Finished 51840 frames in 877.7 s, fps = 59, approx 483.7 s remaining
Finished 51904 frames in 878.7 s, fps = 59, approx 482.5 s remaining
Finished 51968 frames in 879.8 s, fps = 59, approx 481.5 s remaining
Finished 52032 frames in 880.9 s, fps = 59, approx 480.4 s remaining
Finished 52096 frames in 882.0 s, fps = 59, approx 479.3 s remaining
Finished 52160 frames in 883.1 s, fps = 59, approx 478.2 s remaining
Finished 52224 frames in 884.1 s, fps = 59, approx 477.1 s remaining
Finished 52288 frames in 885.2 s, fps = 59, approx 476.0 s remaining
Finished 52352 frames in 886.3 s, fps = 59, approx 475.0 s remaining
Finished 52416 frames in 887.4 s, fps = 59, approx 473.9 s remaining
Finished 52480 frames in 888.6 s, fps = 59, approx 472.8 s remaining
Finished 52544 frames in 889.6 s, fps = 59, approx 471.7 s remaining
Finished 52608 frames in 890.7 s, fps = 59, approx 470.7 s remaining
Finished 52672 frames in 891.8 s, fps = 59, approx 469.6 s remaining
Finished 52736 frames in 892.9 s, fps = 59, approx 468.5 s remaining
Finished 52800 frames in 893.9 s, fps = 59, approx 467.4 s remaining
Finished 52864 frames in 895.1 s, fps = 59, approx 466.3 s remaining
Finished 52928 frames in 896.1 s, fps = 59, approx 465.2 s remaining
Finished 52992 frames in 897.2 s, fps = 59, approx 464.1 s remaining
Finished 53056 frames in 898.2 s, fps = 59, approx 463.0 s remaining
Finished 53120 frames in 899.3 s, fps = 59, approx 461.9 s remaining
Finished 53184 frames in 900.4 s, fps = 59, approx 460.9 s remaining
Finished 53248 frames in 901.5 s, fps = 59, approx 459.8 s remaining
Finished 53312 frames in 902.5 s, fps = 59, approx 458.7 s remaining
Finished 53376 frames in 903.7 s, fps = 59, approx 457.6 s remaining
Finished 53440 frames in 904.8 s, fps = 59, approx 456.6 s remaining
Finished 53504 frames in 905.9 s, fps = 59, approx 455.5 s remaining
Finished 53568 frames in 907.0 s, fps = 59, approx 454.4 s remaining
Finished 53632 frames in 908.0 s, fps = 59, approx 453.3 s remaining
Finished 53696 frames in 909.2 s, fps = 59, approx 452.3 s remaining
Finished 53760 frames in 910.2 s, fps = 59, approx 451.1 s remaining
Finished 53824 frames in 911.4 s, fps = 59, approx 450.1 s remaining
Finished 53888 frames in 912.3 s, fps = 59, approx 449.0 s remaining
Finished 53952 frames in 913.5 s, fps = 59, approx 447.9 s remaining
Finished 54016 frames in 914.6 s, fps = 59, approx 446.8 s remaining
Finished 54080 frames in 915.6 s, fps = 59, approx 445.7 s remaining
Finished 54144 frames in 916.8 s, fps = 59, approx 444.7 s remaining
Finished 54208 frames in 917.8 s, fps = 59, approx 443.6 s remaining
Finished 54272 frames in 918.9 s, fps = 59, approx 442.5 s remaining
Finished 54336 frames in 920.0 s, fps = 59, approx 441.4 s remaining
Finished 54400 frames in 921.0 s, fps = 59, approx 440.3 s remaining
Finished 54464 frames in 922.2 s, fps = 59, approx 439.2 s remaining
Finished 54528 frames in 923.2 s, fps = 59, approx 438.1 s remaining
Finished 54592 frames in 924.3 s, fps = 59, approx 437.1 s remaining
Finished 54656 frames in 925.3 s, fps = 59, approx 435.9 s remaining
Finished 54720 frames in 926.4 s, fps = 59, approx 434.9 s remaining
Finished 54784 frames in 927.5 s, fps = 59, approx 433.8 s remaining
Finished 54848 frames in 928.5 s, fps = 59, approx 432.7 s remaining
Finished 54912 frames in 929.6 s, fps = 59, approx 431.6 s remaining
Finished 54976 frames in 930.6 s, fps = 59, approx 430.5 s remaining
Finished 55040 frames in 931.8 s, fps = 59, approx 429.5 s remaining
Finished 55104 frames in 932.8 s, fps = 59, approx 428.3 s remaining
Finished 55168 frames in 934.0 s, fps = 59, approx 427.3 s remaining
Finished 55232 frames in 935.0 s, fps = 59, approx 426.2 s remaining
Finished 55296 frames in 936.0 s, fps = 59, approx 425.1 s remaining
Finished 55360 frames in 937.2 s, fps = 59, approx 424.0 s remaining
Finished 55424 frames in 938.3 s, fps = 59, approx 422.9 s remaining
Finished 55488 frames in 939.4 s, fps = 59, approx 421.9 s remaining
Finished 55552 frames in 940.4 s, fps = 59, approx 420.8 s remaining
Finished 55616 frames in 941.5 s, fps = 59, approx 419.7 s remaining
Finished 55680 frames in 942.6 s, fps = 59, approx 418.6 s remaining
Finished 55744 frames in 943.7 s, fps = 59, approx 417.5 s remaining
Finished 55808 frames in 944.8 s, fps = 59, approx 416.4 s remaining
Finished 55872 frames in 945.9 s, fps = 59, approx 415.3 s remaining
Finished 55936 frames in 947.0 s, fps = 59, approx 414.3 s remaining
Finished 56000 frames in 948.1 s, fps = 59, approx 413.2 s remaining
Finished 56064 frames in 949.1 s, fps = 59, approx 412.1 s remaining
Finished 56128 frames in 950.2 s, fps = 59, approx 411.0 s remaining
Finished 56192 frames in 951.4 s, fps = 59, approx 410.0 s remaining
Finished 56256 frames in 952.4 s, fps = 59, approx 408.9 s remaining
Finished 56320 frames in 953.4 s, fps = 59, approx 407.8 s remaining
Finished 56384 frames in 954.7 s, fps = 59, approx 406.7 s remaining
Finished 56448 frames in 955.8 s, fps = 59, approx 405.6 s remaining
Finished 56512 frames in 957.1 s, fps = 59, approx 404.7 s remaining
Finished 56576 frames in 958.0 s, fps = 59, approx 403.5 s remaining
Finished 56640 frames in 959.1 s, fps = 59, approx 402.5 s remaining
Finished 56704 frames in 960.2 s, fps = 59, approx 401.4 s remaining
Finished 56768 frames in 961.4 s, fps = 59, approx 400.3 s remaining
Finished 56832 frames in 962.4 s, fps = 59, approx 399.2 s remaining
Finished 56896 frames in 963.6 s, fps = 59, approx 398.2 s remaining
Finished 56960 frames in 964.7 s, fps = 59, approx 397.1 s remaining
Finished 57024 frames in 965.7 s, fps = 59, approx 396.0 s remaining
Finished 57088 frames in 966.8 s, fps = 59, approx 394.9 s remaining
Finished 57152 frames in 967.9 s, fps = 59, approx 393.8 s remaining
Finished 57216 frames in 969.0 s, fps = 59, approx 392.7 s remaining
Finished 57280 frames in 970.2 s, fps = 59, approx 391.7 s remaining
Finished 57344 frames in 971.1 s, fps = 59, approx 390.5 s remaining
Finished 57408 frames in 972.2 s, fps = 59, approx 389.5 s remaining
Finished 57472 frames in 973.2 s, fps = 59, approx 388.4 s remaining
Finished 57536 frames in 974.3 s, fps = 59, approx 387.3 s remaining
Finished 57600 frames in 975.4 s, fps = 59, approx 386.2 s remaining
Finished 57664 frames in 976.4 s, fps = 59, approx 385.1 s remaining
Finished 57728 frames in 977.6 s, fps = 59, approx 384.0 s remaining
Finished 57792 frames in 978.6 s, fps = 59, approx 382.9 s remaining
Finished 57856 frames in 979.7 s, fps = 59, approx 381.8 s remaining
Finished 57920 frames in 980.7 s, fps = 59, approx 380.7 s remaining
Finished 57984 frames in 981.8 s, fps = 59, approx 379.7 s remaining
Finished 58048 frames in 982.9 s, fps = 59, approx 378.6 s remaining
Finished 58112 frames in 984.0 s, fps = 59, approx 377.5 s remaining
Finished 58176 frames in 985.0 s, fps = 59, approx 376.4 s remaining
Finished 58240 frames in 986.2 s, fps = 59, approx 375.3 s remaining
Finished 58304 frames in 987.2 s, fps = 59, approx 374.2 s remaining
Finished 58368 frames in 988.4 s, fps = 59, approx 373.2 s remaining
Finished 58432 frames in 989.4 s, fps = 59, approx 372.1 s remaining
Finished 58496 frames in 990.5 s, fps = 59, approx 371.0 s remaining
Finished 58560 frames in 991.6 s, fps = 59, approx 369.9 s remaining
Finished 58624 frames in 992.7 s, fps = 59, approx 368.8 s remaining
Finished 58688 frames in 993.8 s, fps = 59, approx 367.8 s remaining
Finished 58752 frames in 994.8 s, fps = 59, approx 366.6 s remaining
Finished 58816 frames in 995.7 s, fps = 59, approx 365.5 s remaining
Finished 58880 frames in 996.9 s, fps = 59, approx 364.4 s remaining
Finished 58944 frames in 997.9 s, fps = 59, approx 363.4 s remaining
Finished 59008 frames in 999.1 s, fps = 59, approx 362.3 s remaining
Finished 59072 frames in 1000.1 s, fps = 59, approx 361.2 s remaining
Finished 59136 frames in 1001.2 s, fps = 59, approx 360.1 s remaining
Finished 59200 frames in 1002.2 s, fps = 59, approx 359.0 s remaining
Finished 59264 frames in 1003.4 s, fps = 59, approx 358.0 s remaining
Finished 59328 frames in 1004.4 s, fps = 59, approx 356.9 s remaining
Finished 59392 frames in 1005.5 s, fps = 59, approx 355.8 s remaining
Finished 59456 frames in 1006.6 s, fps = 59, approx 354.7 s remaining
Finished 59520 frames in 1007.7 s, fps = 59, approx 353.6 s remaining
Finished 59584 frames in 1008.8 s, fps = 59, approx 352.5 s remaining
Finished 59648 frames in 1009.9 s, fps = 59, approx 351.5 s remaining
Finished 59712 frames in 1011.1 s, fps = 59, approx 350.4 s remaining
Finished 59776 frames in 1012.2 s, fps = 59, approx 349.3 s remaining
Finished 59840 frames in 1013.4 s, fps = 59, approx 348.3 s remaining
Finished 59904 frames in 1014.4 s, fps = 59, approx 347.2 s remaining
Finished 59968 frames in 1015.5 s, fps = 59, approx 346.1 s remaining
Finished 60032 frames in 1016.6 s, fps = 59, approx 345.0 s remaining
Finished 60096 frames in 1017.7 s, fps = 59, approx 343.9 s remaining
Finished 60160 frames in 1018.9 s, fps = 59, approx 342.9 s remaining
Finished 60224 frames in 1020.0 s, fps = 59, approx 341.8 s remaining
Finished 60288 frames in 1021.0 s, fps = 59, approx 340.7 s remaining
Finished 60352 frames in 1022.1 s, fps = 59, approx 339.6 s remaining
Finished 60416 frames in 1023.2 s, fps = 59, approx 338.5 s remaining
Finished 60480 frames in 1024.3 s, fps = 59, approx 337.5 s remaining
Finished 60544 frames in 1025.4 s, fps = 59, approx 336.4 s remaining
Finished 60608 frames in 1026.5 s, fps = 59, approx 335.3 s remaining
Finished 60672 frames in 1027.6 s, fps = 59, approx 334.2 s remaining
Finished 60736 frames in 1028.6 s, fps = 59, approx 333.1 s remaining
Finished 60800 frames in 1029.7 s, fps = 59, approx 332.0 s remaining
Finished 60864 frames in 1030.8 s, fps = 59, approx 331.0 s remaining
Finished 60928 frames in 1031.9 s, fps = 59, approx 329.9 s remaining
Finished 60992 frames in 1033.0 s, fps = 59, approx 328.8 s remaining
Finished 61056 frames in 1034.2 s, fps = 59, approx 327.7 s remaining
Finished 61120 frames in 1035.2 s, fps = 59, approx 326.7 s remaining
Finished 61184 frames in 1036.3 s, fps = 59, approx 325.6 s remaining
Finished 61248 frames in 1037.3 s, fps = 59, approx 324.5 s remaining
Finished 61312 frames in 1038.5 s, fps = 59, approx 323.4 s remaining
Finished 61376 frames in 1039.6 s, fps = 59, approx 322.3 s remaining
Finished 61440 frames in 1040.7 s, fps = 59, approx 321.2 s remaining
Finished 61504 frames in 1041.7 s, fps = 59, approx 320.1 s remaining
Finished 61568 frames in 1042.8 s, fps = 59, approx 319.1 s remaining
Finished 61632 frames in 1043.9 s, fps = 59, approx 318.0 s remaining
Finished 61696 frames in 1045.0 s, fps = 59, approx 316.9 s remaining
Finished 61760 frames in 1046.0 s, fps = 59, approx 315.8 s remaining
Finished 61824 frames in 1047.2 s, fps = 59, approx 314.7 s remaining
Finished 61888 frames in 1048.3 s, fps = 59, approx 313.7 s remaining
Finished 61952 frames in 1049.4 s, fps = 59, approx 312.6 s remaining
Finished 62016 frames in 1050.5 s, fps = 59, approx 311.5 s remaining
Finished 62080 frames in 1051.7 s, fps = 59, approx 310.5 s remaining
Finished 62144 frames in 1052.7 s, fps = 59, approx 309.4 s remaining
Finished 62208 frames in 1053.8 s, fps = 59, approx 308.3 s remaining
Finished 62272 frames in 1054.9 s, fps = 59, approx 307.2 s remaining
Finished 62336 frames in 1056.1 s, fps = 59, approx 306.1 s remaining
Finished 62400 frames in 1057.0 s, fps = 59, approx 305.0 s remaining
Finished 62464 frames in 1058.2 s, fps = 59, approx 304.0 s remaining
Finished 62528 frames in 1059.4 s, fps = 59, approx 302.9 s remaining
Finished 62592 frames in 1060.4 s, fps = 59, approx 301.8 s remaining
Finished 62656 frames in 1061.5 s, fps = 59, approx 300.7 s remaining
Finished 62720 frames in 1062.6 s, fps = 59, approx 299.6 s remaining
Finished 62784 frames in 1063.6 s, fps = 59, approx 298.5 s remaining
Finished 62848 frames in 1064.8 s, fps = 59, approx 297.5 s remaining
Finished 62912 frames in 1065.9 s, fps = 59, approx 296.4 s remaining
Finished 62976 frames in 1066.9 s, fps = 59, approx 295.3 s remaining
Finished 63040 frames in 1068.0 s, fps = 59, approx 294.2 s remaining
Finished 63104 frames in 1069.2 s, fps = 59, approx 293.1 s remaining
Finished 63168 frames in 1070.2 s, fps = 59, approx 292.0 s remaining
Finished 63232 frames in 1071.3 s, fps = 59, approx 291.0 s remaining
Finished 63296 frames in 1072.3 s, fps = 59, approx 289.9 s remaining
Finished 63360 frames in 1073.5 s, fps = 59, approx 288.8 s remaining
Finished 63424 frames in 1074.5 s, fps = 59, approx 287.7 s remaining
Finished 63488 frames in 1075.6 s, fps = 59, approx 286.6 s remaining
Finished 63552 frames in 1076.8 s, fps = 59, approx 285.6 s remaining
Finished 63616 frames in 1077.9 s, fps = 59, approx 284.5 s remaining
Finished 63680 frames in 1079.0 s, fps = 59, approx 283.4 s remaining
Finished 63744 frames in 1080.1 s, fps = 59, approx 282.3 s remaining
Finished 63808 frames in 1081.2 s, fps = 59, approx 281.2 s remaining
Finished 63872 frames in 1082.3 s, fps = 59, approx 280.2 s remaining
Finished 63936 frames in 1083.4 s, fps = 59, approx 279.1 s remaining
Finished 64000 frames in 1084.4 s, fps = 59, approx 278.0 s remaining
Finished 64064 frames in 1085.4 s, fps = 59, approx 276.9 s remaining
Finished 64128 frames in 1086.6 s, fps = 59, approx 275.8 s remaining
Finished 64192 frames in 1087.8 s, fps = 59, approx 274.8 s remaining
Finished 64256 frames in 1088.8 s, fps = 59, approx 273.7 s remaining
Finished 64320 frames in 1089.9 s, fps = 59, approx 272.6 s remaining
Finished 64384 frames in 1091.1 s, fps = 59, approx 271.5 s remaining
Finished 64448 frames in 1092.2 s, fps = 59, approx 270.4 s remaining
Finished 64512 frames in 1093.2 s, fps = 59, approx 269.3 s remaining
Finished 64576 frames in 1094.2 s, fps = 59, approx 268.2 s remaining
Finished 64640 frames in 1095.4 s, fps = 59, approx 267.2 s remaining
Finished 64704 frames in 1096.5 s, fps = 59, approx 266.1 s remaining
Finished 64768 frames in 1097.5 s, fps = 59, approx 265.0 s remaining
Finished 64832 frames in 1098.7 s, fps = 59, approx 263.9 s remaining
Finished 64896 frames in 1099.8 s, fps = 59, approx 262.8 s remaining
Finished 64960 frames in 1101.0 s, fps = 59, approx 261.8 s remaining
Finished 65024 frames in 1101.9 s, fps = 59, approx 260.7 s remaining
Finished 65088 frames in 1103.0 s, fps = 59, approx 259.6 s remaining
Finished 65152 frames in 1104.1 s, fps = 59, approx 258.5 s remaining
Finished 65216 frames in 1105.2 s, fps = 59, approx 257.4 s remaining
Finished 65280 frames in 1106.3 s, fps = 59, approx 256.3 s remaining
Finished 65344 frames in 1107.4 s, fps = 59, approx 255.3 s remaining
Finished 65408 frames in 1108.3 s, fps = 59, approx 254.1 s remaining
Finished 65472 frames in 1109.6 s, fps = 59, approx 253.1 s remaining
Finished 65536 frames in 1110.6 s, fps = 59, approx 252.0 s remaining
Finished 65600 frames in 1111.7 s, fps = 59, approx 250.9 s remaining
Finished 65664 frames in 1112.9 s, fps = 59, approx 249.9 s remaining
Finished 65728 frames in 1113.9 s, fps = 59, approx 248.7 s remaining
Finished 65792 frames in 1115.0 s, fps = 59, approx 247.7 s remaining
Finished 65856 frames in 1116.0 s, fps = 59, approx 246.6 s remaining
Finished 65920 frames in 1117.1 s, fps = 59, approx 245.5 s remaining
Finished 65984 frames in 1118.3 s, fps = 59, approx 244.4 s remaining
Finished 66048 frames in 1119.3 s, fps = 59, approx 243.3 s remaining
Finished 66112 frames in 1120.4 s, fps = 59, approx 242.2 s remaining
Finished 66176 frames in 1121.5 s, fps = 59, approx 241.2 s remaining
Finished 66240 frames in 1122.6 s, fps = 59, approx 240.1 s remaining
Finished 66304 frames in 1123.6 s, fps = 59, approx 239.0 s remaining
Finished 66368 frames in 1124.7 s, fps = 59, approx 237.9 s remaining
Finished 66432 frames in 1125.8 s, fps = 59, approx 236.8 s remaining
Finished 66496 frames in 1126.9 s, fps = 59, approx 235.7 s remaining
Finished 66560 frames in 1128.1 s, fps = 59, approx 234.7 s remaining
Finished 66624 frames in 1129.1 s, fps = 59, approx 233.6 s remaining
Finished 66688 frames in 1130.2 s, fps = 59, approx 232.5 s remaining
Finished 66752 frames in 1131.3 s, fps = 59, approx 231.4 s remaining
Finished 66816 frames in 1132.4 s, fps = 59, approx 230.3 s remaining
Finished 66880 frames in 1133.4 s, fps = 59, approx 229.2 s remaining
Finished 66944 frames in 1134.5 s, fps = 59, approx 228.1 s remaining
Finished 67008 frames in 1135.6 s, fps = 59, approx 227.1 s remaining
Finished 67072 frames in 1136.7 s, fps = 59, approx 226.0 s remaining
Finished 67136 frames in 1137.7 s, fps = 59, approx 224.9 s remaining
Finished 67200 frames in 1138.8 s, fps = 59, approx 223.8 s remaining
Finished 67264 frames in 1139.9 s, fps = 59, approx 222.7 s remaining
Finished 67328 frames in 1141.0 s, fps = 59, approx 221.6 s remaining
Finished 67392 frames in 1142.1 s, fps = 59, approx 220.6 s remaining
Finished 67456 frames in 1143.2 s, fps = 59, approx 219.5 s remaining
Finished 67520 frames in 1144.2 s, fps = 59, approx 218.4 s remaining
Finished 67584 frames in 1145.3 s, fps = 59, approx 217.3 s remaining
Finished 67648 frames in 1146.4 s, fps = 59, approx 216.2 s remaining
Finished 67712 frames in 1147.6 s, fps = 59, approx 215.1 s remaining
Finished 67776 frames in 1148.7 s, fps = 59, approx 214.1 s remaining
Finished 67840 frames in 1149.7 s, fps = 59, approx 213.0 s remaining
Finished 67904 frames in 1150.8 s, fps = 59, approx 211.9 s remaining
Finished 67968 frames in 1151.9 s, fps = 59, approx 210.8 s remaining
Finished 68032 frames in 1153.1 s, fps = 59, approx 209.7 s remaining
Finished 68096 frames in 1154.2 s, fps = 59, approx 208.6 s remaining
Finished 68160 frames in 1155.2 s, fps = 59, approx 207.5 s remaining
Finished 68224 frames in 1156.3 s, fps = 59, approx 206.5 s remaining
Finished 68288 frames in 1157.4 s, fps = 59, approx 205.4 s remaining
Finished 68352 frames in 1158.5 s, fps = 59, approx 204.3 s remaining
Finished 68416 frames in 1159.6 s, fps = 59, approx 203.2 s remaining
Finished 68480 frames in 1160.6 s, fps = 59, approx 202.1 s remaining
Finished 68544 frames in 1161.8 s, fps = 59, approx 201.1 s remaining
Finished 68608 frames in 1162.8 s, fps = 59, approx 200.0 s remaining
Finished 68672 frames in 1164.0 s, fps = 59, approx 198.9 s remaining
Finished 68736 frames in 1165.0 s, fps = 59, approx 197.8 s remaining
Finished 68800 frames in 1166.1 s, fps = 59, approx 196.7 s remaining
Finished 68864 frames in 1167.1 s, fps = 59, approx 195.6 s remaining
Finished 68928 frames in 1168.3 s, fps = 59, approx 194.5 s remaining
Finished 68992 frames in 1169.4 s, fps = 59, approx 193.5 s remaining
Finished 69056 frames in 1170.6 s, fps = 59, approx 192.4 s remaining
Finished 69120 frames in 1171.6 s, fps = 59, approx 191.3 s remaining
Finished 69184 frames in 1172.8 s, fps = 59, approx 190.2 s remaining
Finished 69248 frames in 1173.8 s, fps = 59, approx 189.1 s remaining
Finished 69312 frames in 1174.9 s, fps = 59, approx 188.1 s remaining
Finished 69376 frames in 1176.1 s, fps = 59, approx 187.0 s remaining
Finished 69440 frames in 1177.1 s, fps = 59, approx 185.9 s remaining
Finished 69504 frames in 1178.2 s, fps = 59, approx 184.8 s remaining
Finished 69568 frames in 1179.3 s, fps = 59, approx 183.7 s remaining
Finished 69632 frames in 1180.3 s, fps = 59, approx 182.6 s remaining
Finished 69696 frames in 1181.3 s, fps = 59, approx 181.5 s remaining
Finished 69760 frames in 1182.4 s, fps = 59, approx 180.4 s remaining
Finished 69824 frames in 1183.5 s, fps = 59, approx 179.4 s remaining
Finished 69888 frames in 1184.8 s, fps = 59, approx 178.3 s remaining
Finished 69952 frames in 1185.9 s, fps = 59, approx 177.2 s remaining
Finished 70016 frames in 1186.9 s, fps = 59, approx 176.1 s remaining
Finished 70080 frames in 1188.0 s, fps = 59, approx 175.0 s remaining
Finished 70144 frames in 1189.0 s, fps = 59, approx 174.0 s remaining
Finished 70208 frames in 1190.1 s, fps = 59, approx 172.9 s remaining
Finished 70272 frames in 1191.3 s, fps = 59, approx 171.8 s remaining
Finished 70336 frames in 1192.3 s, fps = 59, approx 170.7 s remaining
Finished 70400 frames in 1193.4 s, fps = 59, approx 169.6 s remaining
Finished 70464 frames in 1194.5 s, fps = 59, approx 168.5 s remaining
Finished 70528 frames in 1195.6 s, fps = 59, approx 167.4 s remaining
Finished 70592 frames in 1196.7 s, fps = 59, approx 166.4 s remaining
Finished 70656 frames in 1197.8 s, fps = 59, approx 165.3 s remaining
Finished 70720 frames in 1198.9 s, fps = 59, approx 164.2 s remaining
Finished 70784 frames in 1200.1 s, fps = 59, approx 163.1 s remaining
Finished 70848 frames in 1201.0 s, fps = 59, approx 162.0 s remaining
Finished 70912 frames in 1202.1 s, fps = 59, approx 160.9 s remaining
Finished 70976 frames in 1203.3 s, fps = 59, approx 159.9 s remaining
Finished 71040 frames in 1204.4 s, fps = 59, approx 158.8 s remaining
Finished 71104 frames in 1205.4 s, fps = 59, approx 157.7 s remaining
Finished 71168 frames in 1206.5 s, fps = 59, approx 156.6 s remaining
Finished 71232 frames in 1207.6 s, fps = 59, approx 155.5 s remaining
Finished 71296 frames in 1208.7 s, fps = 59, approx 154.4 s remaining
Finished 71360 frames in 1209.6 s, fps = 59, approx 153.3 s remaining
Finished 71424 frames in 1210.7 s, fps = 59, approx 152.3 s remaining
Finished 71488 frames in 1211.8 s, fps = 59, approx 151.2 s remaining
Finished 71552 frames in 1213.0 s, fps = 59, approx 150.1 s remaining
Finished 71616 frames in 1214.0 s, fps = 59, approx 149.0 s remaining
Finished 71680 frames in 1215.2 s, fps = 59, approx 147.9 s remaining
Finished 71744 frames in 1216.3 s, fps = 59, approx 146.9 s remaining
Finished 71808 frames in 1217.4 s, fps = 59, approx 145.8 s remaining
Finished 71872 frames in 1218.6 s, fps = 59, approx 144.7 s remaining
Finished 71936 frames in 1219.6 s, fps = 59, approx 143.6 s remaining
Finished 72000 frames in 1220.7 s, fps = 59, approx 142.5 s remaining
Finished 72064 frames in 1221.8 s, fps = 59, approx 141.4 s remaining
Finished 72128 frames in 1222.8 s, fps = 59, approx 140.3 s remaining
Finished 72192 frames in 1223.9 s, fps = 59, approx 139.3 s remaining
Finished 72256 frames in 1224.9 s, fps = 59, approx 138.2 s remaining
Finished 72320 frames in 1226.1 s, fps = 59, approx 137.1 s remaining
Finished 72384 frames in 1227.2 s, fps = 59, approx 136.0 s remaining
Finished 72448 frames in 1228.3 s, fps = 59, approx 134.9 s remaining
Finished 72512 frames in 1229.4 s, fps = 59, approx 133.8 s remaining
Finished 72576 frames in 1230.5 s, fps = 59, approx 132.8 s remaining
Finished 72640 frames in 1231.5 s, fps = 59, approx 131.7 s remaining
Finished 72704 frames in 1232.6 s, fps = 59, approx 130.6 s remaining
Finished 72768 frames in 1233.7 s, fps = 59, approx 129.5 s remaining
Finished 72832 frames in 1234.9 s, fps = 59, approx 128.4 s remaining
Finished 72896 frames in 1235.9 s, fps = 59, approx 127.3 s remaining
Finished 72960 frames in 1237.0 s, fps = 59, approx 126.2 s remaining
Finished 73024 frames in 1238.1 s, fps = 59, approx 125.2 s remaining
Finished 73088 frames in 1239.2 s, fps = 59, approx 124.1 s remaining
Finished 73152 frames in 1240.3 s, fps = 59, approx 123.0 s remaining
Finished 73216 frames in 1241.3 s, fps = 59, approx 121.9 s remaining
Finished 73280 frames in 1242.4 s, fps = 59, approx 120.8 s remaining
Finished 73344 frames in 1243.5 s, fps = 59, approx 119.7 s remaining
Finished 73408 frames in 1244.6 s, fps = 59, approx 118.6 s remaining
Finished 73472 frames in 1245.6 s, fps = 59, approx 117.6 s remaining
Finished 73536 frames in 1246.9 s, fps = 59, approx 116.5 s remaining
Finished 73600 frames in 1247.9 s, fps = 59, approx 115.4 s remaining
Finished 73664 frames in 1249.0 s, fps = 59, approx 114.3 s remaining
Finished 73728 frames in 1250.0 s, fps = 59, approx 113.2 s remaining
Finished 73792 frames in 1251.1 s, fps = 59, approx 112.1 s remaining
Finished 73856 frames in 1252.2 s, fps = 59, approx 111.1 s remaining
Finished 73920 frames in 1253.2 s, fps = 59, approx 110.0 s remaining
Finished 73984 frames in 1254.4 s, fps = 59, approx 108.9 s remaining
Finished 74048 frames in 1255.4 s, fps = 59, approx 107.8 s remaining
Finished 74112 frames in 1256.6 s, fps = 59, approx 106.7 s remaining
Finished 74176 frames in 1257.7 s, fps = 59, approx 105.6 s remaining
Finished 74240 frames in 1258.7 s, fps = 59, approx 104.5 s remaining
Finished 74304 frames in 1259.8 s, fps = 59, approx 103.5 s remaining
Finished 74368 frames in 1260.9 s, fps = 59, approx 102.4 s remaining
Finished 74432 frames in 1262.0 s, fps = 59, approx 101.3 s remaining
Finished 74496 frames in 1263.1 s, fps = 59, approx 100.2 s remaining
Finished 74560 frames in 1264.1 s, fps = 59, approx 99.1 s remaining
Finished 74624 frames in 1265.2 s, fps = 59, approx 98.0 s remaining
Finished 74688 frames in 1266.4 s, fps = 59, approx 97.0 s remaining
Finished 74752 frames in 1267.4 s, fps = 59, approx 95.9 s remaining
Finished 74816 frames in 1268.5 s, fps = 59, approx 94.8 s remaining
Finished 74880 frames in 1269.6 s, fps = 59, approx 93.7 s remaining
Finished 74944 frames in 1270.6 s, fps = 59, approx 92.6 s remaining
Finished 75008 frames in 1271.8 s, fps = 59, approx 91.5 s remaining
Finished 75072 frames in 1272.9 s, fps = 59, approx 90.4 s remaining
Finished 75136 frames in 1273.9 s, fps = 59, approx 89.4 s remaining
Finished 75200 frames in 1275.0 s, fps = 59, approx 88.3 s remaining
Finished 75264 frames in 1276.2 s, fps = 59, approx 87.2 s remaining
Finished 75328 frames in 1277.1 s, fps = 59, approx 86.1 s remaining
Finished 75392 frames in 1278.3 s, fps = 59, approx 85.0 s remaining
Finished 75456 frames in 1279.5 s, fps = 59, approx 83.9 s remaining
Finished 75520 frames in 1280.4 s, fps = 59, approx 82.8 s remaining
Finished 75584 frames in 1281.5 s, fps = 59, approx 81.8 s remaining
Finished 75648 frames in 1282.6 s, fps = 59, approx 80.7 s remaining
Finished 75712 frames in 1283.7 s, fps = 59, approx 79.6 s remaining
Finished 75776 frames in 1284.8 s, fps = 59, approx 78.5 s remaining
Finished 75840 frames in 1285.8 s, fps = 59, approx 77.4 s remaining
Finished 75904 frames in 1286.9 s, fps = 59, approx 76.3 s remaining
Finished 75968 frames in 1288.1 s, fps = 59, approx 75.2 s remaining
Finished 76032 frames in 1289.1 s, fps = 59, approx 74.2 s remaining
Finished 76096 frames in 1290.2 s, fps = 59, approx 73.1 s remaining
Finished 76160 frames in 1291.4 s, fps = 59, approx 72.0 s remaining
Finished 76224 frames in 1292.3 s, fps = 59, approx 70.9 s remaining
Finished 76288 frames in 1293.4 s, fps = 59, approx 69.8 s remaining
Finished 76352 frames in 1294.6 s, fps = 59, approx 68.7 s remaining
Finished 76416 frames in 1295.6 s, fps = 59, approx 67.6 s remaining
Finished 76480 frames in 1296.8 s, fps = 59, approx 66.6 s remaining
Finished 76544 frames in 1297.9 s, fps = 59, approx 65.5 s remaining
Finished 76608 frames in 1299.0 s, fps = 59, approx 64.4 s remaining
Finished 76672 frames in 1300.0 s, fps = 59, approx 63.3 s remaining
Finished 76736 frames in 1301.1 s, fps = 59, approx 62.2 s remaining
Finished 76800 frames in 1302.2 s, fps = 59, approx 61.1 s remaining
Finished 76864 frames in 1303.3 s, fps = 59, approx 60.1 s remaining
Finished 76928 frames in 1304.4 s, fps = 59, approx 59.0 s remaining
Finished 76992 frames in 1305.4 s, fps = 59, approx 57.9 s remaining
Finished 77056 frames in 1306.5 s, fps = 59, approx 56.8 s remaining
Finished 77120 frames in 1307.5 s, fps = 59, approx 55.7 s remaining
Finished 77184 frames in 1308.8 s, fps = 59, approx 54.6 s remaining
Finished 77248 frames in 1309.9 s, fps = 59, approx 53.6 s remaining
Finished 77312 frames in 1310.9 s, fps = 59, approx 52.5 s remaining
Finished 77376 frames in 1312.1 s, fps = 59, approx 51.4 s remaining
Finished 77440 frames in 1313.1 s, fps = 59, approx 50.3 s remaining
Finished 77504 frames in 1314.3 s, fps = 59, approx 49.2 s remaining
Finished 77568 frames in 1315.3 s, fps = 59, approx 48.1 s remaining
Finished 77632 frames in 1316.5 s, fps = 59, approx 47.0 s remaining
Finished 77696 frames in 1317.5 s, fps = 59, approx 46.0 s remaining
Finished 77760 frames in 1318.7 s, fps = 59, approx 44.9 s remaining
Finished 77824 frames in 1319.8 s, fps = 59, approx 43.8 s remaining
Finished 77888 frames in 1320.8 s, fps = 59, approx 42.7 s remaining
Finished 77952 frames in 1322.0 s, fps = 59, approx 41.6 s remaining
Finished 78016 frames in 1323.1 s, fps = 59, approx 40.5 s remaining
Finished 78080 frames in 1324.0 s, fps = 59, approx 39.4 s remaining
Finished 78144 frames in 1325.2 s, fps = 59, approx 38.4 s remaining
Finished 78208 frames in 1326.3 s, fps = 59, approx 37.3 s remaining
Finished 78272 frames in 1327.4 s, fps = 59, approx 36.2 s remaining
Finished 78336 frames in 1328.4 s, fps = 59, approx 35.1 s remaining
Finished 78400 frames in 1329.5 s, fps = 59, approx 34.0 s remaining
Finished 78464 frames in 1330.6 s, fps = 59, approx 32.9 s remaining
Finished 78528 frames in 1331.8 s, fps = 59, approx 31.8 s remaining
Finished 78592 frames in 1332.7 s, fps = 59, approx 30.8 s remaining
Finished 78656 frames in 1333.8 s, fps = 59, approx 29.7 s remaining
Finished 78720 frames in 1334.9 s, fps = 59, approx 28.6 s remaining
Finished 78784 frames in 1336.0 s, fps = 59, approx 27.5 s remaining
Finished 78848 frames in 1337.0 s, fps = 59, approx 26.4 s remaining
Finished 78912 frames in 1338.2 s, fps = 59, approx 25.3 s remaining
Finished 78976 frames in 1339.2 s, fps = 59, approx 24.2 s remaining
Finished 79040 frames in 1340.3 s, fps = 59, approx 23.2 s remaining
Finished 79104 frames in 1341.4 s, fps = 59, approx 22.1 s remaining
Finished 79168 frames in 1342.5 s, fps = 59, approx 21.0 s remaining
Finished 79232 frames in 1343.6 s, fps = 59, approx 19.9 s remaining
Finished 79296 frames in 1344.6 s, fps = 59, approx 18.8 s remaining
Finished 79360 frames in 1345.6 s, fps = 59, approx 17.7 s remaining
Finished 79424 frames in 1346.8 s, fps = 59, approx 16.7 s remaining
Finished 79488 frames in 1347.9 s, fps = 59, approx 15.6 s remaining
Finished 79552 frames in 1349.0 s, fps = 59, approx 14.5 s remaining
Finished 79616 frames in 1350.1 s, fps = 59, approx 13.4 s remaining
Finished 79680 frames in 1351.1 s, fps = 59, approx 12.3 s remaining
Finished 79744 frames in 1352.2 s, fps = 59, approx 11.2 s remaining
Finished 79808 frames in 1353.4 s, fps = 59, approx 10.1 s remaining
Finished 79872 frames in 1354.4 s, fps = 59, approx 9.1 s remaining
Finished 79936 frames in 1355.5 s, fps = 59, approx 8.0 s remaining
Finished 80000 frames in 1356.6 s, fps = 59, approx 6.9 s remaining
Finished 80064 frames in 1357.6 s, fps = 59, approx 5.8 s remaining
Finished 80128 frames in 1358.8 s, fps = 59, approx 4.7 s remaining
Finished 80192 frames in 1359.9 s, fps = 59, approx 3.6 s remaining
Finished 80256 frames in 1361.0 s, fps = 59, approx 2.5 s remaining
Finished 80320 frames in 1362.1 s, fps = 59, approx 1.5 s remaining
Finished 80384 frames in 1363.1 s, fps = 59, approx 0.4 s remaining
Finished 80406 frames in 1363.3 s, fps = 59, approx 0.0 s remaining
Done in 1363.4033967989963 s, fps = 58.974475337803554.
Video saved as: /nancy/projects/reward_competition_ephys_analysis_with_omission_and_divider_controls/results/2023_05_17_sleap_analysis/proc/predicted_frames/2_subj/20221202_134600_omission_and_competition_subject_6_1_and_6_2.1.fixed.2_subj.predictions.slp.avi
All Done!
