inference /nancy/projects/reward_competition_ephys_analysis_with_omission_and_divider_controls/results/2023_05_17_sleap_analysis/data/reencoded_videos
/nancy/projects/reward_competition_ephys_analysis_with_omission_and_divider_controls/results/2023_05_17_sleap_analysis/data/reencoded_videos/20221202_134600_omission_and_competition_subject_6_1_and_6_2.1.fixed.mp4
Started inference at: 2023-05-18 15:24:42.522812
Args:
{
│   'data_path': '/nancy/projects/reward_competition_ephys_analysis_with_omission_and_divider_controls/results/2023_05_17_sleap_analysis/data/reencoded_videos/20221202_134600_omission_and_competition_subject_6_1_and_6_2.1.fixed.mp4',
│   'models': [
│   │   '/nancy/projects/reward_competition_ephys_analysis_with_omission_and_divider_controls/results/2023_05_17_sleap_analysis/models/baseline_medium_rf.bottomup'
│   ],
│   'frames': '',
│   'only_labeled_frames': False,
│   'only_suggested_frames': False,
│   'output': '/nancy/projects/reward_competition_ephys_analysis_with_omission_and_divider_controls/results/2023_05_17_sleap_analysis/proc/predicted_frames/1_subj/20221202_134600_omission_and_competition_subject_6_1_and_6_2.1.fixed.1_subj.predictions.slp',
│   'no_empty_frames': False,
│   'verbosity': 'rich',
│   'video.dataset': None,
│   'video.input_format': 'channels_last',
│   'video.index': '',
│   'cpu': False,
│   'first_gpu': False,
│   'last_gpu': False,
│   'gpu': 'auto',
│   'max_edge_length_ratio': 0.25,
│   'dist_penalty_weight': 1.0,
│   'batch_size': 4,
│   'open_in_gui': False,
│   'peak_threshold': 0.2,
│   'tracking.tracker': 'flow',
│   'tracking.target_instance_count': 1,
│   'tracking.pre_cull_to_target': None,
│   'tracking.pre_cull_iou_threshold': None,
│   'tracking.post_connect_single_breaks': None,
│   'tracking.clean_instance_count': 1,
│   'tracking.clean_iou_threshold': None,
│   'tracking.similarity': 'iou',
│   'tracking.match': 'greedy',
│   'tracking.track_window': None,
│   'tracking.min_new_track_points': None,
│   'tracking.min_match_points': None,
│   'tracking.img_scale': None,
│   'tracking.of_window_size': None,
│   'tracking.of_max_levels': None,
│   'tracking.save_shifted_instances': None,
│   'tracking.kf_node_indices': None,
│   'tracking.kf_init_frame_count': None
}

INFO:sleap.nn.inference:Auto-selected GPU 0 with 11006 MiB of free memory.
Versions:
SLEAP: 1.2.9
TensorFlow: 2.6.3
Numpy: 1.19.5
Python: 3.7.12
OS: Linux-5.15.0-71-generic-x86_64-with-debian-bullseye-sid

System:
GPUs: 1/1 available
  Device: /physical_device:GPU:0
         Available: True
        Initalized: False
     Memory growth: True

Video: /nancy/projects/reward_competition_ephys_analysis_with_omission_and_divider_controls/results/2023_05_17_sleap_analysis/data/reencoded_videos/20221202_134600_omission_and_competition_subject_6_1_and_6_2.1.fixed.mp4
Predicting... ━━━━━━━━━━━━━━━━━━━━━━━━━━━━━━━━━━━━━━━━ 100% ETA: 0:00:00 2.2 FPS
Finished inference at: 2023-05-18 16:39:52.017597
Total runtime: 4509.494798898697 secs
Predicted frames: 83387/83387
Provenance:
{
│   'model_paths': [
│   │   '/nancy/projects/reward_competition_ephys_analysis_with_omission_and_divider_controls/results/2023_05_17_sleap_analysis/models/baseline_medium_rf.bottomup/training_config.json'
│   ],
│   'predictor': 'BottomUpPredictor',
│   'sleap_version': '1.2.9',
│   'platform': 'Linux-5.15.0-71-generic-x86_64-with-debian-bullseye-sid',
│   'command': '/nancy/projects/reward_competition_ephys_analysis_with_omission_and_divider_controls/bin/conda_environment/sleap_1_2_9_env/bin/sleap-track /nancy/projects/reward_competition_ephys_analysis_with_omission_and_divider_controls/results/2023_05_17_sleap_analysis/data/reencoded_videos/20221202_134600_omission_and_competition_subject_6_1_and_6_2.1.fixed.mp4 --tracking.tracker flow --tracking.similarity iou --tracking.match greedy --tracking.clean_instance_count 1 --tracking.target_instance_count 1 -m /nancy/projects/reward_competition_ephys_analysis_with_omission_and_divider_controls/results/2023_05_17_sleap_analysis/models/baseline_medium_rf.bottomup -o /nancy/projects/reward_competition_ephys_analysis_with_omission_and_divider_controls/results/2023_05_17_sleap_analysis/proc/predicted_frames/1_subj/20221202_134600_omission_and_competition_subject_6_1_and_6_2.1.fixed.1_subj.predictions.slp',
│   'data_path': '/nancy/projects/reward_competition_ephys_analysis_with_omission_and_divider_controls/results/2023_05_17_sleap_analysis/data/reencoded_videos/20221202_134600_omission_and_competition_subject_6_1_and_6_2.1.fixed.mp4',
│   'output_path': '/nancy/projects/reward_competition_ephys_analysis_with_omission_and_divider_controls/results/2023_05_17_sleap_analysis/proc/predicted_frames/1_subj/20221202_134600_omission_and_competition_subject_6_1_and_6_2.1.fixed.1_subj.predictions.slp',
│   'total_elapsed': 4509.494798898697,
│   'start_timestamp': '2023-05-18 15:24:42.522812',
│   'finish_timestamp': '2023-05-18 16:39:52.017597'
}

Saved output: /nancy/projects/reward_competition_ephys_analysis_with_omission_and_divider_controls/results/2023_05_17_sleap_analysis/proc/predicted_frames/1_subj/20221202_134600_omission_and_competition_subject_6_1_and_6_2.1.fixed.1_subj.predictions.slp
rendering /nancy/projects/reward_competition_ephys_analysis_with_omission_and_divider_controls/results/2023_05_17_sleap_analysis/data/reencoded_videos
/nancy/projects/reward_competition_ephys_analysis_with_omission_and_divider_controls/results/2023_05_17_sleap_analysis/proc/predicted_frames/1_subj/20221202_134600_omission_and_competition_subject_6_1_and_6_2.1.fixed.1_subj.predictions.slp
Saving config: /home/riwata/.sleap/1.2.9/preferences.yaml
Writing video with 80406 frame images...
INFO:sleap.io.visuals:Chunks: 1257, chunk size: 64
Finished 64 frames in 2.0 s, fps = 32, approx 2478.1 s remaining
Finished 128 frames in 3.0 s, fps = 42, approx 1908.6 s remaining
Finished 192 frames in 4.1 s, fps = 47, approx 1714.6 s remaining
Finished 256 frames in 5.1 s, fps = 50, approx 1598.8 s remaining
Finished 320 frames in 6.2 s, fps = 52, approx 1550.2 s remaining
Finished 384 frames in 7.3 s, fps = 53, approx 1519.3 s remaining
Finished 448 frames in 8.5 s, fps = 53, approx 1519.8 s remaining
Finished 512 frames in 9.7 s, fps = 53, approx 1506.0 s remaining
Finished 576 frames in 10.8 s, fps = 54, approx 1491.3 s remaining
Finished 640 frames in 11.9 s, fps = 54, approx 1486.3 s remaining
Finished 704 frames in 13.0 s, fps = 54, approx 1474.2 s remaining
Finished 768 frames in 14.1 s, fps = 55, approx 1460.8 s remaining
Finished 832 frames in 15.2 s, fps = 55, approx 1450.9 s remaining
Finished 896 frames in 16.3 s, fps = 55, approx 1448.3 s remaining
Finished 960 frames in 17.4 s, fps = 55, approx 1436.4 s remaining
Finished 1024 frames in 18.4 s, fps = 56, approx 1428.4 s remaining
Finished 1088 frames in 19.5 s, fps = 56, approx 1419.6 s remaining
Finished 1152 frames in 20.6 s, fps = 56, approx 1416.6 s remaining
Finished 1216 frames in 21.7 s, fps = 56, approx 1412.6 s remaining
Finished 1280 frames in 22.7 s, fps = 56, approx 1403.7 s remaining
Finished 1344 frames in 23.8 s, fps = 56, approx 1400.6 s remaining
Finished 1408 frames in 24.9 s, fps = 57, approx 1395.1 s remaining
Finished 1472 frames in 25.9 s, fps = 57, approx 1388.7 s remaining
Finished 1536 frames in 27.1 s, fps = 57, approx 1392.1 s remaining
Finished 1600 frames in 28.1 s, fps = 57, approx 1386.0 s remaining
Finished 1664 frames in 29.2 s, fps = 57, approx 1381.8 s remaining
Finished 1728 frames in 30.3 s, fps = 57, approx 1380.9 s remaining
Finished 1792 frames in 31.3 s, fps = 57, approx 1374.8 s remaining
Finished 1856 frames in 32.4 s, fps = 57, approx 1372.3 s remaining
Finished 1920 frames in 33.5 s, fps = 57, approx 1370.9 s remaining
Finished 1984 frames in 34.6 s, fps = 57, approx 1367.7 s remaining
Finished 2048 frames in 35.6 s, fps = 57, approx 1362.8 s remaining
Finished 2112 frames in 36.7 s, fps = 58, approx 1360.6 s remaining
Finished 2176 frames in 37.7 s, fps = 58, approx 1357.2 s remaining
Finished 2240 frames in 38.8 s, fps = 58, approx 1355.5 s remaining
Finished 2304 frames in 40.0 s, fps = 58, approx 1355.3 s remaining
Finished 2368 frames in 41.2 s, fps = 58, approx 1356.4 s remaining
Finished 2432 frames in 42.3 s, fps = 57, approx 1356.8 s remaining
Finished 2496 frames in 43.5 s, fps = 57, approx 1357.8 s remaining
Finished 2560 frames in 44.6 s, fps = 57, approx 1355.7 s remaining
Finished 2624 frames in 45.7 s, fps = 57, approx 1353.3 s remaining
Finished 2688 frames in 46.7 s, fps = 58, approx 1350.3 s remaining
Finished 2752 frames in 47.8 s, fps = 58, approx 1348.3 s remaining
Finished 2816 frames in 49.0 s, fps = 58, approx 1349.1 s remaining
Finished 2880 frames in 50.0 s, fps = 58, approx 1345.8 s remaining
Finished 2944 frames in 51.0 s, fps = 58, approx 1343.1 s remaining
Finished 3008 frames in 52.1 s, fps = 58, approx 1341.7 s remaining
Finished 3072 frames in 53.3 s, fps = 58, approx 1342.8 s remaining
Finished 3136 frames in 54.4 s, fps = 58, approx 1340.1 s remaining
Finished 3200 frames in 55.4 s, fps = 58, approx 1337.6 s remaining
Finished 3264 frames in 56.5 s, fps = 58, approx 1335.9 s remaining
Finished 3328 frames in 57.6 s, fps = 58, approx 1333.1 s remaining
Finished 3392 frames in 58.7 s, fps = 58, approx 1333.5 s remaining
Finished 3456 frames in 59.9 s, fps = 58, approx 1333.2 s remaining
Finished 3520 frames in 60.8 s, fps = 58, approx 1328.4 s remaining
Finished 3584 frames in 61.9 s, fps = 58, approx 1327.7 s remaining
Finished 3648 frames in 63.0 s, fps = 58, approx 1325.2 s remaining
Finished 3712 frames in 64.1 s, fps = 58, approx 1323.9 s remaining
Finished 3776 frames in 65.2 s, fps = 58, approx 1322.7 s remaining
Finished 3840 frames in 66.3 s, fps = 58, approx 1321.5 s remaining
Finished 3904 frames in 67.3 s, fps = 58, approx 1319.0 s remaining
Finished 3968 frames in 68.3 s, fps = 58, approx 1316.6 s remaining
Finished 4032 frames in 69.4 s, fps = 58, approx 1314.3 s remaining
Finished 4096 frames in 70.5 s, fps = 58, approx 1314.2 s remaining
Finished 4160 frames in 71.5 s, fps = 58, approx 1311.0 s remaining
Finished 4224 frames in 72.6 s, fps = 58, approx 1309.1 s remaining
Finished 4288 frames in 73.6 s, fps = 58, approx 1306.9 s remaining
Finished 4352 frames in 74.8 s, fps = 58, approx 1306.9 s remaining
Finished 4416 frames in 76.0 s, fps = 58, approx 1307.1 s remaining
Finished 4480 frames in 77.0 s, fps = 58, approx 1305.5 s remaining
Finished 4544 frames in 78.2 s, fps = 58, approx 1305.1 s remaining
Finished 4608 frames in 79.2 s, fps = 58, approx 1302.2 s remaining
Finished 4672 frames in 80.3 s, fps = 58, approx 1302.0 s remaining
Finished 4736 frames in 81.4 s, fps = 58, approx 1300.0 s remaining
Finished 4800 frames in 82.5 s, fps = 58, approx 1299.2 s remaining
Finished 4864 frames in 83.6 s, fps = 58, approx 1297.7 s remaining
Finished 4928 frames in 84.7 s, fps = 58, approx 1297.0 s remaining
Finished 4992 frames in 85.8 s, fps = 58, approx 1295.9 s remaining
Finished 5056 frames in 86.9 s, fps = 58, approx 1294.6 s remaining
Finished 5120 frames in 87.9 s, fps = 58, approx 1292.7 s remaining
Finished 5184 frames in 89.0 s, fps = 58, approx 1291.9 s remaining
Finished 5248 frames in 90.2 s, fps = 58, approx 1291.4 s remaining
Finished 5312 frames in 91.3 s, fps = 58, approx 1290.3 s remaining
Finished 5376 frames in 92.3 s, fps = 58, approx 1288.8 s remaining
Finished 5440 frames in 93.4 s, fps = 58, approx 1287.3 s remaining
Finished 5504 frames in 94.5 s, fps = 58, approx 1286.2 s remaining
Finished 5568 frames in 95.5 s, fps = 58, approx 1283.9 s remaining
Finished 5632 frames in 96.7 s, fps = 58, approx 1283.3 s remaining
Finished 5696 frames in 97.7 s, fps = 58, approx 1281.4 s remaining
Finished 5760 frames in 98.8 s, fps = 58, approx 1280.3 s remaining
Finished 5824 frames in 99.9 s, fps = 58, approx 1279.0 s remaining
Finished 5888 frames in 100.9 s, fps = 58, approx 1276.8 s remaining
Finished 5952 frames in 102.0 s, fps = 58, approx 1275.7 s remaining
Finished 6016 frames in 103.1 s, fps = 58, approx 1274.6 s remaining
Finished 6080 frames in 104.2 s, fps = 58, approx 1274.0 s remaining
Finished 6144 frames in 105.2 s, fps = 58, approx 1271.8 s remaining
Finished 6208 frames in 106.4 s, fps = 58, approx 1271.6 s remaining
Finished 6272 frames in 107.3 s, fps = 58, approx 1268.3 s remaining
Finished 6336 frames in 108.4 s, fps = 58, approx 1267.3 s remaining
Finished 6400 frames in 109.4 s, fps = 58, approx 1265.5 s remaining
Finished 6464 frames in 110.5 s, fps = 58, approx 1264.1 s remaining
Finished 6528 frames in 111.5 s, fps = 59, approx 1262.3 s remaining
Finished 6592 frames in 112.7 s, fps = 59, approx 1261.5 s remaining
Finished 6656 frames in 113.8 s, fps = 58, approx 1260.7 s remaining
Finished 6720 frames in 114.8 s, fps = 59, approx 1259.3 s remaining
Finished 6784 frames in 115.9 s, fps = 59, approx 1257.4 s remaining
Finished 6848 frames in 116.9 s, fps = 59, approx 1255.4 s remaining
Finished 6912 frames in 117.9 s, fps = 59, approx 1254.0 s remaining
Finished 6976 frames in 119.1 s, fps = 59, approx 1253.5 s remaining
Finished 7040 frames in 120.1 s, fps = 59, approx 1251.7 s remaining
Finished 7104 frames in 121.2 s, fps = 59, approx 1250.4 s remaining
Finished 7168 frames in 122.2 s, fps = 59, approx 1249.0 s remaining
Finished 7232 frames in 123.3 s, fps = 59, approx 1248.0 s remaining
Finished 7296 frames in 124.4 s, fps = 59, approx 1246.5 s remaining
Finished 7360 frames in 125.5 s, fps = 59, approx 1245.6 s remaining
Finished 7424 frames in 126.5 s, fps = 59, approx 1243.4 s remaining
Finished 7488 frames in 127.6 s, fps = 59, approx 1242.3 s remaining
Finished 7552 frames in 128.6 s, fps = 59, approx 1241.1 s remaining
Finished 7616 frames in 129.7 s, fps = 59, approx 1239.4 s remaining
Finished 7680 frames in 130.8 s, fps = 59, approx 1238.2 s remaining
Finished 7744 frames in 131.9 s, fps = 59, approx 1237.2 s remaining
Finished 7808 frames in 132.9 s, fps = 59, approx 1235.7 s remaining
Finished 7872 frames in 133.9 s, fps = 59, approx 1234.2 s remaining
Finished 7936 frames in 135.0 s, fps = 59, approx 1232.4 s remaining
Finished 8000 frames in 136.0 s, fps = 59, approx 1231.2 s remaining
Finished 8064 frames in 137.1 s, fps = 59, approx 1230.1 s remaining
Finished 8128 frames in 138.2 s, fps = 59, approx 1228.9 s remaining
Finished 8192 frames in 139.3 s, fps = 59, approx 1227.6 s remaining
Finished 8256 frames in 140.3 s, fps = 59, approx 1226.1 s remaining
Finished 8320 frames in 141.3 s, fps = 59, approx 1224.4 s remaining
Finished 8384 frames in 142.4 s, fps = 59, approx 1223.3 s remaining
Finished 8448 frames in 143.5 s, fps = 59, approx 1222.5 s remaining
Finished 8512 frames in 144.5 s, fps = 59, approx 1220.4 s remaining
Finished 8576 frames in 145.6 s, fps = 59, approx 1219.6 s remaining
Finished 8640 frames in 146.7 s, fps = 59, approx 1218.3 s remaining
Finished 8704 frames in 147.7 s, fps = 59, approx 1216.9 s remaining
Finished 8768 frames in 148.8 s, fps = 59, approx 1215.9 s remaining
Finished 8832 frames in 149.9 s, fps = 59, approx 1214.4 s remaining
Finished 8896 frames in 150.9 s, fps = 59, approx 1212.9 s remaining
Finished 8960 frames in 151.9 s, fps = 59, approx 1211.6 s remaining
Finished 9024 frames in 153.1 s, fps = 59, approx 1210.8 s remaining
Finished 9088 frames in 154.1 s, fps = 59, approx 1209.4 s remaining
Finished 9152 frames in 155.2 s, fps = 59, approx 1208.3 s remaining
Finished 9216 frames in 156.2 s, fps = 59, approx 1206.5 s remaining
Finished 9280 frames in 157.2 s, fps = 59, approx 1205.2 s remaining
Finished 9344 frames in 158.4 s, fps = 59, approx 1204.5 s remaining
Finished 9408 frames in 159.4 s, fps = 59, approx 1203.0 s remaining
Finished 9472 frames in 160.4 s, fps = 59, approx 1201.5 s remaining
Finished 9536 frames in 161.4 s, fps = 59, approx 1199.8 s remaining
Finished 9600 frames in 162.5 s, fps = 59, approx 1198.4 s remaining
Finished 9664 frames in 163.5 s, fps = 59, approx 1197.0 s remaining
Finished 9728 frames in 164.6 s, fps = 59, approx 1196.0 s remaining
Finished 9792 frames in 165.7 s, fps = 59, approx 1195.1 s remaining
Finished 9856 frames in 166.7 s, fps = 59, approx 1193.3 s remaining
Finished 9920 frames in 167.8 s, fps = 59, approx 1192.6 s remaining
Finished 9984 frames in 168.9 s, fps = 59, approx 1191.1 s remaining
Finished 10048 frames in 169.9 s, fps = 59, approx 1189.8 s remaining
Finished 10112 frames in 171.0 s, fps = 59, approx 1188.6 s remaining
Finished 10176 frames in 172.0 s, fps = 59, approx 1187.2 s remaining
Finished 10240 frames in 173.1 s, fps = 59, approx 1186.4 s remaining
Finished 10304 frames in 174.2 s, fps = 59, approx 1185.1 s remaining
Finished 10368 frames in 175.3 s, fps = 59, approx 1183.9 s remaining
Finished 10432 frames in 176.2 s, fps = 59, approx 1182.2 s remaining
Finished 10496 frames in 177.3 s, fps = 59, approx 1181.0 s remaining
Finished 10560 frames in 178.4 s, fps = 59, approx 1180.1 s remaining
Finished 10624 frames in 179.4 s, fps = 59, approx 1178.4 s remaining
Finished 10688 frames in 180.5 s, fps = 59, approx 1177.5 s remaining
Finished 10752 frames in 181.6 s, fps = 59, approx 1176.2 s remaining
Finished 10816 frames in 182.6 s, fps = 59, approx 1175.0 s remaining
Finished 10880 frames in 183.7 s, fps = 59, approx 1173.9 s remaining
Finished 10944 frames in 184.8 s, fps = 59, approx 1172.7 s remaining
Finished 11008 frames in 185.8 s, fps = 59, approx 1171.6 s remaining
Finished 11072 frames in 186.9 s, fps = 59, approx 1170.1 s remaining
Finished 11136 frames in 188.0 s, fps = 59, approx 1169.2 s remaining
Finished 11200 frames in 189.0 s, fps = 59, approx 1167.8 s remaining
Finished 11264 frames in 190.1 s, fps = 59, approx 1166.8 s remaining
Finished 11328 frames in 191.1 s, fps = 59, approx 1165.4 s remaining
Finished 11392 frames in 192.2 s, fps = 59, approx 1164.4 s remaining
Finished 11456 frames in 193.3 s, fps = 59, approx 1163.4 s remaining
Finished 11520 frames in 194.3 s, fps = 59, approx 1162.0 s remaining
Finished 11584 frames in 195.4 s, fps = 59, approx 1160.9 s remaining
Finished 11648 frames in 196.4 s, fps = 59, approx 1159.6 s remaining
Finished 11712 frames in 197.4 s, fps = 59, approx 1158.0 s remaining
Finished 11776 frames in 198.5 s, fps = 59, approx 1157.1 s remaining
Finished 11840 frames in 199.6 s, fps = 59, approx 1156.1 s remaining
Finished 11904 frames in 200.6 s, fps = 59, approx 1154.5 s remaining
Finished 11968 frames in 201.7 s, fps = 59, approx 1153.3 s remaining
Finished 12032 frames in 202.7 s, fps = 59, approx 1151.8 s remaining
Finished 12096 frames in 203.8 s, fps = 59, approx 1150.9 s remaining
Finished 12160 frames in 204.8 s, fps = 59, approx 1149.2 s remaining
Finished 12224 frames in 205.8 s, fps = 59, approx 1147.9 s remaining
Finished 12288 frames in 206.9 s, fps = 59, approx 1146.7 s remaining
Finished 12352 frames in 207.9 s, fps = 59, approx 1145.3 s remaining
Finished 12416 frames in 208.9 s, fps = 59, approx 1144.2 s remaining
Finished 12480 frames in 210.0 s, fps = 59, approx 1143.0 s remaining
Finished 12544 frames in 211.1 s, fps = 59, approx 1141.9 s remaining
Finished 12608 frames in 212.2 s, fps = 59, approx 1140.9 s remaining
Finished 12672 frames in 213.4 s, fps = 59, approx 1140.7 s remaining
Finished 12736 frames in 214.4 s, fps = 59, approx 1139.1 s remaining
Finished 12800 frames in 215.5 s, fps = 59, approx 1138.4 s remaining
Finished 12864 frames in 216.5 s, fps = 59, approx 1136.9 s remaining
Finished 12928 frames in 217.6 s, fps = 59, approx 1135.6 s remaining
Finished 12992 frames in 218.6 s, fps = 59, approx 1134.4 s remaining
Finished 13056 frames in 219.7 s, fps = 59, approx 1133.3 s remaining
Finished 13120 frames in 220.8 s, fps = 59, approx 1132.2 s remaining
Finished 13184 frames in 221.8 s, fps = 59, approx 1131.1 s remaining
Finished 13248 frames in 222.9 s, fps = 59, approx 1129.7 s remaining
Finished 13312 frames in 223.9 s, fps = 59, approx 1128.6 s remaining
Finished 13376 frames in 224.9 s, fps = 59, approx 1127.2 s remaining
Finished 13440 frames in 226.1 s, fps = 59, approx 1126.3 s remaining
Finished 13504 frames in 227.1 s, fps = 59, approx 1125.0 s remaining
Finished 13568 frames in 228.2 s, fps = 59, approx 1124.0 s remaining
Finished 13632 frames in 229.4 s, fps = 59, approx 1123.6 s remaining
Finished 13696 frames in 230.4 s, fps = 59, approx 1122.2 s remaining
Finished 13760 frames in 231.4 s, fps = 59, approx 1120.7 s remaining
Finished 13824 frames in 232.5 s, fps = 59, approx 1119.6 s remaining
Finished 13888 frames in 233.6 s, fps = 59, approx 1118.8 s remaining
Finished 13952 frames in 234.6 s, fps = 59, approx 1117.4 s remaining
Finished 14016 frames in 235.7 s, fps = 59, approx 1116.3 s remaining
Finished 14080 frames in 236.8 s, fps = 59, approx 1115.5 s remaining
Finished 14144 frames in 237.8 s, fps = 59, approx 1114.0 s remaining
Finished 14208 frames in 238.9 s, fps = 59, approx 1113.0 s remaining
Finished 14272 frames in 239.9 s, fps = 59, approx 1111.7 s remaining
Finished 14336 frames in 240.9 s, fps = 60, approx 1110.2 s remaining
Finished 14400 frames in 242.0 s, fps = 60, approx 1109.2 s remaining
Finished 14464 frames in 243.1 s, fps = 60, approx 1108.2 s remaining
Finished 14528 frames in 244.1 s, fps = 60, approx 1106.8 s remaining
Finished 14592 frames in 245.2 s, fps = 60, approx 1105.7 s remaining
Finished 14656 frames in 246.3 s, fps = 60, approx 1104.9 s remaining
Finished 14720 frames in 247.3 s, fps = 60, approx 1103.7 s remaining
Finished 14784 frames in 248.4 s, fps = 60, approx 1102.5 s remaining
Finished 14848 frames in 249.4 s, fps = 60, approx 1101.3 s remaining
Finished 14912 frames in 250.4 s, fps = 60, approx 1099.9 s remaining
Finished 14976 frames in 251.5 s, fps = 60, approx 1098.8 s remaining
Finished 15040 frames in 252.6 s, fps = 60, approx 1098.0 s remaining
Finished 15104 frames in 253.6 s, fps = 60, approx 1096.5 s remaining
Finished 15168 frames in 254.7 s, fps = 60, approx 1095.4 s remaining
Finished 15232 frames in 255.7 s, fps = 60, approx 1094.1 s remaining
Finished 15296 frames in 256.9 s, fps = 60, approx 1093.5 s remaining
Finished 15360 frames in 258.1 s, fps = 60, approx 1092.9 s remaining
Finished 15424 frames in 259.1 s, fps = 60, approx 1091.8 s remaining
Finished 15488 frames in 260.2 s, fps = 60, approx 1090.7 s remaining
Finished 15552 frames in 261.3 s, fps = 60, approx 1089.7 s remaining
Finished 15616 frames in 262.4 s, fps = 60, approx 1088.6 s remaining
Finished 15680 frames in 263.4 s, fps = 60, approx 1087.3 s remaining
Finished 15744 frames in 264.4 s, fps = 60, approx 1086.1 s remaining
Finished 15808 frames in 265.5 s, fps = 60, approx 1085.1 s remaining
Finished 15872 frames in 266.5 s, fps = 60, approx 1083.8 s remaining
Finished 15936 frames in 267.7 s, fps = 60, approx 1082.8 s remaining
Finished 16000 frames in 268.6 s, fps = 60, approx 1081.4 s remaining
Finished 16064 frames in 269.7 s, fps = 60, approx 1080.2 s remaining
Finished 16128 frames in 270.7 s, fps = 60, approx 1079.0 s remaining
Finished 16192 frames in 271.8 s, fps = 60, approx 1078.0 s remaining
Finished 16256 frames in 272.9 s, fps = 60, approx 1077.0 s remaining
Finished 16320 frames in 273.9 s, fps = 60, approx 1075.5 s remaining
Finished 16384 frames in 274.9 s, fps = 60, approx 1074.3 s remaining
Finished 16448 frames in 276.1 s, fps = 60, approx 1073.6 s remaining
Finished 16512 frames in 277.2 s, fps = 60, approx 1072.5 s remaining
Finished 16576 frames in 278.2 s, fps = 60, approx 1071.1 s remaining
Finished 16640 frames in 279.2 s, fps = 60, approx 1070.1 s remaining
Finished 16704 frames in 280.3 s, fps = 60, approx 1068.8 s remaining
Finished 16768 frames in 281.3 s, fps = 60, approx 1067.6 s remaining
Finished 16832 frames in 282.3 s, fps = 60, approx 1066.4 s remaining
Finished 16896 frames in 283.3 s, fps = 60, approx 1065.0 s remaining
Finished 16960 frames in 284.5 s, fps = 60, approx 1064.2 s remaining
Finished 17024 frames in 285.5 s, fps = 60, approx 1063.1 s remaining
Finished 17088 frames in 286.7 s, fps = 60, approx 1062.3 s remaining
Finished 17152 frames in 287.7 s, fps = 60, approx 1061.1 s remaining
Finished 17216 frames in 288.8 s, fps = 60, approx 1060.1 s remaining
Finished 17280 frames in 289.9 s, fps = 60, approx 1059.1 s remaining
Finished 17344 frames in 291.0 s, fps = 60, approx 1058.0 s remaining
Finished 17408 frames in 292.0 s, fps = 60, approx 1056.9 s remaining
Finished 17472 frames in 293.1 s, fps = 60, approx 1055.6 s remaining
Finished 17536 frames in 294.2 s, fps = 60, approx 1054.7 s remaining
Finished 17600 frames in 295.3 s, fps = 60, approx 1053.8 s remaining
Finished 17664 frames in 296.4 s, fps = 60, approx 1052.7 s remaining
Finished 17728 frames in 297.5 s, fps = 60, approx 1051.7 s remaining
Finished 17792 frames in 298.6 s, fps = 60, approx 1050.9 s remaining
Finished 17856 frames in 299.6 s, fps = 60, approx 1049.5 s remaining
Finished 17920 frames in 300.7 s, fps = 60, approx 1048.6 s remaining
Finished 17984 frames in 301.7 s, fps = 60, approx 1047.3 s remaining
Finished 18048 frames in 302.8 s, fps = 60, approx 1046.2 s remaining
Finished 18112 frames in 303.8 s, fps = 60, approx 1044.8 s remaining
Finished 18176 frames in 304.9 s, fps = 60, approx 1043.9 s remaining
Finished 18240 frames in 305.9 s, fps = 60, approx 1042.7 s remaining
Finished 18304 frames in 306.9 s, fps = 60, approx 1041.3 s remaining
Finished 18368 frames in 308.1 s, fps = 60, approx 1040.5 s remaining
Finished 18432 frames in 309.1 s, fps = 60, approx 1039.3 s remaining
Finished 18496 frames in 310.2 s, fps = 60, approx 1038.3 s remaining
Finished 18560 frames in 311.2 s, fps = 60, approx 1037.1 s remaining
Finished 18624 frames in 312.3 s, fps = 60, approx 1036.1 s remaining
Finished 18688 frames in 313.4 s, fps = 60, approx 1035.1 s remaining
Finished 18752 frames in 314.5 s, fps = 60, approx 1034.1 s remaining
Finished 18816 frames in 315.7 s, fps = 60, approx 1033.5 s remaining
Finished 18880 frames in 316.8 s, fps = 60, approx 1032.5 s remaining
Finished 18944 frames in 317.9 s, fps = 60, approx 1031.4 s remaining
Finished 19008 frames in 318.9 s, fps = 60, approx 1030.1 s remaining
Finished 19072 frames in 319.9 s, fps = 60, approx 1028.8 s remaining
Finished 19136 frames in 321.0 s, fps = 60, approx 1027.8 s remaining
Finished 19200 frames in 322.1 s, fps = 60, approx 1026.9 s remaining
Finished 19264 frames in 323.3 s, fps = 60, approx 1026.0 s remaining
Finished 19328 frames in 324.5 s, fps = 60, approx 1025.4 s remaining
Finished 19392 frames in 325.5 s, fps = 60, approx 1024.0 s remaining
Finished 19456 frames in 326.5 s, fps = 60, approx 1022.8 s remaining
Finished 19520 frames in 327.6 s, fps = 60, approx 1021.8 s remaining
Finished 19584 frames in 328.6 s, fps = 60, approx 1020.6 s remaining
Finished 19648 frames in 329.7 s, fps = 60, approx 1019.7 s remaining
Finished 19712 frames in 330.7 s, fps = 60, approx 1018.3 s remaining
Finished 19776 frames in 331.7 s, fps = 60, approx 1017.1 s remaining
Finished 19840 frames in 332.8 s, fps = 60, approx 1016.0 s remaining
Finished 19904 frames in 333.8 s, fps = 60, approx 1014.7 s remaining
Finished 19968 frames in 334.9 s, fps = 60, approx 1013.6 s remaining
Finished 20032 frames in 335.9 s, fps = 60, approx 1012.5 s remaining
Finished 20096 frames in 337.0 s, fps = 60, approx 1011.4 s remaining
Finished 20160 frames in 338.2 s, fps = 60, approx 1010.7 s remaining
Finished 20224 frames in 339.2 s, fps = 60, approx 1009.3 s remaining
Finished 20288 frames in 340.3 s, fps = 60, approx 1008.2 s remaining
Finished 20352 frames in 341.3 s, fps = 60, approx 1007.1 s remaining
Finished 20416 frames in 342.4 s, fps = 60, approx 1006.1 s remaining
Finished 20480 frames in 343.5 s, fps = 60, approx 1005.0 s remaining
Finished 20544 frames in 344.5 s, fps = 60, approx 1003.9 s remaining
Finished 20608 frames in 345.6 s, fps = 60, approx 1002.7 s remaining
Finished 20672 frames in 346.6 s, fps = 60, approx 1001.6 s remaining
Finished 20736 frames in 347.7 s, fps = 60, approx 1000.5 s remaining
Finished 20800 frames in 348.7 s, fps = 60, approx 999.4 s remaining
Finished 20864 frames in 349.8 s, fps = 60, approx 998.2 s remaining
Finished 20928 frames in 351.0 s, fps = 60, approx 997.4 s remaining
Finished 20992 frames in 352.0 s, fps = 60, approx 996.3 s remaining
Finished 21056 frames in 353.0 s, fps = 60, approx 995.1 s remaining
Finished 21120 frames in 354.1 s, fps = 60, approx 994.0 s remaining
Finished 21184 frames in 355.2 s, fps = 60, approx 993.0 s remaining
Finished 21248 frames in 356.2 s, fps = 60, approx 991.8 s remaining
Finished 21312 frames in 357.3 s, fps = 60, approx 990.7 s remaining
Finished 21376 frames in 358.4 s, fps = 60, approx 989.6 s remaining
Finished 21440 frames in 359.4 s, fps = 60, approx 988.6 s remaining
Finished 21504 frames in 360.5 s, fps = 60, approx 987.4 s remaining
Finished 21568 frames in 361.5 s, fps = 60, approx 986.1 s remaining
Finished 21632 frames in 362.6 s, fps = 60, approx 985.1 s remaining
Finished 21696 frames in 363.6 s, fps = 60, approx 984.0 s remaining
Finished 21760 frames in 364.8 s, fps = 60, approx 983.1 s remaining
Finished 21824 frames in 365.8 s, fps = 60, approx 982.0 s remaining
Finished 21888 frames in 366.9 s, fps = 60, approx 981.0 s remaining
Finished 21952 frames in 367.9 s, fps = 60, approx 979.7 s remaining
Finished 22016 frames in 369.0 s, fps = 60, approx 978.7 s remaining
Finished 22080 frames in 370.0 s, fps = 60, approx 977.3 s remaining
Finished 22144 frames in 371.1 s, fps = 60, approx 976.3 s remaining
Finished 22208 frames in 372.0 s, fps = 60, approx 975.0 s remaining
Finished 22272 frames in 373.1 s, fps = 60, approx 974.0 s remaining
Finished 22336 frames in 374.2 s, fps = 60, approx 972.9 s remaining
Finished 22400 frames in 375.3 s, fps = 60, approx 971.8 s remaining
Finished 22464 frames in 376.3 s, fps = 60, approx 970.7 s remaining
Finished 22528 frames in 377.4 s, fps = 60, approx 969.6 s remaining
Finished 22592 frames in 378.4 s, fps = 60, approx 968.4 s remaining
Finished 22656 frames in 379.5 s, fps = 60, approx 967.4 s remaining
Finished 22720 frames in 380.6 s, fps = 60, approx 966.3 s remaining
Finished 22784 frames in 381.6 s, fps = 60, approx 965.0 s remaining
Finished 22848 frames in 382.7 s, fps = 60, approx 964.0 s remaining
Finished 22912 frames in 383.7 s, fps = 60, approx 962.9 s remaining
Finished 22976 frames in 384.7 s, fps = 60, approx 961.7 s remaining
Finished 23040 frames in 385.8 s, fps = 60, approx 960.6 s remaining
Finished 23104 frames in 386.8 s, fps = 60, approx 959.5 s remaining
Finished 23168 frames in 387.9 s, fps = 60, approx 958.4 s remaining
Finished 23232 frames in 389.0 s, fps = 60, approx 957.4 s remaining
Finished 23296 frames in 390.1 s, fps = 60, approx 956.2 s remaining
Finished 23360 frames in 391.1 s, fps = 60, approx 955.1 s remaining
Finished 23424 frames in 392.1 s, fps = 60, approx 953.8 s remaining
Finished 23488 frames in 393.3 s, fps = 60, approx 953.0 s remaining
Finished 23552 frames in 394.4 s, fps = 60, approx 952.0 s remaining
Finished 23616 frames in 395.4 s, fps = 60, approx 950.7 s remaining
Finished 23680 frames in 396.5 s, fps = 60, approx 949.7 s remaining
Finished 23744 frames in 397.6 s, fps = 60, approx 948.8 s remaining
Finished 23808 frames in 398.7 s, fps = 60, approx 947.8 s remaining
Finished 23872 frames in 399.8 s, fps = 60, approx 946.8 s remaining
Finished 23936 frames in 400.8 s, fps = 60, approx 945.5 s remaining
Finished 24000 frames in 401.9 s, fps = 60, approx 944.5 s remaining
Finished 24064 frames in 402.9 s, fps = 60, approx 943.4 s remaining
Finished 24128 frames in 404.0 s, fps = 60, approx 942.4 s remaining
Finished 24192 frames in 405.0 s, fps = 60, approx 941.1 s remaining
Finished 24256 frames in 406.1 s, fps = 60, approx 940.1 s remaining
Finished 24320 frames in 407.2 s, fps = 60, approx 939.1 s remaining
Finished 24384 frames in 408.3 s, fps = 60, approx 938.1 s remaining
Finished 24448 frames in 409.3 s, fps = 60, approx 936.9 s remaining
Finished 24512 frames in 410.4 s, fps = 60, approx 935.9 s remaining
Finished 24576 frames in 411.5 s, fps = 60, approx 934.9 s remaining
Finished 24640 frames in 412.6 s, fps = 60, approx 933.7 s remaining
Finished 24704 frames in 413.7 s, fps = 60, approx 932.8 s remaining
Finished 24768 frames in 414.7 s, fps = 60, approx 931.5 s remaining
Finished 24832 frames in 415.7 s, fps = 60, approx 930.4 s remaining
Finished 24896 frames in 416.8 s, fps = 60, approx 929.4 s remaining
Finished 24960 frames in 417.8 s, fps = 60, approx 928.2 s remaining
Finished 25024 frames in 418.9 s, fps = 60, approx 927.1 s remaining
Finished 25088 frames in 420.0 s, fps = 60, approx 926.0 s remaining
Finished 25152 frames in 421.0 s, fps = 60, approx 924.8 s remaining
Finished 25216 frames in 422.0 s, fps = 60, approx 923.7 s remaining
Finished 25280 frames in 423.4 s, fps = 60, approx 923.2 s remaining
Finished 25344 frames in 424.7 s, fps = 60, approx 922.8 s remaining
Finished 25408 frames in 425.8 s, fps = 60, approx 921.7 s remaining
Finished 25472 frames in 426.9 s, fps = 60, approx 920.8 s remaining
Finished 25536 frames in 428.0 s, fps = 60, approx 919.7 s remaining
Finished 25600 frames in 429.0 s, fps = 60, approx 918.5 s remaining
Finished 25664 frames in 430.0 s, fps = 60, approx 917.3 s remaining
Finished 25728 frames in 431.1 s, fps = 60, approx 916.1 s remaining
Finished 25792 frames in 432.2 s, fps = 60, approx 915.1 s remaining
Finished 25856 frames in 433.3 s, fps = 60, approx 914.1 s remaining
Finished 25920 frames in 434.4 s, fps = 60, approx 913.1 s remaining
Finished 25984 frames in 435.3 s, fps = 60, approx 911.8 s remaining
Finished 26048 frames in 436.5 s, fps = 60, approx 910.8 s remaining
Finished 26112 frames in 437.5 s, fps = 60, approx 909.7 s remaining
Finished 26176 frames in 438.6 s, fps = 60, approx 908.7 s remaining
Finished 26240 frames in 439.7 s, fps = 60, approx 907.6 s remaining
Finished 26304 frames in 440.7 s, fps = 60, approx 906.4 s remaining
Finished 26368 frames in 441.7 s, fps = 60, approx 905.2 s remaining
Finished 26432 frames in 442.8 s, fps = 60, approx 904.2 s remaining
Finished 26496 frames in 443.8 s, fps = 60, approx 903.0 s remaining
Finished 26560 frames in 444.9 s, fps = 60, approx 901.9 s remaining
Finished 26624 frames in 445.9 s, fps = 60, approx 900.8 s remaining
Finished 26688 frames in 446.9 s, fps = 60, approx 899.6 s remaining
Finished 26752 frames in 448.0 s, fps = 60, approx 898.5 s remaining
Finished 26816 frames in 449.1 s, fps = 60, approx 897.4 s remaining
Finished 26880 frames in 450.1 s, fps = 60, approx 896.3 s remaining
Finished 26944 frames in 451.3 s, fps = 60, approx 895.4 s remaining
Finished 27008 frames in 452.5 s, fps = 60, approx 894.6 s remaining
Finished 27072 frames in 453.5 s, fps = 60, approx 893.4 s remaining
Finished 27136 frames in 454.5 s, fps = 60, approx 892.2 s remaining
Finished 27200 frames in 455.5 s, fps = 60, approx 891.1 s remaining
Finished 27264 frames in 456.7 s, fps = 60, approx 890.1 s remaining
Finished 27328 frames in 457.7 s, fps = 60, approx 888.9 s remaining
Finished 27392 frames in 458.7 s, fps = 60, approx 887.8 s remaining
Finished 27456 frames in 459.8 s, fps = 60, approx 886.8 s remaining
Finished 27520 frames in 460.9 s, fps = 60, approx 885.8 s remaining
Finished 27584 frames in 462.0 s, fps = 60, approx 884.7 s remaining
Finished 27648 frames in 463.2 s, fps = 60, approx 883.8 s remaining
Finished 27712 frames in 464.2 s, fps = 60, approx 882.7 s remaining
Finished 27776 frames in 465.3 s, fps = 60, approx 881.6 s remaining
Finished 27840 frames in 466.3 s, fps = 60, approx 880.4 s remaining
Finished 27904 frames in 467.4 s, fps = 60, approx 879.4 s remaining
Finished 27968 frames in 468.5 s, fps = 60, approx 878.3 s remaining
Finished 28032 frames in 469.4 s, fps = 60, approx 877.1 s remaining
Finished 28096 frames in 470.5 s, fps = 60, approx 876.1 s remaining
Finished 28160 frames in 471.6 s, fps = 60, approx 874.9 s remaining
Finished 28224 frames in 472.7 s, fps = 60, approx 873.9 s remaining
Finished 28288 frames in 473.7 s, fps = 60, approx 872.7 s remaining
Finished 28352 frames in 474.8 s, fps = 60, approx 871.7 s remaining
Finished 28416 frames in 475.8 s, fps = 60, approx 870.6 s remaining
Finished 28480 frames in 476.9 s, fps = 60, approx 869.4 s remaining
Finished 28544 frames in 477.9 s, fps = 60, approx 868.3 s remaining
Finished 28608 frames in 478.9 s, fps = 60, approx 867.1 s remaining
Finished 28672 frames in 480.0 s, fps = 60, approx 866.0 s remaining
Finished 28736 frames in 481.0 s, fps = 60, approx 865.0 s remaining
Finished 28800 frames in 482.1 s, fps = 60, approx 863.9 s remaining
Finished 28864 frames in 483.1 s, fps = 60, approx 862.6 s remaining
Finished 28928 frames in 484.1 s, fps = 60, approx 861.5 s remaining
Finished 28992 frames in 485.1 s, fps = 60, approx 860.3 s remaining
Finished 29056 frames in 486.2 s, fps = 60, approx 859.2 s remaining
Finished 29120 frames in 487.3 s, fps = 60, approx 858.2 s remaining
Finished 29184 frames in 488.3 s, fps = 60, approx 857.0 s remaining
Finished 29248 frames in 489.3 s, fps = 60, approx 855.9 s remaining
Finished 29312 frames in 490.4 s, fps = 60, approx 854.9 s remaining
Finished 29376 frames in 491.5 s, fps = 60, approx 853.7 s remaining
Finished 29440 frames in 492.5 s, fps = 60, approx 852.6 s remaining
Finished 29504 frames in 493.6 s, fps = 60, approx 851.6 s remaining
Finished 29568 frames in 494.6 s, fps = 60, approx 850.4 s remaining
Finished 29632 frames in 495.8 s, fps = 60, approx 849.6 s remaining
Finished 29696 frames in 496.8 s, fps = 60, approx 848.4 s remaining
Finished 29760 frames in 497.8 s, fps = 60, approx 847.2 s remaining
Finished 29824 frames in 498.9 s, fps = 60, approx 846.1 s remaining
Finished 29888 frames in 499.8 s, fps = 60, approx 844.9 s remaining
Finished 29952 frames in 500.9 s, fps = 60, approx 843.7 s remaining
Finished 30016 frames in 502.0 s, fps = 60, approx 842.8 s remaining
Finished 30080 frames in 503.1 s, fps = 60, approx 841.7 s remaining
Finished 30144 frames in 504.2 s, fps = 60, approx 840.6 s remaining
Finished 30208 frames in 505.2 s, fps = 60, approx 839.5 s remaining
Finished 30272 frames in 506.3 s, fps = 60, approx 838.5 s remaining
Finished 30336 frames in 507.3 s, fps = 60, approx 837.3 s remaining
Finished 30400 frames in 508.4 s, fps = 60, approx 836.3 s remaining
Finished 30464 frames in 509.4 s, fps = 60, approx 835.2 s remaining
Finished 30528 frames in 510.5 s, fps = 60, approx 834.1 s remaining
Finished 30592 frames in 511.6 s, fps = 60, approx 833.0 s remaining
Finished 30656 frames in 512.6 s, fps = 60, approx 831.9 s remaining
Finished 30720 frames in 513.7 s, fps = 60, approx 830.9 s remaining
Finished 30784 frames in 514.8 s, fps = 60, approx 829.8 s remaining
Finished 30848 frames in 515.8 s, fps = 60, approx 828.7 s remaining
Finished 30912 frames in 517.0 s, fps = 60, approx 827.8 s remaining
Finished 30976 frames in 518.2 s, fps = 60, approx 826.9 s remaining
Finished 31040 frames in 519.3 s, fps = 60, approx 825.8 s remaining
Finished 31104 frames in 520.3 s, fps = 60, approx 824.7 s remaining
Finished 31168 frames in 521.3 s, fps = 60, approx 823.6 s remaining
Finished 31232 frames in 522.3 s, fps = 60, approx 822.4 s remaining
Finished 31296 frames in 523.5 s, fps = 60, approx 821.4 s remaining
Finished 31360 frames in 524.6 s, fps = 60, approx 820.4 s remaining
Finished 31424 frames in 525.6 s, fps = 60, approx 819.3 s remaining
Finished 31488 frames in 526.6 s, fps = 60, approx 818.1 s remaining
Finished 31552 frames in 527.6 s, fps = 60, approx 817.0 s remaining
Finished 31616 frames in 528.8 s, fps = 60, approx 816.0 s remaining
Finished 31680 frames in 529.8 s, fps = 60, approx 814.9 s remaining
Finished 31744 frames in 530.9 s, fps = 60, approx 813.8 s remaining
Finished 31808 frames in 531.9 s, fps = 60, approx 812.7 s remaining
Finished 31872 frames in 533.0 s, fps = 60, approx 811.6 s remaining
Finished 31936 frames in 534.1 s, fps = 60, approx 810.7 s remaining
Finished 32000 frames in 535.3 s, fps = 60, approx 809.7 s remaining
Finished 32064 frames in 536.4 s, fps = 60, approx 808.7 s remaining
Finished 32128 frames in 537.7 s, fps = 60, approx 808.0 s remaining
Finished 32192 frames in 539.6 s, fps = 60, approx 808.1 s remaining
Finished 32256 frames in 542.6 s, fps = 59, approx 809.9 s remaining
Finished 32320 frames in 544.0 s, fps = 59, approx 809.3 s remaining
Finished 32384 frames in 545.2 s, fps = 59, approx 808.4 s remaining
Finished 32448 frames in 546.6 s, fps = 59, approx 807.8 s remaining
Finished 32512 frames in 548.3 s, fps = 59, approx 807.8 s remaining
Finished 32576 frames in 551.0 s, fps = 59, approx 809.0 s remaining
Finished 32640 frames in 553.4 s, fps = 59, approx 809.9 s remaining
Finished 32704 frames in 555.7 s, fps = 59, approx 810.5 s remaining
Finished 32768 frames in 558.0 s, fps = 59, approx 811.2 s remaining
Finished 32832 frames in 560.2 s, fps = 59, approx 811.8 s remaining
Finished 32896 frames in 562.2 s, fps = 59, approx 811.9 s remaining
Finished 32960 frames in 564.3 s, fps = 58, approx 812.3 s remaining
Finished 33024 frames in 566.8 s, fps = 58, approx 813.2 s remaining
Finished 33088 frames in 568.4 s, fps = 58, approx 812.9 s remaining
Finished 33152 frames in 569.7 s, fps = 58, approx 812.0 s remaining
Finished 33216 frames in 570.9 s, fps = 58, approx 811.1 s remaining
Finished 33280 frames in 572.0 s, fps = 58, approx 810.0 s remaining
Finished 33344 frames in 573.1 s, fps = 58, approx 808.9 s remaining
Finished 33408 frames in 574.1 s, fps = 58, approx 807.7 s remaining
Finished 33472 frames in 575.2 s, fps = 58, approx 806.5 s remaining
Finished 33536 frames in 576.2 s, fps = 58, approx 805.3 s remaining
Finished 33600 frames in 577.3 s, fps = 58, approx 804.2 s remaining
Finished 33664 frames in 578.3 s, fps = 58, approx 803.0 s remaining
Finished 33728 frames in 579.3 s, fps = 58, approx 801.8 s remaining
Finished 33792 frames in 580.4 s, fps = 58, approx 800.6 s remaining
Finished 33856 frames in 581.4 s, fps = 58, approx 799.4 s remaining
Finished 33920 frames in 582.5 s, fps = 58, approx 798.3 s remaining
Finished 33984 frames in 583.5 s, fps = 58, approx 797.1 s remaining
Finished 34048 frames in 584.5 s, fps = 58, approx 795.9 s remaining
Finished 34112 frames in 585.6 s, fps = 58, approx 794.7 s remaining
Finished 34176 frames in 586.7 s, fps = 58, approx 793.6 s remaining
Finished 34240 frames in 587.7 s, fps = 58, approx 792.4 s remaining
Finished 34304 frames in 588.8 s, fps = 58, approx 791.3 s remaining
Finished 34368 frames in 589.8 s, fps = 58, approx 790.0 s remaining
Finished 34432 frames in 590.8 s, fps = 58, approx 788.9 s remaining
Finished 34496 frames in 591.9 s, fps = 58, approx 787.7 s remaining
Finished 34560 frames in 593.0 s, fps = 58, approx 786.6 s remaining
Finished 34624 frames in 594.0 s, fps = 58, approx 785.5 s remaining
Finished 34688 frames in 595.1 s, fps = 58, approx 784.3 s remaining
Finished 34752 frames in 596.1 s, fps = 58, approx 783.1 s remaining
Finished 34816 frames in 597.2 s, fps = 58, approx 782.0 s remaining
Finished 34880 frames in 598.3 s, fps = 58, approx 780.9 s remaining
Finished 34944 frames in 599.4 s, fps = 58, approx 779.8 s remaining
Finished 35008 frames in 600.5 s, fps = 58, approx 778.8 s remaining
Finished 35072 frames in 601.6 s, fps = 58, approx 777.6 s remaining
Finished 35136 frames in 602.7 s, fps = 58, approx 776.5 s remaining
Finished 35200 frames in 603.6 s, fps = 58, approx 775.2 s remaining
Finished 35264 frames in 604.7 s, fps = 58, approx 774.1 s remaining
Finished 35328 frames in 605.8 s, fps = 58, approx 773.0 s remaining
Finished 35392 frames in 606.8 s, fps = 58, approx 771.7 s remaining
Finished 35456 frames in 607.8 s, fps = 58, approx 770.6 s remaining
Finished 35520 frames in 608.9 s, fps = 58, approx 769.4 s remaining
Finished 35584 frames in 609.9 s, fps = 58, approx 768.3 s remaining
Finished 35648 frames in 610.9 s, fps = 58, approx 767.1 s remaining
Finished 35712 frames in 611.9 s, fps = 58, approx 765.9 s remaining
Finished 35776 frames in 613.0 s, fps = 58, approx 764.7 s remaining
Finished 35840 frames in 614.0 s, fps = 58, approx 763.5 s remaining
Finished 35904 frames in 615.1 s, fps = 58, approx 762.4 s remaining
Finished 35968 frames in 616.2 s, fps = 58, approx 761.3 s remaining
Finished 36032 frames in 617.2 s, fps = 58, approx 760.1 s remaining
Finished 36096 frames in 618.4 s, fps = 58, approx 759.1 s remaining
Finished 36160 frames in 619.5 s, fps = 58, approx 758.0 s remaining
Finished 36224 frames in 620.5 s, fps = 58, approx 756.8 s remaining
Finished 36288 frames in 621.5 s, fps = 58, approx 755.6 s remaining
Finished 36352 frames in 622.6 s, fps = 58, approx 754.5 s remaining
Finished 36416 frames in 623.6 s, fps = 58, approx 753.3 s remaining
Finished 36480 frames in 624.7 s, fps = 58, approx 752.2 s remaining
Finished 36544 frames in 625.8 s, fps = 58, approx 751.1 s remaining
Finished 36608 frames in 626.7 s, fps = 58, approx 749.8 s remaining
Finished 36672 frames in 627.8 s, fps = 58, approx 748.7 s remaining
Finished 36736 frames in 628.9 s, fps = 58, approx 747.6 s remaining
Finished 36800 frames in 630.0 s, fps = 58, approx 746.5 s remaining
Finished 36864 frames in 631.0 s, fps = 58, approx 745.3 s remaining
Finished 36928 frames in 632.1 s, fps = 58, approx 744.2 s remaining
Finished 36992 frames in 633.1 s, fps = 58, approx 743.0 s remaining
Finished 37056 frames in 634.1 s, fps = 58, approx 741.8 s remaining
Finished 37120 frames in 635.1 s, fps = 58, approx 740.6 s remaining
Finished 37184 frames in 636.2 s, fps = 58, approx 739.5 s remaining
Finished 37248 frames in 637.3 s, fps = 58, approx 738.4 s remaining
Finished 37312 frames in 638.4 s, fps = 58, approx 737.4 s remaining
Finished 37376 frames in 639.4 s, fps = 58, approx 736.1 s remaining
Finished 37440 frames in 640.4 s, fps = 58, approx 734.9 s remaining
Finished 37504 frames in 641.5 s, fps = 58, approx 733.8 s remaining
Finished 37568 frames in 642.6 s, fps = 58, approx 732.7 s remaining
Finished 37632 frames in 643.6 s, fps = 58, approx 731.5 s remaining
Finished 37696 frames in 644.7 s, fps = 58, approx 730.5 s remaining
Finished 37760 frames in 645.8 s, fps = 58, approx 729.4 s remaining
Finished 37824 frames in 646.8 s, fps = 58, approx 728.2 s remaining
Finished 37888 frames in 647.8 s, fps = 58, approx 727.0 s remaining
Finished 37952 frames in 648.9 s, fps = 58, approx 725.8 s remaining
Finished 38016 frames in 649.9 s, fps = 58, approx 724.7 s remaining
Finished 38080 frames in 651.0 s, fps = 58, approx 723.6 s remaining
Finished 38144 frames in 652.0 s, fps = 59, approx 722.4 s remaining
Finished 38208 frames in 653.1 s, fps = 59, approx 721.3 s remaining
Finished 38272 frames in 654.1 s, fps = 59, approx 720.2 s remaining
Finished 38336 frames in 655.1 s, fps = 59, approx 718.9 s remaining
Finished 38400 frames in 656.2 s, fps = 59, approx 717.8 s remaining
Finished 38464 frames in 657.3 s, fps = 59, approx 716.8 s remaining
Finished 38528 frames in 658.3 s, fps = 59, approx 715.6 s remaining
Finished 38592 frames in 659.4 s, fps = 59, approx 714.5 s remaining
Finished 38656 frames in 660.4 s, fps = 59, approx 713.3 s remaining
Finished 38720 frames in 661.5 s, fps = 59, approx 712.2 s remaining
Finished 38784 frames in 662.6 s, fps = 59, approx 711.1 s remaining
Finished 38848 frames in 663.6 s, fps = 59, approx 709.9 s remaining
Finished 38912 frames in 664.7 s, fps = 59, approx 708.8 s remaining
Finished 38976 frames in 665.8 s, fps = 59, approx 707.7 s remaining
Finished 39040 frames in 666.9 s, fps = 59, approx 706.6 s remaining
Finished 39104 frames in 667.9 s, fps = 59, approx 705.5 s remaining
Finished 39168 frames in 669.0 s, fps = 59, approx 704.4 s remaining
Finished 39232 frames in 670.0 s, fps = 59, approx 703.2 s remaining
Finished 39296 frames in 671.2 s, fps = 59, approx 702.2 s remaining
Finished 39360 frames in 672.2 s, fps = 59, approx 701.0 s remaining
Finished 39424 frames in 673.2 s, fps = 59, approx 699.8 s remaining
Finished 39488 frames in 674.3 s, fps = 59, approx 698.7 s remaining
Finished 39552 frames in 675.3 s, fps = 59, approx 697.6 s remaining
Finished 39616 frames in 676.4 s, fps = 59, approx 696.4 s remaining
Finished 39680 frames in 677.4 s, fps = 59, approx 695.3 s remaining
Finished 39744 frames in 678.5 s, fps = 59, approx 694.1 s remaining
Finished 39808 frames in 679.5 s, fps = 59, approx 693.0 s remaining
Finished 39872 frames in 680.6 s, fps = 59, approx 691.9 s remaining
Finished 39936 frames in 681.7 s, fps = 59, approx 690.8 s remaining
Finished 40000 frames in 682.6 s, fps = 59, approx 689.6 s remaining
Finished 40064 frames in 683.7 s, fps = 59, approx 688.4 s remaining
Finished 40128 frames in 684.7 s, fps = 59, approx 687.3 s remaining
Finished 40192 frames in 685.8 s, fps = 59, approx 686.1 s remaining
Finished 40256 frames in 686.8 s, fps = 59, approx 685.0 s remaining
Finished 40320 frames in 687.8 s, fps = 59, approx 683.8 s remaining
Finished 40384 frames in 688.9 s, fps = 59, approx 682.7 s remaining
Finished 40448 frames in 689.9 s, fps = 59, approx 681.5 s remaining
Finished 40512 frames in 690.9 s, fps = 59, approx 680.4 s remaining
Finished 40576 frames in 692.0 s, fps = 59, approx 679.3 s remaining
Finished 40640 frames in 693.0 s, fps = 59, approx 678.1 s remaining
Finished 40704 frames in 694.1 s, fps = 59, approx 677.0 s remaining
Finished 40768 frames in 695.0 s, fps = 59, approx 675.8 s remaining
Finished 40832 frames in 696.0 s, fps = 59, approx 674.6 s remaining
Finished 40896 frames in 697.1 s, fps = 59, approx 673.5 s remaining
Finished 40960 frames in 698.2 s, fps = 59, approx 672.4 s remaining
Finished 41024 frames in 699.2 s, fps = 59, approx 671.2 s remaining
Finished 41088 frames in 700.3 s, fps = 59, approx 670.1 s remaining
Finished 41152 frames in 701.3 s, fps = 59, approx 668.9 s remaining
Finished 41216 frames in 702.3 s, fps = 59, approx 667.8 s remaining
Finished 41280 frames in 703.3 s, fps = 59, approx 666.6 s remaining
Finished 41344 frames in 704.3 s, fps = 59, approx 665.5 s remaining
Finished 41408 frames in 705.4 s, fps = 59, approx 664.4 s remaining
Finished 41472 frames in 706.5 s, fps = 59, approx 663.2 s remaining
Finished 41536 frames in 707.5 s, fps = 59, approx 662.1 s remaining
Finished 41600 frames in 708.5 s, fps = 59, approx 661.0 s remaining
Finished 41664 frames in 709.6 s, fps = 59, approx 659.9 s remaining
Finished 41728 frames in 710.7 s, fps = 59, approx 658.8 s remaining
Finished 41792 frames in 711.8 s, fps = 59, approx 657.6 s remaining
Finished 41856 frames in 712.8 s, fps = 59, approx 656.5 s remaining
Finished 41920 frames in 713.8 s, fps = 59, approx 655.3 s remaining
Finished 41984 frames in 714.9 s, fps = 59, approx 654.3 s remaining
Finished 42048 frames in 715.9 s, fps = 59, approx 653.1 s remaining
Finished 42112 frames in 717.0 s, fps = 59, approx 652.0 s remaining
Finished 42176 frames in 718.1 s, fps = 59, approx 650.9 s remaining
Finished 42240 frames in 719.1 s, fps = 59, approx 649.7 s remaining
Finished 42304 frames in 720.1 s, fps = 59, approx 648.6 s remaining
Finished 42368 frames in 721.1 s, fps = 59, approx 647.4 s remaining
Finished 42432 frames in 722.2 s, fps = 59, approx 646.3 s remaining
Finished 42496 frames in 723.2 s, fps = 59, approx 645.2 s remaining
Finished 42560 frames in 724.2 s, fps = 59, approx 644.0 s remaining
Finished 42624 frames in 725.3 s, fps = 59, approx 642.9 s remaining
Finished 42688 frames in 726.4 s, fps = 59, approx 641.8 s remaining
Finished 42752 frames in 727.4 s, fps = 59, approx 640.6 s remaining
Finished 42816 frames in 728.4 s, fps = 59, approx 639.5 s remaining
Finished 42880 frames in 729.5 s, fps = 59, approx 638.4 s remaining
Finished 42944 frames in 730.5 s, fps = 59, approx 637.2 s remaining
Finished 43008 frames in 731.5 s, fps = 59, approx 636.1 s remaining
Finished 43072 frames in 732.6 s, fps = 59, approx 635.0 s remaining
Finished 43136 frames in 733.6 s, fps = 59, approx 633.8 s remaining
Finished 43200 frames in 734.6 s, fps = 59, approx 632.6 s remaining
Finished 43264 frames in 735.6 s, fps = 59, approx 631.5 s remaining
Finished 43328 frames in 736.6 s, fps = 59, approx 630.4 s remaining
Finished 43392 frames in 737.7 s, fps = 59, approx 629.3 s remaining
Finished 43456 frames in 738.7 s, fps = 59, approx 628.1 s remaining
Finished 43520 frames in 739.8 s, fps = 59, approx 627.0 s remaining
Finished 43584 frames in 741.0 s, fps = 59, approx 626.0 s remaining
Finished 43648 frames in 742.0 s, fps = 59, approx 624.8 s remaining
Finished 43712 frames in 743.0 s, fps = 59, approx 623.7 s remaining
Finished 43776 frames in 744.0 s, fps = 59, approx 622.6 s remaining
Finished 43840 frames in 745.0 s, fps = 59, approx 621.4 s remaining
Finished 43904 frames in 746.0 s, fps = 59, approx 620.3 s remaining
Finished 43968 frames in 747.1 s, fps = 59, approx 619.2 s remaining
Finished 44032 frames in 748.1 s, fps = 59, approx 618.0 s remaining
Finished 44096 frames in 749.2 s, fps = 59, approx 616.9 s remaining
Finished 44160 frames in 750.3 s, fps = 59, approx 615.8 s remaining
Finished 44224 frames in 751.3 s, fps = 59, approx 614.6 s remaining
Finished 44288 frames in 752.3 s, fps = 59, approx 613.5 s remaining
Finished 44352 frames in 753.3 s, fps = 59, approx 612.4 s remaining
Finished 44416 frames in 754.4 s, fps = 59, approx 611.3 s remaining
Finished 44480 frames in 755.4 s, fps = 59, approx 610.1 s remaining
Finished 44544 frames in 756.4 s, fps = 59, approx 608.9 s remaining
Finished 44608 frames in 757.4 s, fps = 59, approx 607.8 s remaining
Finished 44672 frames in 758.5 s, fps = 59, approx 606.7 s remaining
Finished 44736 frames in 759.5 s, fps = 59, approx 605.6 s remaining
Finished 44800 frames in 760.6 s, fps = 59, approx 604.5 s remaining
Finished 44864 frames in 761.6 s, fps = 59, approx 603.4 s remaining
Finished 44928 frames in 762.6 s, fps = 59, approx 602.2 s remaining
Finished 44992 frames in 763.6 s, fps = 59, approx 601.1 s remaining
Finished 45056 frames in 764.7 s, fps = 59, approx 600.0 s remaining
Finished 45120 frames in 765.8 s, fps = 59, approx 598.9 s remaining
Finished 45184 frames in 766.8 s, fps = 59, approx 597.7 s remaining
Finished 45248 frames in 767.8 s, fps = 59, approx 596.6 s remaining
Finished 45312 frames in 768.9 s, fps = 59, approx 595.5 s remaining
Finished 45376 frames in 769.9 s, fps = 59, approx 594.4 s remaining
Finished 45440 frames in 771.1 s, fps = 59, approx 593.3 s remaining
Finished 45504 frames in 772.1 s, fps = 59, approx 592.2 s remaining
Finished 45568 frames in 773.1 s, fps = 59, approx 591.0 s remaining
Finished 45632 frames in 774.1 s, fps = 59, approx 589.9 s remaining
Finished 45696 frames in 775.2 s, fps = 59, approx 588.8 s remaining
Finished 45760 frames in 776.2 s, fps = 59, approx 587.7 s remaining
Finished 45824 frames in 777.2 s, fps = 59, approx 586.5 s remaining
Finished 45888 frames in 778.2 s, fps = 59, approx 585.4 s remaining
Finished 45952 frames in 779.3 s, fps = 59, approx 584.3 s remaining
Finished 46016 frames in 780.4 s, fps = 59, approx 583.2 s remaining
Finished 46080 frames in 781.4 s, fps = 59, approx 582.1 s remaining
Finished 46144 frames in 782.4 s, fps = 59, approx 581.0 s remaining
Finished 46208 frames in 783.5 s, fps = 59, approx 579.8 s remaining
Finished 46272 frames in 784.5 s, fps = 59, approx 578.7 s remaining
Finished 46336 frames in 785.5 s, fps = 59, approx 577.6 s remaining
Finished 46400 frames in 786.6 s, fps = 59, approx 576.5 s remaining
Finished 46464 frames in 787.6 s, fps = 59, approx 575.4 s remaining
Finished 46528 frames in 788.7 s, fps = 59, approx 574.3 s remaining
Finished 46592 frames in 789.7 s, fps = 59, approx 573.2 s remaining
Finished 46656 frames in 790.7 s, fps = 59, approx 572.0 s remaining
Finished 46720 frames in 791.8 s, fps = 59, approx 570.9 s remaining
Finished 46784 frames in 792.8 s, fps = 59, approx 569.8 s remaining
Finished 46848 frames in 793.9 s, fps = 59, approx 568.7 s remaining
Finished 46912 frames in 794.9 s, fps = 59, approx 567.5 s remaining
Finished 46976 frames in 796.0 s, fps = 59, approx 566.4 s remaining
Finished 47040 frames in 797.0 s, fps = 59, approx 565.3 s remaining
Finished 47104 frames in 798.0 s, fps = 59, approx 564.2 s remaining
Finished 47168 frames in 799.1 s, fps = 59, approx 563.1 s remaining
Finished 47232 frames in 800.2 s, fps = 59, approx 562.0 s remaining
Finished 47296 frames in 801.1 s, fps = 59, approx 560.8 s remaining
Finished 47360 frames in 802.2 s, fps = 59, approx 559.8 s remaining
Finished 47424 frames in 803.2 s, fps = 59, approx 558.6 s remaining
Finished 47488 frames in 804.3 s, fps = 59, approx 557.6 s remaining
Finished 47552 frames in 805.4 s, fps = 59, approx 556.4 s remaining
Finished 47616 frames in 806.4 s, fps = 59, approx 555.3 s remaining
Finished 47680 frames in 807.5 s, fps = 59, approx 554.3 s remaining
Finished 47744 frames in 808.5 s, fps = 59, approx 553.1 s remaining
Finished 47808 frames in 809.6 s, fps = 59, approx 552.0 s remaining
Finished 47872 frames in 810.6 s, fps = 59, approx 550.9 s remaining
Finished 47936 frames in 811.6 s, fps = 59, approx 549.8 s remaining
Finished 48000 frames in 812.7 s, fps = 59, approx 548.7 s remaining
Finished 48064 frames in 813.7 s, fps = 59, approx 547.6 s remaining
Finished 48128 frames in 814.8 s, fps = 59, approx 546.4 s remaining
Finished 48192 frames in 815.8 s, fps = 59, approx 545.3 s remaining
Finished 48256 frames in 816.8 s, fps = 59, approx 544.2 s remaining
Finished 48320 frames in 817.9 s, fps = 59, approx 543.1 s remaining
Finished 48384 frames in 818.9 s, fps = 59, approx 542.0 s remaining
Finished 48448 frames in 820.0 s, fps = 59, approx 540.9 s remaining
Finished 48512 frames in 821.0 s, fps = 59, approx 539.8 s remaining
Finished 48576 frames in 822.0 s, fps = 59, approx 538.6 s remaining
Finished 48640 frames in 823.1 s, fps = 59, approx 537.6 s remaining
Finished 48704 frames in 824.1 s, fps = 59, approx 536.4 s remaining
Finished 48768 frames in 825.2 s, fps = 59, approx 535.3 s remaining
Finished 48832 frames in 826.2 s, fps = 59, approx 534.2 s remaining
Finished 48896 frames in 827.3 s, fps = 59, approx 533.1 s remaining
Finished 48960 frames in 828.4 s, fps = 59, approx 532.0 s remaining
Finished 49024 frames in 829.4 s, fps = 59, approx 530.9 s remaining
Finished 49088 frames in 830.5 s, fps = 59, approx 529.9 s remaining
Finished 49152 frames in 831.5 s, fps = 59, approx 528.7 s remaining
Finished 49216 frames in 832.5 s, fps = 59, approx 527.6 s remaining
Finished 49280 frames in 833.5 s, fps = 59, approx 526.5 s remaining
Finished 49344 frames in 834.5 s, fps = 59, approx 525.3 s remaining
Finished 49408 frames in 835.6 s, fps = 59, approx 524.2 s remaining
Finished 49472 frames in 836.6 s, fps = 59, approx 523.1 s remaining
Finished 49536 frames in 837.6 s, fps = 59, approx 522.0 s remaining
Finished 49600 frames in 838.6 s, fps = 59, approx 520.9 s remaining
Finished 49664 frames in 839.7 s, fps = 59, approx 519.8 s remaining
Finished 49728 frames in 840.7 s, fps = 59, approx 518.6 s remaining
Finished 49792 frames in 841.8 s, fps = 59, approx 517.6 s remaining
Finished 49856 frames in 842.9 s, fps = 59, approx 516.5 s remaining
Finished 49920 frames in 843.9 s, fps = 59, approx 515.4 s remaining
Finished 49984 frames in 844.9 s, fps = 59, approx 514.3 s remaining
Finished 50048 frames in 846.0 s, fps = 59, approx 513.1 s remaining
Finished 50112 frames in 847.0 s, fps = 59, approx 512.1 s remaining
Finished 50176 frames in 848.1 s, fps = 59, approx 511.0 s remaining
Finished 50240 frames in 849.2 s, fps = 59, approx 509.9 s remaining
Finished 50304 frames in 850.3 s, fps = 59, approx 508.8 s remaining
Finished 50368 frames in 851.4 s, fps = 59, approx 507.7 s remaining
Finished 50432 frames in 852.4 s, fps = 59, approx 506.6 s remaining
Finished 50496 frames in 853.4 s, fps = 59, approx 505.5 s remaining
Finished 50560 frames in 854.5 s, fps = 59, approx 504.4 s remaining
Finished 50624 frames in 855.5 s, fps = 59, approx 503.3 s remaining
Finished 50688 frames in 856.6 s, fps = 59, approx 502.2 s remaining
Finished 50752 frames in 857.6 s, fps = 59, approx 501.1 s remaining
Finished 50816 frames in 858.7 s, fps = 59, approx 500.0 s remaining
Finished 50880 frames in 859.8 s, fps = 59, approx 498.9 s remaining
Finished 50944 frames in 860.8 s, fps = 59, approx 497.8 s remaining
Finished 51008 frames in 861.8 s, fps = 59, approx 496.7 s remaining
Finished 51072 frames in 862.9 s, fps = 59, approx 495.6 s remaining
Finished 51136 frames in 863.9 s, fps = 59, approx 494.5 s remaining
Finished 51200 frames in 864.9 s, fps = 59, approx 493.4 s remaining
Finished 51264 frames in 866.0 s, fps = 59, approx 492.3 s remaining
Finished 51328 frames in 867.1 s, fps = 59, approx 491.2 s remaining
Finished 51392 frames in 868.1 s, fps = 59, approx 490.1 s remaining
Finished 51456 frames in 869.1 s, fps = 59, approx 489.0 s remaining
Finished 51520 frames in 870.2 s, fps = 59, approx 487.9 s remaining
Finished 51584 frames in 871.3 s, fps = 59, approx 486.8 s remaining
Finished 51648 frames in 872.3 s, fps = 59, approx 485.7 s remaining
Finished 51712 frames in 873.4 s, fps = 59, approx 484.7 s remaining
Finished 51776 frames in 874.4 s, fps = 59, approx 483.5 s remaining
Finished 51840 frames in 875.5 s, fps = 59, approx 482.4 s remaining
Finished 51904 frames in 876.6 s, fps = 59, approx 481.3 s remaining
Finished 51968 frames in 877.6 s, fps = 59, approx 480.2 s remaining
Finished 52032 frames in 878.6 s, fps = 59, approx 479.1 s remaining
Finished 52096 frames in 879.7 s, fps = 59, approx 478.0 s remaining
Finished 52160 frames in 880.7 s, fps = 59, approx 476.9 s remaining
Finished 52224 frames in 881.8 s, fps = 59, approx 475.8 s remaining
Finished 52288 frames in 882.9 s, fps = 59, approx 474.8 s remaining
Finished 52352 frames in 883.9 s, fps = 59, approx 473.7 s remaining
Finished 52416 frames in 884.9 s, fps = 59, approx 472.6 s remaining
Finished 52480 frames in 886.0 s, fps = 59, approx 471.5 s remaining
Finished 52544 frames in 887.1 s, fps = 59, approx 470.4 s remaining
Finished 52608 frames in 888.2 s, fps = 59, approx 469.3 s remaining
Finished 52672 frames in 889.3 s, fps = 59, approx 468.3 s remaining
Finished 52736 frames in 890.4 s, fps = 59, approx 467.2 s remaining
Finished 52800 frames in 891.4 s, fps = 59, approx 466.1 s remaining
Finished 52864 frames in 892.4 s, fps = 59, approx 465.0 s remaining
Finished 52928 frames in 893.6 s, fps = 59, approx 463.9 s remaining
Finished 52992 frames in 894.6 s, fps = 59, approx 462.8 s remaining
Finished 53056 frames in 895.6 s, fps = 59, approx 461.7 s remaining
Finished 53120 frames in 896.7 s, fps = 59, approx 460.6 s remaining
Finished 53184 frames in 897.8 s, fps = 59, approx 459.5 s remaining
Finished 53248 frames in 898.8 s, fps = 59, approx 458.4 s remaining
Finished 53312 frames in 899.8 s, fps = 59, approx 457.3 s remaining
Finished 53376 frames in 900.9 s, fps = 59, approx 456.2 s remaining
Finished 53440 frames in 901.9 s, fps = 59, approx 455.1 s remaining
Finished 53504 frames in 903.0 s, fps = 59, approx 454.0 s remaining
Finished 53568 frames in 904.1 s, fps = 59, approx 453.0 s remaining
Finished 53632 frames in 905.2 s, fps = 59, approx 451.9 s remaining
Finished 53696 frames in 906.3 s, fps = 59, approx 450.8 s remaining
Finished 53760 frames in 907.4 s, fps = 59, approx 449.7 s remaining
Finished 53824 frames in 908.4 s, fps = 59, approx 448.6 s remaining
Finished 53888 frames in 909.3 s, fps = 59, approx 447.5 s remaining
Finished 53952 frames in 910.4 s, fps = 59, approx 446.4 s remaining
Finished 54016 frames in 911.5 s, fps = 59, approx 445.3 s remaining
Finished 54080 frames in 912.5 s, fps = 59, approx 444.2 s remaining
Finished 54144 frames in 913.5 s, fps = 59, approx 443.1 s remaining
Finished 54208 frames in 914.6 s, fps = 59, approx 442.0 s remaining
Finished 54272 frames in 915.6 s, fps = 59, approx 440.9 s remaining
Finished 54336 frames in 916.6 s, fps = 59, approx 439.8 s remaining
Finished 54400 frames in 917.7 s, fps = 59, approx 438.7 s remaining
Finished 54464 frames in 918.7 s, fps = 59, approx 437.6 s remaining
Finished 54528 frames in 919.7 s, fps = 59, approx 436.5 s remaining
Finished 54592 frames in 920.7 s, fps = 59, approx 435.4 s remaining
Finished 54656 frames in 921.8 s, fps = 59, approx 434.3 s remaining
Finished 54720 frames in 922.8 s, fps = 59, approx 433.2 s remaining
Finished 54784 frames in 923.8 s, fps = 59, approx 432.1 s remaining
Finished 54848 frames in 924.9 s, fps = 59, approx 431.0 s remaining
Finished 54912 frames in 926.0 s, fps = 59, approx 429.9 s remaining
Finished 54976 frames in 927.0 s, fps = 59, approx 428.8 s remaining
Finished 55040 frames in 928.1 s, fps = 59, approx 427.7 s remaining
Finished 55104 frames in 929.1 s, fps = 59, approx 426.6 s remaining
Finished 55168 frames in 930.2 s, fps = 59, approx 425.5 s remaining
Finished 55232 frames in 931.2 s, fps = 59, approx 424.4 s remaining
Finished 55296 frames in 932.2 s, fps = 59, approx 423.3 s remaining
Finished 55360 frames in 933.2 s, fps = 59, approx 422.2 s remaining
Finished 55424 frames in 934.3 s, fps = 59, approx 421.1 s remaining
Finished 55488 frames in 935.3 s, fps = 59, approx 420.0 s remaining
Finished 55552 frames in 936.4 s, fps = 59, approx 418.9 s remaining
Finished 55616 frames in 937.4 s, fps = 59, approx 417.8 s remaining
Finished 55680 frames in 938.4 s, fps = 59, approx 416.7 s remaining
Finished 55744 frames in 939.6 s, fps = 59, approx 415.7 s remaining
Finished 55808 frames in 940.6 s, fps = 59, approx 414.6 s remaining
Finished 55872 frames in 941.6 s, fps = 59, approx 413.5 s remaining
Finished 55936 frames in 942.7 s, fps = 59, approx 412.4 s remaining
Finished 56000 frames in 943.7 s, fps = 59, approx 411.3 s remaining
Finished 56064 frames in 944.8 s, fps = 59, approx 410.2 s remaining
Finished 56128 frames in 945.9 s, fps = 59, approx 409.1 s remaining
Finished 56192 frames in 946.9 s, fps = 59, approx 408.0 s remaining
Finished 56256 frames in 948.0 s, fps = 59, approx 407.0 s remaining
Finished 56320 frames in 949.0 s, fps = 59, approx 405.9 s remaining
Finished 56384 frames in 950.1 s, fps = 59, approx 404.8 s remaining
Finished 56448 frames in 951.1 s, fps = 59, approx 403.7 s remaining
Finished 56512 frames in 952.1 s, fps = 59, approx 402.6 s remaining
Finished 56576 frames in 953.2 s, fps = 59, approx 401.5 s remaining
Finished 56640 frames in 954.2 s, fps = 59, approx 400.4 s remaining
Finished 56704 frames in 955.3 s, fps = 59, approx 399.3 s remaining
Finished 56768 frames in 956.3 s, fps = 59, approx 398.2 s remaining
Finished 56832 frames in 957.3 s, fps = 59, approx 397.1 s remaining
Finished 56896 frames in 958.3 s, fps = 59, approx 396.0 s remaining
Finished 56960 frames in 959.4 s, fps = 59, approx 394.9 s remaining
Finished 57024 frames in 960.4 s, fps = 59, approx 393.8 s remaining
Finished 57088 frames in 961.4 s, fps = 59, approx 392.7 s remaining
Finished 57152 frames in 962.5 s, fps = 59, approx 391.6 s remaining
Finished 57216 frames in 963.5 s, fps = 59, approx 390.5 s remaining
Finished 57280 frames in 964.5 s, fps = 59, approx 389.4 s remaining
Finished 57344 frames in 965.5 s, fps = 59, approx 388.3 s remaining
Finished 57408 frames in 966.7 s, fps = 59, approx 387.3 s remaining
Finished 57472 frames in 967.6 s, fps = 59, approx 386.1 s remaining
Finished 57536 frames in 968.7 s, fps = 59, approx 385.1 s remaining
Finished 57600 frames in 969.7 s, fps = 59, approx 383.9 s remaining
Finished 57664 frames in 970.8 s, fps = 59, approx 382.9 s remaining
Finished 57728 frames in 971.8 s, fps = 59, approx 381.8 s remaining
Finished 57792 frames in 972.8 s, fps = 59, approx 380.7 s remaining
Finished 57856 frames in 973.9 s, fps = 59, approx 379.6 s remaining
Finished 57920 frames in 974.9 s, fps = 59, approx 378.5 s remaining
Finished 57984 frames in 976.0 s, fps = 59, approx 377.4 s remaining
Finished 58048 frames in 977.0 s, fps = 59, approx 376.3 s remaining
Finished 58112 frames in 978.1 s, fps = 59, approx 375.2 s remaining
Finished 58176 frames in 979.1 s, fps = 59, approx 374.1 s remaining
Finished 58240 frames in 980.2 s, fps = 59, approx 373.1 s remaining
Finished 58304 frames in 981.3 s, fps = 59, approx 372.0 s remaining
Finished 58368 frames in 982.3 s, fps = 59, approx 370.9 s remaining
Finished 58432 frames in 983.4 s, fps = 59, approx 369.8 s remaining
Finished 58496 frames in 984.4 s, fps = 59, approx 368.7 s remaining
Finished 58560 frames in 985.5 s, fps = 59, approx 367.6 s remaining
Finished 58624 frames in 986.5 s, fps = 59, approx 366.5 s remaining
Finished 58688 frames in 987.5 s, fps = 59, approx 365.4 s remaining
Finished 58752 frames in 988.6 s, fps = 59, approx 364.4 s remaining
Finished 58816 frames in 989.5 s, fps = 59, approx 363.2 s remaining
Finished 58880 frames in 990.7 s, fps = 59, approx 362.2 s remaining
Finished 58944 frames in 991.8 s, fps = 59, approx 361.1 s remaining
Finished 59008 frames in 992.8 s, fps = 59, approx 360.0 s remaining
Finished 59072 frames in 993.8 s, fps = 59, approx 358.9 s remaining
Finished 59136 frames in 994.9 s, fps = 59, approx 357.8 s remaining
Finished 59200 frames in 995.9 s, fps = 59, approx 356.7 s remaining
Finished 59264 frames in 996.9 s, fps = 59, approx 355.6 s remaining
Finished 59328 frames in 997.9 s, fps = 59, approx 354.5 s remaining
Finished 59392 frames in 999.0 s, fps = 59, approx 353.4 s remaining
Finished 59456 frames in 1000.0 s, fps = 59, approx 352.4 s remaining
Finished 59520 frames in 1001.1 s, fps = 59, approx 351.3 s remaining
Finished 59584 frames in 1002.1 s, fps = 59, approx 350.2 s remaining
Finished 59648 frames in 1003.4 s, fps = 59, approx 349.2 s remaining
Finished 59712 frames in 1004.6 s, fps = 59, approx 348.2 s remaining
Finished 59776 frames in 1005.6 s, fps = 59, approx 347.1 s remaining
Finished 59840 frames in 1006.7 s, fps = 59, approx 346.0 s remaining
Finished 59904 frames in 1007.8 s, fps = 59, approx 344.9 s remaining
Finished 59968 frames in 1008.8 s, fps = 59, approx 343.8 s remaining
Finished 60032 frames in 1009.8 s, fps = 59, approx 342.7 s remaining
Finished 60096 frames in 1010.8 s, fps = 59, approx 341.6 s remaining
Finished 60160 frames in 1011.9 s, fps = 59, approx 340.5 s remaining
Finished 60224 frames in 1012.9 s, fps = 59, approx 339.4 s remaining
Finished 60288 frames in 1013.9 s, fps = 59, approx 338.3 s remaining
Finished 60352 frames in 1014.9 s, fps = 59, approx 337.2 s remaining
Finished 60416 frames in 1015.9 s, fps = 59, approx 336.1 s remaining
Finished 60480 frames in 1017.0 s, fps = 59, approx 335.1 s remaining
Finished 60544 frames in 1018.0 s, fps = 59, approx 334.0 s remaining
Finished 60608 frames in 1019.1 s, fps = 59, approx 332.9 s remaining
Finished 60672 frames in 1020.1 s, fps = 59, approx 331.8 s remaining
Finished 60736 frames in 1021.2 s, fps = 59, approx 330.7 s remaining
Finished 60800 frames in 1022.3 s, fps = 59, approx 329.6 s remaining
Finished 60864 frames in 1023.4 s, fps = 59, approx 328.6 s remaining
Finished 60928 frames in 1024.3 s, fps = 59, approx 327.5 s remaining
Finished 60992 frames in 1025.3 s, fps = 59, approx 326.4 s remaining
Finished 61056 frames in 1026.3 s, fps = 59, approx 325.3 s remaining
Finished 61120 frames in 1027.4 s, fps = 59, approx 324.2 s remaining
Finished 61184 frames in 1028.4 s, fps = 59, approx 323.1 s remaining
Finished 61248 frames in 1029.6 s, fps = 59, approx 322.0 s remaining
Finished 61312 frames in 1030.7 s, fps = 59, approx 321.0 s remaining
Finished 61376 frames in 1031.7 s, fps = 59, approx 319.9 s remaining
Finished 61440 frames in 1032.8 s, fps = 59, approx 318.8 s remaining
Finished 61504 frames in 1033.7 s, fps = 59, approx 317.7 s remaining
Finished 61568 frames in 1034.8 s, fps = 59, approx 316.6 s remaining
Finished 61632 frames in 1035.9 s, fps = 59, approx 315.5 s remaining
Finished 61696 frames in 1037.0 s, fps = 59, approx 314.5 s remaining
Finished 61760 frames in 1038.0 s, fps = 59, approx 313.4 s remaining
Finished 61824 frames in 1039.1 s, fps = 59, approx 312.3 s remaining
Finished 61888 frames in 1040.1 s, fps = 60, approx 311.2 s remaining
Finished 61952 frames in 1041.2 s, fps = 60, approx 310.1 s remaining
Finished 62016 frames in 1042.2 s, fps = 60, approx 309.1 s remaining
Finished 62080 frames in 1043.3 s, fps = 60, approx 308.0 s remaining
Finished 62144 frames in 1044.4 s, fps = 60, approx 306.9 s remaining
Finished 62208 frames in 1045.4 s, fps = 60, approx 305.8 s remaining
Finished 62272 frames in 1046.5 s, fps = 60, approx 304.8 s remaining
Finished 62336 frames in 1047.5 s, fps = 60, approx 303.6 s remaining
Finished 62400 frames in 1048.5 s, fps = 60, approx 302.6 s remaining
Finished 62464 frames in 1049.6 s, fps = 60, approx 301.5 s remaining
Finished 62528 frames in 1050.6 s, fps = 60, approx 300.4 s remaining
Finished 62592 frames in 1051.6 s, fps = 60, approx 299.3 s remaining
Finished 62656 frames in 1052.7 s, fps = 60, approx 298.2 s remaining
Finished 62720 frames in 1053.6 s, fps = 60, approx 297.1 s remaining
Finished 62784 frames in 1054.7 s, fps = 60, approx 296.0 s remaining
Finished 62848 frames in 1055.7 s, fps = 60, approx 294.9 s remaining
Finished 62912 frames in 1056.8 s, fps = 60, approx 293.9 s remaining
Finished 62976 frames in 1057.8 s, fps = 60, approx 292.8 s remaining
Finished 63040 frames in 1058.8 s, fps = 60, approx 291.7 s remaining
Finished 63104 frames in 1059.9 s, fps = 60, approx 290.6 s remaining
Finished 63168 frames in 1060.9 s, fps = 60, approx 289.5 s remaining
Finished 63232 frames in 1062.0 s, fps = 60, approx 288.4 s remaining
Finished 63296 frames in 1063.0 s, fps = 60, approx 287.3 s remaining
Finished 63360 frames in 1064.1 s, fps = 60, approx 286.3 s remaining
Finished 63424 frames in 1065.1 s, fps = 60, approx 285.2 s remaining
Finished 63488 frames in 1066.2 s, fps = 60, approx 284.1 s remaining
Finished 63552 frames in 1067.1 s, fps = 60, approx 283.0 s remaining
Finished 63616 frames in 1068.2 s, fps = 60, approx 281.9 s remaining
Finished 63680 frames in 1069.2 s, fps = 60, approx 280.8 s remaining
Finished 63744 frames in 1070.3 s, fps = 60, approx 279.8 s remaining
Finished 63808 frames in 1071.3 s, fps = 60, approx 278.7 s remaining
Finished 63872 frames in 1072.3 s, fps = 60, approx 277.6 s remaining
Finished 63936 frames in 1073.3 s, fps = 60, approx 276.5 s remaining
Finished 64000 frames in 1074.4 s, fps = 60, approx 275.4 s remaining
Finished 64064 frames in 1075.4 s, fps = 60, approx 274.3 s remaining
Finished 64128 frames in 1076.4 s, fps = 60, approx 273.2 s remaining
Finished 64192 frames in 1077.5 s, fps = 60, approx 272.2 s remaining
Finished 64256 frames in 1078.5 s, fps = 60, approx 271.1 s remaining
Finished 64320 frames in 1079.6 s, fps = 60, approx 270.0 s remaining
Finished 64384 frames in 1080.6 s, fps = 60, approx 268.9 s remaining
Finished 64448 frames in 1081.7 s, fps = 60, approx 267.8 s remaining
Finished 64512 frames in 1082.7 s, fps = 60, approx 266.7 s remaining
Finished 64576 frames in 1083.7 s, fps = 60, approx 265.7 s remaining
Finished 64640 frames in 1084.9 s, fps = 60, approx 264.6 s remaining
Finished 64704 frames in 1085.9 s, fps = 60, approx 263.5 s remaining
Finished 64768 frames in 1087.0 s, fps = 60, approx 262.5 s remaining
Finished 64832 frames in 1088.1 s, fps = 60, approx 261.4 s remaining
Finished 64896 frames in 1089.1 s, fps = 60, approx 260.3 s remaining
Finished 64960 frames in 1090.1 s, fps = 60, approx 259.2 s remaining
Finished 65024 frames in 1091.2 s, fps = 60, approx 258.1 s remaining
Finished 65088 frames in 1092.2 s, fps = 60, approx 257.0 s remaining
Finished 65152 frames in 1093.4 s, fps = 60, approx 256.0 s remaining
Finished 65216 frames in 1094.5 s, fps = 60, approx 254.9 s remaining
Finished 65280 frames in 1095.5 s, fps = 60, approx 253.8 s remaining
Finished 65344 frames in 1096.5 s, fps = 60, approx 252.7 s remaining
Finished 65408 frames in 1097.5 s, fps = 60, approx 251.7 s remaining
Finished 65472 frames in 1098.5 s, fps = 60, approx 250.6 s remaining
Finished 65536 frames in 1099.5 s, fps = 60, approx 249.5 s remaining
Finished 65600 frames in 1100.6 s, fps = 60, approx 248.4 s remaining
Finished 65664 frames in 1101.7 s, fps = 60, approx 247.3 s remaining
Finished 65728 frames in 1102.7 s, fps = 60, approx 246.2 s remaining
Finished 65792 frames in 1103.7 s, fps = 60, approx 245.2 s remaining
Finished 65856 frames in 1104.7 s, fps = 60, approx 244.1 s remaining
Finished 65920 frames in 1105.8 s, fps = 60, approx 243.0 s remaining
Finished 65984 frames in 1106.9 s, fps = 60, approx 241.9 s remaining
Finished 66048 frames in 1107.9 s, fps = 60, approx 240.8 s remaining
Finished 66112 frames in 1108.8 s, fps = 60, approx 239.7 s remaining
Finished 66176 frames in 1109.9 s, fps = 60, approx 238.7 s remaining
Finished 66240 frames in 1110.9 s, fps = 60, approx 237.6 s remaining
Finished 66304 frames in 1112.0 s, fps = 60, approx 236.5 s remaining
Finished 66368 frames in 1112.9 s, fps = 60, approx 235.4 s remaining
Finished 66432 frames in 1114.0 s, fps = 60, approx 234.3 s remaining
Finished 66496 frames in 1115.1 s, fps = 60, approx 233.3 s remaining
Finished 66560 frames in 1116.1 s, fps = 60, approx 232.2 s remaining
Finished 66624 frames in 1117.2 s, fps = 60, approx 231.1 s remaining
Finished 66688 frames in 1118.2 s, fps = 60, approx 230.0 s remaining
Finished 66752 frames in 1119.3 s, fps = 60, approx 229.0 s remaining
Finished 66816 frames in 1120.4 s, fps = 60, approx 227.9 s remaining
Finished 66880 frames in 1121.4 s, fps = 60, approx 226.8 s remaining
Finished 66944 frames in 1122.4 s, fps = 60, approx 225.7 s remaining
Finished 67008 frames in 1123.5 s, fps = 60, approx 224.6 s remaining
Finished 67072 frames in 1124.7 s, fps = 60, approx 223.6 s remaining
Finished 67136 frames in 1125.7 s, fps = 60, approx 222.5 s remaining
Finished 67200 frames in 1126.8 s, fps = 60, approx 221.4 s remaining
Finished 67264 frames in 1127.7 s, fps = 60, approx 220.3 s remaining
Finished 67328 frames in 1128.8 s, fps = 60, approx 219.3 s remaining
Finished 67392 frames in 1129.8 s, fps = 60, approx 218.2 s remaining
Finished 67456 frames in 1130.8 s, fps = 60, approx 217.1 s remaining
Finished 67520 frames in 1131.8 s, fps = 60, approx 216.0 s remaining
Finished 67584 frames in 1133.0 s, fps = 60, approx 214.9 s remaining
Finished 67648 frames in 1133.9 s, fps = 60, approx 213.9 s remaining
Finished 67712 frames in 1134.9 s, fps = 60, approx 212.8 s remaining
Finished 67776 frames in 1136.0 s, fps = 60, approx 211.7 s remaining
Finished 67840 frames in 1137.0 s, fps = 60, approx 210.6 s remaining
Finished 67904 frames in 1138.0 s, fps = 60, approx 209.5 s remaining
Finished 67968 frames in 1139.1 s, fps = 60, approx 208.5 s remaining
Finished 68032 frames in 1140.2 s, fps = 60, approx 207.4 s remaining
Finished 68096 frames in 1141.2 s, fps = 60, approx 206.3 s remaining
Finished 68160 frames in 1142.2 s, fps = 60, approx 205.2 s remaining
Finished 68224 frames in 1143.2 s, fps = 60, approx 204.1 s remaining
Finished 68288 frames in 1144.3 s, fps = 60, approx 203.1 s remaining
Finished 68352 frames in 1145.3 s, fps = 60, approx 202.0 s remaining
Finished 68416 frames in 1146.3 s, fps = 60, approx 200.9 s remaining
Finished 68480 frames in 1147.4 s, fps = 60, approx 199.8 s remaining
Finished 68544 frames in 1148.4 s, fps = 60, approx 198.7 s remaining
Finished 68608 frames in 1149.5 s, fps = 60, approx 197.7 s remaining
Finished 68672 frames in 1150.5 s, fps = 60, approx 196.6 s remaining
Finished 68736 frames in 1151.5 s, fps = 60, approx 195.5 s remaining
Finished 68800 frames in 1152.6 s, fps = 60, approx 194.4 s remaining
Finished 68864 frames in 1153.6 s, fps = 60, approx 193.3 s remaining
Finished 68928 frames in 1154.6 s, fps = 60, approx 192.3 s remaining
Finished 68992 frames in 1155.7 s, fps = 60, approx 191.2 s remaining
Finished 69056 frames in 1156.7 s, fps = 60, approx 190.1 s remaining
Finished 69120 frames in 1157.7 s, fps = 60, approx 189.0 s remaining
Finished 69184 frames in 1158.8 s, fps = 60, approx 188.0 s remaining
Finished 69248 frames in 1159.8 s, fps = 60, approx 186.9 s remaining
Finished 69312 frames in 1161.0 s, fps = 60, approx 185.8 s remaining
Finished 69376 frames in 1162.2 s, fps = 60, approx 184.8 s remaining
Finished 69440 frames in 1163.3 s, fps = 60, approx 183.7 s remaining
Finished 69504 frames in 1164.4 s, fps = 60, approx 182.6 s remaining
Finished 69568 frames in 1165.4 s, fps = 60, approx 181.6 s remaining
Finished 69632 frames in 1166.4 s, fps = 60, approx 180.5 s remaining
Finished 69696 frames in 1167.4 s, fps = 60, approx 179.4 s remaining
Finished 69760 frames in 1168.4 s, fps = 60, approx 178.3 s remaining
Finished 69824 frames in 1169.5 s, fps = 60, approx 177.2 s remaining
Finished 69888 frames in 1170.5 s, fps = 60, approx 176.2 s remaining
Finished 69952 frames in 1171.6 s, fps = 60, approx 175.1 s remaining
Finished 70016 frames in 1172.6 s, fps = 60, approx 174.0 s remaining
Finished 70080 frames in 1173.8 s, fps = 60, approx 173.0 s remaining
Finished 70144 frames in 1174.8 s, fps = 60, approx 171.9 s remaining
Finished 70208 frames in 1175.9 s, fps = 60, approx 170.8 s remaining
Finished 70272 frames in 1176.9 s, fps = 60, approx 169.7 s remaining
Finished 70336 frames in 1177.9 s, fps = 60, approx 168.6 s remaining
Finished 70400 frames in 1178.9 s, fps = 60, approx 167.6 s remaining
Finished 70464 frames in 1180.0 s, fps = 60, approx 166.5 s remaining
Finished 70528 frames in 1181.0 s, fps = 60, approx 165.4 s remaining
Finished 70592 frames in 1182.2 s, fps = 60, approx 164.4 s remaining
Finished 70656 frames in 1183.3 s, fps = 60, approx 163.3 s remaining
Finished 70720 frames in 1184.2 s, fps = 60, approx 162.2 s remaining
Finished 70784 frames in 1185.3 s, fps = 60, approx 161.1 s remaining
Finished 70848 frames in 1186.3 s, fps = 60, approx 160.0 s remaining
Finished 70912 frames in 1187.3 s, fps = 60, approx 159.0 s remaining
Finished 70976 frames in 1188.4 s, fps = 60, approx 157.9 s remaining
Finished 71040 frames in 1189.4 s, fps = 60, approx 156.8 s remaining
Finished 71104 frames in 1190.5 s, fps = 60, approx 155.7 s remaining
Finished 71168 frames in 1191.5 s, fps = 60, approx 154.7 s remaining
Finished 71232 frames in 1192.5 s, fps = 60, approx 153.6 s remaining
Finished 71296 frames in 1193.6 s, fps = 60, approx 152.5 s remaining
Finished 71360 frames in 1194.7 s, fps = 60, approx 151.4 s remaining
Finished 71424 frames in 1195.6 s, fps = 60, approx 150.4 s remaining
Finished 71488 frames in 1196.6 s, fps = 60, approx 149.3 s remaining
Finished 71552 frames in 1197.7 s, fps = 60, approx 148.2 s remaining
Finished 71616 frames in 1198.8 s, fps = 60, approx 147.1 s remaining
Finished 71680 frames in 1199.7 s, fps = 60, approx 146.0 s remaining
Finished 71744 frames in 1200.8 s, fps = 60, approx 145.0 s remaining
Finished 71808 frames in 1201.9 s, fps = 60, approx 143.9 s remaining
Finished 71872 frames in 1202.9 s, fps = 60, approx 142.8 s remaining
Finished 71936 frames in 1204.0 s, fps = 60, approx 141.8 s remaining
Finished 72000 frames in 1205.0 s, fps = 60, approx 140.7 s remaining
Finished 72064 frames in 1206.0 s, fps = 60, approx 139.6 s remaining
Finished 72128 frames in 1207.1 s, fps = 60, approx 138.5 s remaining
Finished 72192 frames in 1208.1 s, fps = 60, approx 137.5 s remaining
Finished 72256 frames in 1209.1 s, fps = 60, approx 136.4 s remaining
Finished 72320 frames in 1210.2 s, fps = 60, approx 135.3 s remaining
Finished 72384 frames in 1211.3 s, fps = 60, approx 134.2 s remaining
Finished 72448 frames in 1212.4 s, fps = 60, approx 133.2 s remaining
Finished 72512 frames in 1213.4 s, fps = 60, approx 132.1 s remaining
Finished 72576 frames in 1214.5 s, fps = 60, approx 131.0 s remaining
Finished 72640 frames in 1215.6 s, fps = 60, approx 130.0 s remaining
Finished 72704 frames in 1216.6 s, fps = 60, approx 128.9 s remaining
Finished 72768 frames in 1217.7 s, fps = 60, approx 127.8 s remaining
Finished 72832 frames in 1218.6 s, fps = 60, approx 126.7 s remaining
Finished 72896 frames in 1219.8 s, fps = 60, approx 125.7 s remaining
Finished 72960 frames in 1220.9 s, fps = 60, approx 124.6 s remaining
Finished 73024 frames in 1222.0 s, fps = 60, approx 123.5 s remaining
Finished 73088 frames in 1223.1 s, fps = 60, approx 122.5 s remaining
Finished 73152 frames in 1224.1 s, fps = 60, approx 121.4 s remaining
Finished 73216 frames in 1225.1 s, fps = 60, approx 120.3 s remaining
Finished 73280 frames in 1226.1 s, fps = 60, approx 119.2 s remaining
Finished 73344 frames in 1227.2 s, fps = 60, approx 118.2 s remaining
Finished 73408 frames in 1228.3 s, fps = 60, approx 117.1 s remaining
Finished 73472 frames in 1229.3 s, fps = 60, approx 116.0 s remaining
Finished 73536 frames in 1230.3 s, fps = 60, approx 114.9 s remaining
Finished 73600 frames in 1231.4 s, fps = 60, approx 113.9 s remaining
Finished 73664 frames in 1232.4 s, fps = 60, approx 112.8 s remaining
Finished 73728 frames in 1233.5 s, fps = 60, approx 111.7 s remaining
Finished 73792 frames in 1234.5 s, fps = 60, approx 110.7 s remaining
Finished 73856 frames in 1235.6 s, fps = 60, approx 109.6 s remaining
Finished 73920 frames in 1236.7 s, fps = 60, approx 108.5 s remaining
Finished 73984 frames in 1237.8 s, fps = 60, approx 107.4 s remaining
Finished 74048 frames in 1238.9 s, fps = 60, approx 106.4 s remaining
Finished 74112 frames in 1240.0 s, fps = 60, approx 105.3 s remaining
Finished 74176 frames in 1241.0 s, fps = 60, approx 104.2 s remaining
Finished 74240 frames in 1242.1 s, fps = 60, approx 103.2 s remaining
Finished 74304 frames in 1243.1 s, fps = 60, approx 102.1 s remaining
Finished 74368 frames in 1244.2 s, fps = 60, approx 101.0 s remaining
Finished 74432 frames in 1245.1 s, fps = 60, approx 99.9 s remaining
Finished 74496 frames in 1246.3 s, fps = 60, approx 98.9 s remaining
Finished 74560 frames in 1247.4 s, fps = 60, approx 97.8 s remaining
Finished 74624 frames in 1248.3 s, fps = 60, approx 96.7 s remaining
Finished 74688 frames in 1249.4 s, fps = 60, approx 95.7 s remaining
Finished 74752 frames in 1250.4 s, fps = 60, approx 94.6 s remaining
Finished 74816 frames in 1251.4 s, fps = 60, approx 93.5 s remaining
Finished 74880 frames in 1252.5 s, fps = 60, approx 92.4 s remaining
Finished 74944 frames in 1253.5 s, fps = 60, approx 91.4 s remaining
Finished 75008 frames in 1254.5 s, fps = 60, approx 90.3 s remaining
Finished 75072 frames in 1255.7 s, fps = 60, approx 89.2 s remaining
Finished 75136 frames in 1256.7 s, fps = 60, approx 88.1 s remaining
Finished 75200 frames in 1257.7 s, fps = 60, approx 87.1 s remaining
Finished 75264 frames in 1258.7 s, fps = 60, approx 86.0 s remaining
Finished 75328 frames in 1259.8 s, fps = 60, approx 84.9 s remaining
Finished 75392 frames in 1260.9 s, fps = 60, approx 83.9 s remaining
Finished 75456 frames in 1261.9 s, fps = 60, approx 82.8 s remaining
Finished 75520 frames in 1262.9 s, fps = 60, approx 81.7 s remaining
Finished 75584 frames in 1263.9 s, fps = 60, approx 80.6 s remaining
Finished 75648 frames in 1265.0 s, fps = 60, approx 79.6 s remaining
Finished 75712 frames in 1266.0 s, fps = 60, approx 78.5 s remaining
Finished 75776 frames in 1267.0 s, fps = 60, approx 77.4 s remaining
Finished 75840 frames in 1268.1 s, fps = 60, approx 76.3 s remaining
Finished 75904 frames in 1269.2 s, fps = 60, approx 75.3 s remaining
Finished 75968 frames in 1270.2 s, fps = 60, approx 74.2 s remaining
Finished 76032 frames in 1271.3 s, fps = 60, approx 73.1 s remaining
Finished 76096 frames in 1272.3 s, fps = 60, approx 72.1 s remaining
Finished 76160 frames in 1273.4 s, fps = 60, approx 71.0 s remaining
Finished 76224 frames in 1274.5 s, fps = 60, approx 69.9 s remaining
Finished 76288 frames in 1275.5 s, fps = 60, approx 68.8 s remaining
Finished 76352 frames in 1276.5 s, fps = 60, approx 67.8 s remaining
Finished 76416 frames in 1277.6 s, fps = 60, approx 66.7 s remaining
Finished 76480 frames in 1278.6 s, fps = 60, approx 65.6 s remaining
Finished 76544 frames in 1279.6 s, fps = 60, approx 64.6 s remaining
Finished 76608 frames in 1280.7 s, fps = 60, approx 63.5 s remaining
Finished 76672 frames in 1281.7 s, fps = 60, approx 62.4 s remaining
Finished 76736 frames in 1282.8 s, fps = 60, approx 61.4 s remaining
Finished 76800 frames in 1283.8 s, fps = 60, approx 60.3 s remaining
Finished 76864 frames in 1284.8 s, fps = 60, approx 59.2 s remaining
Finished 76928 frames in 1285.9 s, fps = 60, approx 58.1 s remaining
Finished 76992 frames in 1286.9 s, fps = 60, approx 57.1 s remaining
Finished 77056 frames in 1288.0 s, fps = 60, approx 56.0 s remaining
Finished 77120 frames in 1289.0 s, fps = 60, approx 54.9 s remaining
Finished 77184 frames in 1290.1 s, fps = 60, approx 53.9 s remaining
Finished 77248 frames in 1291.1 s, fps = 60, approx 52.8 s remaining
Finished 77312 frames in 1292.2 s, fps = 60, approx 51.7 s remaining
Finished 77376 frames in 1293.2 s, fps = 60, approx 50.6 s remaining
Finished 77440 frames in 1294.3 s, fps = 60, approx 49.6 s remaining
Finished 77504 frames in 1295.3 s, fps = 60, approx 48.5 s remaining
Finished 77568 frames in 1296.4 s, fps = 60, approx 47.4 s remaining
Finished 77632 frames in 1297.4 s, fps = 60, approx 46.4 s remaining
Finished 77696 frames in 1298.5 s, fps = 60, approx 45.3 s remaining
Finished 77760 frames in 1299.5 s, fps = 60, approx 44.2 s remaining
Finished 77824 frames in 1300.6 s, fps = 60, approx 43.1 s remaining
Finished 77888 frames in 1301.6 s, fps = 60, approx 42.1 s remaining
Finished 77952 frames in 1302.6 s, fps = 60, approx 41.0 s remaining
Finished 78016 frames in 1303.7 s, fps = 60, approx 39.9 s remaining
Finished 78080 frames in 1304.7 s, fps = 60, approx 38.9 s remaining
Finished 78144 frames in 1305.7 s, fps = 60, approx 37.8 s remaining
Finished 78208 frames in 1306.8 s, fps = 60, approx 36.7 s remaining
Finished 78272 frames in 1307.9 s, fps = 60, approx 35.7 s remaining
Finished 78336 frames in 1309.0 s, fps = 60, approx 34.6 s remaining
Finished 78400 frames in 1310.1 s, fps = 60, approx 33.5 s remaining
Finished 78464 frames in 1311.1 s, fps = 60, approx 32.5 s remaining
Finished 78528 frames in 1312.2 s, fps = 60, approx 31.4 s remaining
Finished 78592 frames in 1313.2 s, fps = 60, approx 30.3 s remaining
Finished 78656 frames in 1314.2 s, fps = 60, approx 29.2 s remaining
Finished 78720 frames in 1315.3 s, fps = 60, approx 28.2 s remaining
Finished 78784 frames in 1316.4 s, fps = 60, approx 27.1 s remaining
Finished 78848 frames in 1317.4 s, fps = 60, approx 26.0 s remaining
Finished 78912 frames in 1318.4 s, fps = 60, approx 25.0 s remaining
Finished 78976 frames in 1319.5 s, fps = 60, approx 23.9 s remaining
Finished 79040 frames in 1320.4 s, fps = 60, approx 22.8 s remaining
Finished 79104 frames in 1321.6 s, fps = 60, approx 21.8 s remaining
Finished 79168 frames in 1322.6 s, fps = 60, approx 20.7 s remaining
Finished 79232 frames in 1323.6 s, fps = 60, approx 19.6 s remaining
Finished 79296 frames in 1324.7 s, fps = 60, approx 18.5 s remaining
Finished 79360 frames in 1325.8 s, fps = 60, approx 17.5 s remaining
Finished 79424 frames in 1326.8 s, fps = 60, approx 16.4 s remaining
Finished 79488 frames in 1327.9 s, fps = 60, approx 15.3 s remaining
Finished 79552 frames in 1328.9 s, fps = 60, approx 14.3 s remaining
Finished 79616 frames in 1329.9 s, fps = 60, approx 13.2 s remaining
Finished 79680 frames in 1331.0 s, fps = 60, approx 12.1 s remaining
Finished 79744 frames in 1332.1 s, fps = 60, approx 11.1 s remaining
Finished 79808 frames in 1333.2 s, fps = 60, approx 10.0 s remaining
Finished 79872 frames in 1334.3 s, fps = 60, approx 8.9 s remaining
Finished 79936 frames in 1335.2 s, fps = 60, approx 7.9 s remaining
Finished 80000 frames in 1336.3 s, fps = 60, approx 6.8 s remaining
Finished 80064 frames in 1337.3 s, fps = 60, approx 5.7 s remaining
Finished 80128 frames in 1338.4 s, fps = 60, approx 4.6 s remaining
Finished 80192 frames in 1339.5 s, fps = 60, approx 3.6 s remaining
Finished 80256 frames in 1340.5 s, fps = 60, approx 2.5 s remaining
Finished 80320 frames in 1341.5 s, fps = 60, approx 1.4 s remaining
Finished 80384 frames in 1342.5 s, fps = 60, approx 0.4 s remaining
Finished 80406 frames in 1342.7 s, fps = 60, approx 0.0 s remaining
Done in 1342.7646205250057 s, fps = 59.88093428359929.
Video saved as: /nancy/projects/reward_competition_ephys_analysis_with_omission_and_divider_controls/results/2023_05_17_sleap_analysis/proc/predicted_frames/1_subj/20221202_134600_omission_and_competition_subject_6_1_and_6_2.1.fixed.1_subj.predictions.slp.avi
All Done!
