Currently working on: /nancy/projects/reward_competition_ephys_analysis_with_omission_and_divider_controls/data/good/20221122_161341_omission_subject_6_1_and_6_3.rec/20221122_161341_omission_subject_6_1_and_6_3.1.h264
Directory: /nancy/projects/reward_competition_ephys_analysis_with_omission_and_divider_controls/data/good/20221122_161341_omission_subject_6_1_and_6_3.rec
File Name: 20221122_161341_omission_subject_6_1_and_6_3.1.h264
Base Name: 20221122_161341_omission_subject_6_1_and_6_3.1
Converting h264 to mp4
Reencoding mp4
Currently working on: /nancy/projects/reward_competition_ephys_analysis_with_omission_and_divider_controls/data/good/20221122_164720_competition_subject_6_1_and_6_3.rec/20221122_164720_competition_6_1_and_6_3.1.h264
Directory: /nancy/projects/reward_competition_ephys_analysis_with_omission_and_divider_controls/data/good/20221122_164720_competition_subject_6_1_and_6_3.rec
File Name: 20221122_164720_competition_6_1_and_6_3.1.h264
Base Name: 20221122_164720_competition_6_1_and_6_3.1
Converting h264 to mp4
Reencoding mp4
Currently working on: /nancy/projects/reward_competition_ephys_analysis_with_omission_and_divider_controls/data/good/20221123_113957_omission_subject_6_1_and_6_4.rec/20221123_113957_omission_subject_6_1_and_6_4.1.h264
Directory: /nancy/projects/reward_competition_ephys_analysis_with_omission_and_divider_controls/data/good/20221123_113957_omission_subject_6_1_and_6_4.rec
File Name: 20221123_113957_omission_subject_6_1_and_6_4.1.h264
Base Name: 20221123_113957_omission_subject_6_1_and_6_4.1
Converting h264 to mp4
Reencoding mp4
Currently working on: /nancy/projects/reward_competition_ephys_analysis_with_omission_and_divider_controls/data/good/20221123_122652_competition_subject_6_1_and_6_4.rec/20221123_122652_competition_subject_6_1_and_6_4.1.h264
Directory: /nancy/projects/reward_competition_ephys_analysis_with_omission_and_divider_controls/data/good/20221123_122652_competition_subject_6_1_and_6_4.rec
File Name: 20221123_122652_competition_subject_6_1_and_6_4.1.h264
Base Name: 20221123_122652_competition_subject_6_1_and_6_4.1
Converting h264 to mp4
Reencoding mp4
Currently working on: /nancy/projects/reward_competition_ephys_analysis_with_omission_and_divider_controls/data/good/20221125_144832_omission_subject_6_1_and_6_2.rec/20221125_144832_omission_and_competition_subejct_6_1_and_6_2.1.h264
Directory: /nancy/projects/reward_competition_ephys_analysis_with_omission_and_divider_controls/data/good/20221125_144832_omission_subject_6_1_and_6_2.rec
File Name: 20221125_144832_omission_and_competition_subejct_6_1_and_6_2.1.h264
Base Name: 20221125_144832_omission_and_competition_subejct_6_1_and_6_2.1
Converting h264 to mp4
Reencoding mp4
Currently working on: /nancy/projects/reward_competition_ephys_analysis_with_omission_and_divider_controls/data/good/20221125_152723_competition_subject_6_1_and_6_2.rec/20221125_152723_competition_subject_6_1_and_6_2.1.h264
Directory: /nancy/projects/reward_competition_ephys_analysis_with_omission_and_divider_controls/data/good/20221125_152723_competition_subject_6_1_and_6_2.rec
File Name: 20221125_152723_competition_subject_6_1_and_6_2.1.h264
Base Name: 20221125_152723_competition_subject_6_1_and_6_2.1
Converting h264 to mp4
Reencoding mp4
Currently working on: /nancy/projects/reward_competition_ephys_analysis_with_omission_and_divider_controls/data/good/20221202_134600_omission_and_competition_subject_6_1_and_6_2.rec/20221202_134600_omission_and_competition_subject_6_1_and_6_2.1.h264
Directory: /nancy/projects/reward_competition_ephys_analysis_with_omission_and_divider_controls/data/good/20221202_134600_omission_and_competition_subject_6_1_and_6_2.rec
File Name: 20221202_134600_omission_and_competition_subject_6_1_and_6_2.1.h264
Base Name: 20221202_134600_omission_and_competition_subject_6_1_and_6_2.1
Converting h264 to mp4
Reencoding mp4
Currently working on: /nancy/projects/reward_competition_ephys_analysis_with_omission_and_divider_controls/data/good/20221203_154800_omission_and_competition_subject_6_4_and_6_1.rec/20221203_154800_omission_and_competition_subject_6_4_and_6_1.1.h264
Directory: /nancy/projects/reward_competition_ephys_analysis_with_omission_and_divider_controls/data/good/20221203_154800_omission_and_competition_subject_6_4_and_6_1.rec
File Name: 20221203_154800_omission_and_competition_subject_6_4_and_6_1.1.h264
Base Name: 20221203_154800_omission_and_competition_subject_6_4_and_6_1.1
Converting h264 to mp4
Reencoding mp4
Currently working on: /nancy/projects/reward_competition_ephys_analysis_with_omission_and_divider_controls/data/good/20221214_125409_om_and_comp_6_1_and_6_3.rec/20221214_125409_om_and_comp_6_1_and_6_3.1.h264
Directory: /nancy/projects/reward_competition_ephys_analysis_with_omission_and_divider_controls/data/good/20221214_125409_om_and_comp_6_1_and_6_3.rec
File Name: 20221214_125409_om_and_comp_6_1_and_6_3.1.h264
Base Name: 20221214_125409_om_and_comp_6_1_and_6_3.1
Converting h264 to mp4
Reencoding mp4
Currently working on: /nancy/projects/reward_competition_ephys_analysis_with_omission_and_divider_controls/data/good/20221215_145401_comp_amd_om_6_1_and_6_3.rec/20221215_145401_comp_amd_om_6_1_and_6_3.1.h264
Directory: /nancy/projects/reward_competition_ephys_analysis_with_omission_and_divider_controls/data/good/20221215_145401_comp_amd_om_6_1_and_6_3.rec
File Name: 20221215_145401_comp_amd_om_6_1_and_6_3.1.h264
Base Name: 20221215_145401_comp_amd_om_6_1_and_6_3.1
Converting h264 to mp4
Reencoding mp4
All Done!
